<?xml version="1.0" encoding="UTF-8"?>
<alr:test-suite xmlns:alr="urn:model.allure.qatools.yandex.ru" start="1560853673927" stop="1560853682593" version="1.4.0">
  <name>Magento\Test\Integrity\Di\CompilerTest</name>
  <test-cases>
    <test-case start="1560853673927" stop="1560853674175" status="passed">
      <name>testConfigurationOfInstanceParameters</name>
      <failure>
        <message>MAGETWO-43654: The build is running from vendor/magento. DependencyTest is skipped.</message>
        <stack-trace>#0 /var/www/html/technotrends/dev/tests/static/testsuite/Magento/Test/Integrity/DependencyTest.php(182): PHPUnit\Framework\Assert::markTestSkipped('MAGETWO-43654: ...')
#1 /var/www/html/technotrends/vendor/phpunit/phpunit/src/Framework/TestSuite.php(702): Magento\Test\Integrity\DependencyTest::setUpBeforeClass()
#2 /var/www/html/technotrends/vendor/phpunit/phpunit/src/Framework/TestSuite.php(755): PHPUnit\Framework\TestSuite-&gt;run(Object(PHPUnit\Framework\TestResult))
#3 /var/www/html/technotrends/vendor/phpunit/phpunit/src/Framework/TestSuite.php(755): PHPUnit\Framework\TestSuite-&gt;run(Object(PHPUnit\Framework\TestResult))
#4 /var/www/html/technotrends/vendor/phpunit/phpunit/src/TextUI/TestRunner.php(545): PHPUnit\Framework\TestSuite-&gt;run(Object(PHPUnit\Framework\TestResult))
#5 /var/www/html/technotrends/vendor/phpunit/phpunit/src/TextUI/Command.php(195): PHPUnit\TextUI\TestRunner-&gt;doRun(Object(PHPUnit\Framework\TestSuite), Array, true)
#6 /var/www/html/technotrends/vendor/phpunit/phpunit/src/TextUI/Command.php(148): PHPUnit\TextUI\Command-&gt;run(Array, true)
#7 /var/www/html/technotrends/vendor/phpunit/phpunit/phpunit(53): PHPUnit\TextUI\Command::main()
#8 {main}</stack-trace>
      </failure>
    </test-case>
    <test-case start="1560853674175" stop="1560853680501" status="passed">
      <name>testConstructorIntegrity</name>
    </test-case>
    <test-case start="1560853680501" stop="1560853682593" status="failed">
      <name>testPluginInterfaces</name>
      <failure>
        <message>Passed: 497, Failed: 2, Incomplete: 0, Skipped: 0.
Data set: array (
  'plugin' =&gt; 'Amazon\\Payment\\Plugin\\AdditionalInformation',
  'intercepted type' =&gt; 'Magento\\Quote\\Api\\Data\\PaymentInterface',
)
Incorrect interface in \Amazon\Payment\Plugin\AdditionalInformation. There is no method [ getAdditionalInformation ] in \Magento\Quote\Api\Data\PaymentInterface interface
/var/www/html/technotrends/dev/tests/static/testsuite/Magento/Test/Integrity/Di/CompilerTest.php:385
/var/www/html/technotrends/dev/tests/static/testsuite/Magento/Test/Integrity/Di/CompilerTest.php:365
/var/www/html/technotrends/vendor/magento/framework/App/Utility/AggregateInvoker.php:56
/var/www/html/technotrends/dev/tests/static/testsuite/Magento/Test/Integrity/Di/CompilerTest.php:367

Data set: array (
  'plugin' =&gt; 'Klarna\\Kp\\Plugin\\Checkout\\Block\\OnepagePlugin',
  'intercepted type' =&gt; 'Magento\\Checkout\\Block\\Onepage',
)
Invalid [] $ type in \Klarna\Kp\Plugin\Checkout\Block\OnepagePlugin::beforeGetJsLayout. It must be compatible with \Magento\Checkout\Block\Onepage
/var/www/html/technotrends/dev/tests/static/testsuite/Magento/Test/Integrity/Di/CompilerTest.php:385
/var/www/html/technotrends/dev/tests/static/testsuite/Magento/Test/Integrity/Di/CompilerTest.php:365
/var/www/html/technotrends/vendor/magento/framework/App/Utility/AggregateInvoker.php:56
/var/www/html/technotrends/dev/tests/static/testsuite/Magento/Test/Integrity/Di/CompilerTest.php:367
</message>
        <stack-trace>#0 /var/www/html/technotrends/vendor/magento/framework/App/Utility/AggregateInvoker.php(115): PHPUnit\Framework\Assert::fail('Passed: 497, Fa...')
#1 /var/www/html/technotrends/vendor/magento/framework/App/Utility/AggregateInvoker.php(70): Magento\Framework\App\Utility\AggregateInvoker-&gt;processResults(Array, 497)
#2 /var/www/html/technotrends/dev/tests/static/testsuite/Magento/Test/Integrity/Di/CompilerTest.php(367): Magento\Framework\App\Utility\AggregateInvoker-&gt;__invoke(Object(Closure), Array)
#3 [internal function]: Magento\Test\Integrity\Di\CompilerTest-&gt;testPluginInterfaces()
#4 /var/www/html/technotrends/vendor/phpunit/phpunit/src/Framework/TestCase.php(1071): ReflectionMethod-&gt;invokeArgs(Object(Magento\Test\Integrity\Di\CompilerTest), Array)
#5 /var/www/html/technotrends/vendor/phpunit/phpunit/src/Framework/TestCase.php(939): PHPUnit\Framework\TestCase-&gt;runTest()
#6 /var/www/html/technotrends/vendor/phpunit/phpunit/src/Framework/TestResult.php(698): PHPUnit\Framework\TestCase-&gt;runBare()
#7 /var/www/html/technotrends/vendor/phpunit/phpunit/src/Framework/TestCase.php(894): PHPUnit\Framework\TestResult-&gt;run(Object(Magento\Test\Integrity\Di\CompilerTest))
#8 /var/www/html/technotrends/vendor/phpunit/phpunit/src/Framework/TestSuite.php(755): PHPUnit\Framework\TestCase-&gt;run(Object(PHPUnit\Framework\TestResult))
#9 /var/www/html/technotrends/vendor/phpunit/phpunit/src/Framework/TestSuite.php(755): PHPUnit\Framework\TestSuite-&gt;run(Object(PHPUnit\Framework\TestResult))
#10 /var/www/html/technotrends/vendor/phpunit/phpunit/src/Framework/TestSuite.php(755): PHPUnit\Framework\TestSuite-&gt;run(Object(PHPUnit\Framework\TestResult))
#11 /var/www/html/technotrends/vendor/phpunit/phpunit/src/TextUI/TestRunner.php(545): PHPUnit\Framework\TestSuite-&gt;run(Object(PHPUnit\Framework\TestResult))
#12 /var/www/html/technotrends/vendor/phpunit/phpunit/src/TextUI/Command.php(195): PHPUnit\TextUI\TestRunner-&gt;doRun(Object(PHPUnit\Framework\TestSuite), Array, true)
#13 /var/www/html/technotrends/vendor/phpunit/phpunit/src/TextUI/Command.php(148): PHPUnit\TextUI\Command-&gt;run(Array, true)
#14 /var/www/html/technotrends/vendor/phpunit/phpunit/phpunit(53): PHPUnit\TextUI\Command::main()
#15 {main}</stack-trace>
      </failure>
    </test-case>
  </test-cases>
</alr:test-suite>
