<?xml version="1.0" encoding="UTF-8"?>
<alr:test-suite xmlns:alr="urn:model.allure.qatools.yandex.ru" start="1560853696107" stop="1560853696128" version="1.4.0">
  <name>Magento\Test\Integrity\Magento\Persistent\ConfigTest</name>
  <test-cases>
    <test-case start="1560853696107" stop="1560853696107" status="canceled">
      <name>testFileSchemaUsingInvalidXml</name>
      <failure>
        <message>persistent.xml does not have a partial schema</message>
        <stack-trace>#0 /var/www/html/technotrends/dev/tests/static/testsuite/Magento/Test/Integrity/Magento/Persistent/ConfigTest.php(88): PHPUnit\Framework\Assert::markTestSkipped('persistent.xml ...')
#1 [internal function]: Magento\Test\Integrity\Magento\Persistent\ConfigTest-&gt;testFileSchemaUsingInvalidXml()
#2 /var/www/html/technotrends/vendor/phpunit/phpunit/src/Framework/TestCase.php(1071): ReflectionMethod-&gt;invokeArgs(Object(Magento\Test\Integrity\Magento\Persistent\ConfigTest), Array)
#3 /var/www/html/technotrends/vendor/phpunit/phpunit/src/Framework/TestCase.php(939): PHPUnit\Framework\TestCase-&gt;runTest()
#4 /var/www/html/technotrends/vendor/phpunit/phpunit/src/Framework/TestResult.php(698): PHPUnit\Framework\TestCase-&gt;runBare()
#5 /var/www/html/technotrends/vendor/phpunit/phpunit/src/Framework/TestCase.php(894): PHPUnit\Framework\TestResult-&gt;run(Object(Magento\Test\Integrity\Magento\Persistent\ConfigTest))
#6 /var/www/html/technotrends/vendor/phpunit/phpunit/src/Framework/TestSuite.php(755): PHPUnit\Framework\TestCase-&gt;run(Object(PHPUnit\Framework\TestResult))
#7 /var/www/html/technotrends/vendor/phpunit/phpunit/src/Framework/TestSuite.php(755): PHPUnit\Framework\TestSuite-&gt;run(Object(PHPUnit\Framework\TestResult))
#8 /var/www/html/technotrends/vendor/phpunit/phpunit/src/Framework/TestSuite.php(755): PHPUnit\Framework\TestSuite-&gt;run(Object(PHPUnit\Framework\TestResult))
#9 /var/www/html/technotrends/vendor/phpunit/phpunit/src/TextUI/TestRunner.php(545): PHPUnit\Framework\TestSuite-&gt;run(Object(PHPUnit\Framework\TestResult))
#10 /var/www/html/technotrends/vendor/phpunit/phpunit/src/TextUI/Command.php(195): PHPUnit\TextUI\TestRunner-&gt;doRun(Object(PHPUnit\Framework\TestSuite), Array, true)
#11 /var/www/html/technotrends/vendor/phpunit/phpunit/src/TextUI/Command.php(148): PHPUnit\TextUI\Command-&gt;run(Array, true)
#12 /var/www/html/technotrends/vendor/phpunit/phpunit/phpunit(53): PHPUnit\TextUI\Command::main()
#13 {main}</stack-trace>
      </failure>
    </test-case>
    <test-case start="1560853696107" stop="1560853696107" status="canceled">
      <name>testSchemaUsingPartialXml</name>
      <failure>
        <message>persistent.xml does not have a partial schema</message>
        <stack-trace>#0 /var/www/html/technotrends/dev/tests/static/testsuite/Magento/Test/Integrity/Magento/Persistent/ConfigTest.php(93): PHPUnit\Framework\Assert::markTestSkipped('persistent.xml ...')
#1 [internal function]: Magento\Test\Integrity\Magento\Persistent\ConfigTest-&gt;testSchemaUsingPartialXml()
#2 /var/www/html/technotrends/vendor/phpunit/phpunit/src/Framework/TestCase.php(1071): ReflectionMethod-&gt;invokeArgs(Object(Magento\Test\Integrity\Magento\Persistent\ConfigTest), Array)
#3 /var/www/html/technotrends/vendor/phpunit/phpunit/src/Framework/TestCase.php(939): PHPUnit\Framework\TestCase-&gt;runTest()
#4 /var/www/html/technotrends/vendor/phpunit/phpunit/src/Framework/TestResult.php(698): PHPUnit\Framework\TestCase-&gt;runBare()
#5 /var/www/html/technotrends/vendor/phpunit/phpunit/src/Framework/TestCase.php(894): PHPUnit\Framework\TestResult-&gt;run(Object(Magento\Test\Integrity\Magento\Persistent\ConfigTest))
#6 /var/www/html/technotrends/vendor/phpunit/phpunit/src/Framework/TestSuite.php(755): PHPUnit\Framework\TestCase-&gt;run(Object(PHPUnit\Framework\TestResult))
#7 /var/www/html/technotrends/vendor/phpunit/phpunit/src/Framework/TestSuite.php(755): PHPUnit\Framework\TestSuite-&gt;run(Object(PHPUnit\Framework\TestResult))
#8 /var/www/html/technotrends/vendor/phpunit/phpunit/src/Framework/TestSuite.php(755): PHPUnit\Framework\TestSuite-&gt;run(Object(PHPUnit\Framework\TestResult))
#9 /var/www/html/technotrends/vendor/phpunit/phpunit/src/TextUI/TestRunner.php(545): PHPUnit\Framework\TestSuite-&gt;run(Object(PHPUnit\Framework\TestResult))
#10 /var/www/html/technotrends/vendor/phpunit/phpunit/src/TextUI/Command.php(195): PHPUnit\TextUI\TestRunner-&gt;doRun(Object(PHPUnit\Framework\TestSuite), Array, true)
#11 /var/www/html/technotrends/vendor/phpunit/phpunit/src/TextUI/Command.php(148): PHPUnit\TextUI\Command-&gt;run(Array, true)
#12 /var/www/html/technotrends/vendor/phpunit/phpunit/phpunit(53): PHPUnit\TextUI\Command::main()
#13 {main}</stack-trace>
      </failure>
    </test-case>
    <test-case start="1560853696107" stop="1560853696107" status="canceled">
      <name>testFileSchemaUsingPartialXml</name>
      <failure>
        <message>persistent.xml does not have a partial schema</message>
        <stack-trace>#0 /var/www/html/technotrends/dev/tests/static/testsuite/Magento/Test/Integrity/Magento/Persistent/ConfigTest.php(98): PHPUnit\Framework\Assert::markTestSkipped('persistent.xml ...')
#1 [internal function]: Magento\Test\Integrity\Magento\Persistent\ConfigTest-&gt;testFileSchemaUsingPartialXml()
#2 /var/www/html/technotrends/vendor/phpunit/phpunit/src/Framework/TestCase.php(1071): ReflectionMethod-&gt;invokeArgs(Object(Magento\Test\Integrity\Magento\Persistent\ConfigTest), Array)
#3 /var/www/html/technotrends/vendor/phpunit/phpunit/src/Framework/TestCase.php(939): PHPUnit\Framework\TestCase-&gt;runTest()
#4 /var/www/html/technotrends/vendor/phpunit/phpunit/src/Framework/TestResult.php(698): PHPUnit\Framework\TestCase-&gt;runBare()
#5 /var/www/html/technotrends/vendor/phpunit/phpunit/src/Framework/TestCase.php(894): PHPUnit\Framework\TestResult-&gt;run(Object(Magento\Test\Integrity\Magento\Persistent\ConfigTest))
#6 /var/www/html/technotrends/vendor/phpunit/phpunit/src/Framework/TestSuite.php(755): PHPUnit\Framework\TestCase-&gt;run(Object(PHPUnit\Framework\TestResult))
#7 /var/www/html/technotrends/vendor/phpunit/phpunit/src/Framework/TestSuite.php(755): PHPUnit\Framework\TestSuite-&gt;run(Object(PHPUnit\Framework\TestResult))
#8 /var/www/html/technotrends/vendor/phpunit/phpunit/src/Framework/TestSuite.php(755): PHPUnit\Framework\TestSuite-&gt;run(Object(PHPUnit\Framework\TestResult))
#9 /var/www/html/technotrends/vendor/phpunit/phpunit/src/TextUI/TestRunner.php(545): PHPUnit\Framework\TestSuite-&gt;run(Object(PHPUnit\Framework\TestResult))
#10 /var/www/html/technotrends/vendor/phpunit/phpunit/src/TextUI/Command.php(195): PHPUnit\TextUI\TestRunner-&gt;doRun(Object(PHPUnit\Framework\TestSuite), Array, true)
#11 /var/www/html/technotrends/vendor/phpunit/phpunit/src/TextUI/Command.php(148): PHPUnit\TextUI\Command-&gt;run(Array, true)
#12 /var/www/html/technotrends/vendor/phpunit/phpunit/phpunit(53): PHPUnit\TextUI\Command::main()
#13 {main}</stack-trace>
      </failure>
    </test-case>
    <test-case start="1560853696107" stop="1560853696114" status="passed">
      <name>testSchemaUsingInvalidXml</name>
    </test-case>
    <test-case start="1560853696115" stop="1560853696120" status="passed">
      <name>testXmlFiles</name>
    </test-case>
    <test-case start="1560853696120" stop="1560853696128" status="passed">
      <name>testSchemaUsingValidXml</name>
    </test-case>
  </test-cases>
</alr:test-suite>
