<?xml version="1.0" encoding="UTF-8"?>
<alr:test-suite xmlns:alr="urn:model.allure.qatools.yandex.ru" start="1560853725047" stop="1560853735513" version="1.4.0">
  <name>Magento\Test\Integrity\Xml\SchemaTest</name>
  <test-cases>
    <test-case start="1560853725047" stop="1560853735513" status="failed">
      <name>testXmlFiles</name>
      <failure>
        <message>Passed: 2697, Failed: 31, Incomplete: 0, Skipped: 0.
Data set: /vendor/msp/twofactorauth/etc/adminhtml/di.xml
Error validating /var/www/html/technotrends/vendor/msp/twofactorauth/etc/adminhtml/di.xml against urn:magento:framework:Event/etc/events.xsd
Array
(
    [0] =&gt; Element 'type': This element is not expected. Expected is ( event ).
Line: 25

)

Failed asserting that an array is empty.
/var/www/html/technotrends/dev/tests/static/testsuite/Magento/Test/Integrity/Xml/SchemaTest.php:45
/var/www/html/technotrends/vendor/magento/framework/App/Utility/AggregateInvoker.php:56
/var/www/html/technotrends/dev/tests/static/testsuite/Magento/Test/Integrity/Xml/SchemaTest.php:48

Data set: /app/code/Mageplaza/BannerSlider/view/adminhtml/layout/mpbannerslider_slider_banners.xml
Error validating /var/www/html/technotrends/app/code/Mageplaza/BannerSlider/view/adminhtml/layout/mpbannerslider_slider_banners.xml against urn:magento:framework:View/Layout/etc/page_configuration.xsd
Array
(
    [0] =&gt; Element 'layout': No matching global declaration available for the validation root.
Line: 23

)

Failed asserting that an array is empty.
/var/www/html/technotrends/dev/tests/static/testsuite/Magento/Test/Integrity/Xml/SchemaTest.php:45
/var/www/html/technotrends/vendor/magento/framework/App/Utility/AggregateInvoker.php:56
/var/www/html/technotrends/dev/tests/static/testsuite/Magento/Test/Integrity/Xml/SchemaTest.php:48

Data set: /app/code/Mageplaza/BannerSlider/view/adminhtml/layout/mpbannerslider_slider_bannersgrid.xml
Error validating /var/www/html/technotrends/app/code/Mageplaza/BannerSlider/view/adminhtml/layout/mpbannerslider_slider_bannersgrid.xml against urn:magento:framework:View/Layout/etc/page_configuration.xsd
Array
(
    [0] =&gt; Element 'layout': No matching global declaration available for the validation root.
Line: 23

)

Failed asserting that an array is empty.
/var/www/html/technotrends/dev/tests/static/testsuite/Magento/Test/Integrity/Xml/SchemaTest.php:45
/var/www/html/technotrends/vendor/magento/framework/App/Utility/AggregateInvoker.php:56
/var/www/html/technotrends/dev/tests/static/testsuite/Magento/Test/Integrity/Xml/SchemaTest.php:48

Data set: /app/code/Mageplaza/BannerSlider/etc/di.xml
Error validating /var/www/html/technotrends/app/code/Mageplaza/BannerSlider/etc/di.xml against urn:magento:framework:ObjectManager/etc/config.xsd
Array
(
    [0] =&gt; Element 'type': Duplicate key-sequence ['Magento\Framework\View\Element\UiComponent\DataProvider\CollectionFactory'] in unique identity-constraint 'uniqueType'.
Line: 31

)

Failed asserting that an array is empty.
/var/www/html/technotrends/dev/tests/static/testsuite/Magento/Test/Integrity/Xml/SchemaTest.php:45
/var/www/html/technotrends/vendor/magento/framework/App/Utility/AggregateInvoker.php:56
/var/www/html/technotrends/dev/tests/static/testsuite/Magento/Test/Integrity/Xml/SchemaTest.php:48

Data set: /app/code/Magestudy/Widget/etc/widget.xml
Error validating /var/www/html/technotrends/app/code/Magestudy/Widget/etc/widget.xml against urn:magento:helloworld:Magento_Widget:etc/widget.xsd
Array
(
    [0] =&gt; Magento\Framework\Exception\NotFoundException: Unsupported format of schema location: 'urn:magento:helloworld:Magento_Widget:etc/widget.xsd' in /var/www/html/technotrends/vendor/magento/framework/Config/Dom/UrnResolver.php:55
Stack trace:
#0 /var/www/html/technotrends/vendor/magento/framework/Config/Dom.php(312): Magento\Framework\Config\Dom\UrnResolver-&gt;getRealPath('urn:magento:hel...')
#1 /var/www/html/technotrends/dev/tests/static/testsuite/Magento/Test/Integrity/Xml/SchemaTest.php(39): Magento\Framework\Config\Dom::validateDomDocument(Object(DOMDocument), 'urn:magento:hel...')
#2 [internal function]: Magento\Test\Integrity\Xml\SchemaTest-&gt;Magento\Test\Integrity\Xml\{closure}('/var/www/html/t...')
#3 /var/www/html/technotrends/vendor/magento/framework/App/Utility/AggregateInvoker.php(56): call_user_func_array(Object(Closure), Array)
#4 /var/www/html/technotrends/dev/tests/static/testsuite/Magento/Test/Integrity/Xml/SchemaTest.php(48): Magento\Framework\App\Utility\AggregateInvoker-&gt;__invoke(Object(Closure), Array)
#5 [internal function]: Magento\Test\Integrity\Xml\SchemaTest-&gt;testXmlFiles()
#6 /var/www/html/technotrends/vendor/phpunit/phpunit/src/Framework/TestCase.php(1071): ReflectionMethod-&gt;invokeArgs(Object(Magento\Test\Integrity\Xml\SchemaTest), Array)
#7 /var/www/html/technotrends/vendor/phpunit/phpunit/src/Framework/TestCase.php(939): PHPUnit\Framework\TestCase-&gt;runTest()
#8 /var/www/html/technotrends/vendor/phpunit/phpunit/src/Framework/TestResult.php(698): PHPUnit\Framework\TestCase-&gt;runBare()
#9 /var/www/html/technotrends/vendor/phpunit/phpunit/src/Framework/TestCase.php(894): PHPUnit\Framework\TestResult-&gt;run(Object(Magento\Test\Integrity\Xml\SchemaTest))
#10 /var/www/html/technotrends/vendor/phpunit/phpunit/src/Framework/TestSuite.php(755): PHPUnit\Framework\TestCase-&gt;run(Object(PHPUnit\Framework\TestResult))
#11 /var/www/html/technotrends/vendor/phpunit/phpunit/src/Framework/TestSuite.php(755): PHPUnit\Framework\TestSuite-&gt;run(Object(PHPUnit\Framework\TestResult))
#12 /var/www/html/technotrends/vendor/phpunit/phpunit/src/Framework/TestSuite.php(755): PHPUnit\Framework\TestSuite-&gt;run(Object(PHPUnit\Framework\TestResult))
#13 /var/www/html/technotrends/vendor/phpunit/phpunit/src/TextUI/TestRunner.php(545): PHPUnit\Framework\TestSuite-&gt;run(Object(PHPUnit\Framework\TestResult))
#14 /var/www/html/technotrends/vendor/phpunit/phpunit/src/TextUI/Command.php(195): PHPUnit\TextUI\TestRunner-&gt;doRun(Object(PHPUnit\Framework\TestSuite), Array, true)
#15 /var/www/html/technotrends/vendor/phpunit/phpunit/src/TextUI/Command.php(148): PHPUnit\TextUI\Command-&gt;run(Array, true)
#16 /var/www/html/technotrends/vendor/phpunit/phpunit/phpunit(53): PHPUnit\TextUI\Command::main()
#17 {main}
)

Failed asserting that an array is empty.
/var/www/html/technotrends/dev/tests/static/testsuite/Magento/Test/Integrity/Xml/SchemaTest.php:45
/var/www/html/technotrends/vendor/magento/framework/App/Utility/AggregateInvoker.php:56
/var/www/html/technotrends/dev/tests/static/testsuite/Magento/Test/Integrity/Xml/SchemaTest.php:48

Data set: /app/code/Magestudy/CustomerAccountTab/view/frontend/layout/custom_example_index.xml
The XML file at /var/www/html/technotrends/app/code/Magestudy/CustomerAccountTab/view/frontend/layout/custom_example_index.xml does not have a schema properly defined.  It should have a xsi:noNamespaceSchemaLocation attribute defined with a URN path.  E.g. xsi:noNamespaceSchemaLocation="urn:magento:framework:Relative_Path/something.xsd"
Failed asserting that 0 matches expected 2.
/var/www/html/technotrends/dev/tests/static/testsuite/Magento/Test/Integrity/Xml/SchemaTest.php:35
/var/www/html/technotrends/vendor/magento/framework/App/Utility/AggregateInvoker.php:56
/var/www/html/technotrends/dev/tests/static/testsuite/Magento/Test/Integrity/Xml/SchemaTest.php:48

Data set: /app/code/Magestudy/PaymentMethod/view/frontend/layout/checkout_index_index.xml
Error validating /var/www/html/technotrends/app/code/Magestudy/PaymentMethod/view/frontend/layout/checkout_index_index.xml against urn:magento:framework:View/Layout/etc/page_configuration.xsd
Array
(
    [0] =&gt; Element 'pagepage': No matching global declaration available for the validation root.
Line: 3

)

Failed asserting that an array is empty.
/var/www/html/technotrends/dev/tests/static/testsuite/Magento/Test/Integrity/Xml/SchemaTest.php:45
/var/www/html/technotrends/vendor/magento/framework/App/Utility/AggregateInvoker.php:56
/var/www/html/technotrends/dev/tests/static/testsuite/Magento/Test/Integrity/Xml/SchemaTest.php:48

Data set: /app/code/Magestudy/ShippingMethod/etc/adminhtml/system.xml
The XML file at /var/www/html/technotrends/app/code/Magestudy/ShippingMethod/etc/adminhtml/system.xml does not have a schema properly defined.  It should have a xsi:noNamespaceSchemaLocation attribute defined with a URN path.  E.g. xsi:noNamespaceSchemaLocation="urn:magento:framework:Relative_Path/something.xsd"
Failed asserting that 0 matches expected 2.
/var/www/html/technotrends/dev/tests/static/testsuite/Magento/Test/Integrity/Xml/SchemaTest.php:35
/var/www/html/technotrends/vendor/magento/framework/App/Utility/AggregateInvoker.php:56
/var/www/html/technotrends/dev/tests/static/testsuite/Magento/Test/Integrity/Xml/SchemaTest.php:48

Data set: /app/code/Magento/TestModuleSample/etc/module.xml
Error validating /var/www/html/technotrends/app/code/Magento/TestModuleSample/etc/module.xml against urn:magento:framework:Module/etc/module.xsd
Array
(
    [0] =&gt; Element 'module', attribute 'active': The attribute 'active' is not allowed.
Line: 9

)

Failed asserting that an array is empty.
/var/www/html/technotrends/dev/tests/static/testsuite/Magento/Test/Integrity/Xml/SchemaTest.php:45
/var/www/html/technotrends/vendor/magento/framework/App/Utility/AggregateInvoker.php:56
/var/www/html/technotrends/dev/tests/static/testsuite/Magento/Test/Integrity/Xml/SchemaTest.php:48

Data set: /app/code/Magento/TestModuleWysiwygConfig/etc/module.xml
Error validating /var/www/html/technotrends/app/code/Magento/TestModuleWysiwygConfig/etc/module.xml against urn:magento:framework:Module/etc/module.xsd
Array
(
    [0] =&gt; Element 'module', attribute 'active': The attribute 'active' is not allowed.
Line: 9

)

Failed asserting that an array is empty.
/var/www/html/technotrends/dev/tests/static/testsuite/Magento/Test/Integrity/Xml/SchemaTest.php:45
/var/www/html/technotrends/vendor/magento/framework/App/Utility/AggregateInvoker.php:56
/var/www/html/technotrends/dev/tests/static/testsuite/Magento/Test/Integrity/Xml/SchemaTest.php:48

Data set: /app/code/Magento/TestModuleDirectoryZipCodes/etc/module.xml
Error validating /var/www/html/technotrends/app/code/Magento/TestModuleDirectoryZipCodes/etc/module.xml against urn:magento:framework:Module/etc/module.xsd
Array
(
    [0] =&gt; Element 'module', attribute 'active': The attribute 'active' is not allowed.
Line: 9

)

Failed asserting that an array is empty.
/var/www/html/technotrends/dev/tests/static/testsuite/Magento/Test/Integrity/Xml/SchemaTest.php:45
/var/www/html/technotrends/vendor/magento/framework/App/Utility/AggregateInvoker.php:56
/var/www/html/technotrends/dev/tests/static/testsuite/Magento/Test/Integrity/Xml/SchemaTest.php:48

Data set: /app/code/Emizentech/Banner/view/adminhtml/layout/banner_banner_grid.xml
The XML file at /var/www/html/technotrends/app/code/Emizentech/Banner/view/adminhtml/layout/banner_banner_grid.xml does not have a schema properly defined.  It should have a xsi:noNamespaceSchemaLocation attribute defined with a URN path.  E.g. xsi:noNamespaceSchemaLocation="urn:magento:framework:Relative_Path/something.xsd"
Failed asserting that 0 matches expected 2.
/var/www/html/technotrends/dev/tests/static/testsuite/Magento/Test/Integrity/Xml/SchemaTest.php:35
/var/www/html/technotrends/vendor/magento/framework/App/Utility/AggregateInvoker.php:56
/var/www/html/technotrends/dev/tests/static/testsuite/Magento/Test/Integrity/Xml/SchemaTest.php:48

Data set: /app/code/Emizentech/Banner/view/adminhtml/layout/banner_banner_edit.xml
The XML file at /var/www/html/technotrends/app/code/Emizentech/Banner/view/adminhtml/layout/banner_banner_edit.xml does not have a schema properly defined.  It should have a xsi:noNamespaceSchemaLocation attribute defined with a URN path.  E.g. xsi:noNamespaceSchemaLocation="urn:magento:framework:Relative_Path/something.xsd"
Failed asserting that 0 matches expected 2.
/var/www/html/technotrends/dev/tests/static/testsuite/Magento/Test/Integrity/Xml/SchemaTest.php:35
/var/www/html/technotrends/vendor/magento/framework/App/Utility/AggregateInvoker.php:56
/var/www/html/technotrends/dev/tests/static/testsuite/Magento/Test/Integrity/Xml/SchemaTest.php:48

Data set: /app/code/Emizentech/Banner/view/adminhtml/layout/banner_banner_new.xml
The XML file at /var/www/html/technotrends/app/code/Emizentech/Banner/view/adminhtml/layout/banner_banner_new.xml does not have a schema properly defined.  It should have a xsi:noNamespaceSchemaLocation attribute defined with a URN path.  E.g. xsi:noNamespaceSchemaLocation="urn:magento:framework:Relative_Path/something.xsd"
Failed asserting that 0 matches expected 2.
/var/www/html/technotrends/dev/tests/static/testsuite/Magento/Test/Integrity/Xml/SchemaTest.php:35
/var/www/html/technotrends/vendor/magento/framework/App/Utility/AggregateInvoker.php:56
/var/www/html/technotrends/dev/tests/static/testsuite/Magento/Test/Integrity/Xml/SchemaTest.php:48

Data set: /app/code/Emizentech/Banner/view/adminhtml/layout/banner_banner_index.xml
The XML file at /var/www/html/technotrends/app/code/Emizentech/Banner/view/adminhtml/layout/banner_banner_index.xml does not have a schema properly defined.  It should have a xsi:noNamespaceSchemaLocation attribute defined with a URN path.  E.g. xsi:noNamespaceSchemaLocation="urn:magento:framework:Relative_Path/something.xsd"
Failed asserting that 0 matches expected 2.
/var/www/html/technotrends/dev/tests/static/testsuite/Magento/Test/Integrity/Xml/SchemaTest.php:35
/var/www/html/technotrends/vendor/magento/framework/App/Utility/AggregateInvoker.php:56
/var/www/html/technotrends/dev/tests/static/testsuite/Magento/Test/Integrity/Xml/SchemaTest.php:48

Data set: /app/code/Emizentech/Banner/etc/widget.xml
The XML file at /var/www/html/technotrends/app/code/Emizentech/Banner/etc/widget.xml does not have a schema properly defined.  It should have a xsi:noNamespaceSchemaLocation attribute defined with a URN path.  E.g. xsi:noNamespaceSchemaLocation="urn:magento:framework:Relative_Path/something.xsd"
Failed asserting that 0 matches expected 2.
/var/www/html/technotrends/dev/tests/static/testsuite/Magento/Test/Integrity/Xml/SchemaTest.php:35
/var/www/html/technotrends/vendor/magento/framework/App/Utility/AggregateInvoker.php:56
/var/www/html/technotrends/dev/tests/static/testsuite/Magento/Test/Integrity/Xml/SchemaTest.php:48

Data set: /app/code/Emizentech/Banner/etc/module.xml
The XML file at /var/www/html/technotrends/app/code/Emizentech/Banner/etc/module.xml does not have a schema properly defined.  It should have a xsi:noNamespaceSchemaLocation attribute defined with a URN path.  E.g. xsi:noNamespaceSchemaLocation="urn:magento:framework:Relative_Path/something.xsd"
Failed asserting that 0 matches expected 2.
/var/www/html/technotrends/dev/tests/static/testsuite/Magento/Test/Integrity/Xml/SchemaTest.php:35
/var/www/html/technotrends/vendor/magento/framework/App/Utility/AggregateInvoker.php:56
/var/www/html/technotrends/dev/tests/static/testsuite/Magento/Test/Integrity/Xml/SchemaTest.php:48

Data set: /app/code/Emizentech/Banner/etc/adminhtml/routes.xml
The XML file at /var/www/html/technotrends/app/code/Emizentech/Banner/etc/adminhtml/routes.xml does not have a schema properly defined.  It should have a xsi:noNamespaceSchemaLocation attribute defined with a URN path.  E.g. xsi:noNamespaceSchemaLocation="urn:magento:framework:Relative_Path/something.xsd"
Failed asserting that 0 matches expected 2.
/var/www/html/technotrends/dev/tests/static/testsuite/Magento/Test/Integrity/Xml/SchemaTest.php:35
/var/www/html/technotrends/vendor/magento/framework/App/Utility/AggregateInvoker.php:56
/var/www/html/technotrends/dev/tests/static/testsuite/Magento/Test/Integrity/Xml/SchemaTest.php:48

Data set: /app/code/Emizentech/Banner/etc/adminhtml/menu.xml
The XML file at /var/www/html/technotrends/app/code/Emizentech/Banner/etc/adminhtml/menu.xml does not have a schema properly defined.  It should have a xsi:noNamespaceSchemaLocation attribute defined with a URN path.  E.g. xsi:noNamespaceSchemaLocation="urn:magento:framework:Relative_Path/something.xsd"
Failed asserting that 0 matches expected 2.
/var/www/html/technotrends/dev/tests/static/testsuite/Magento/Test/Integrity/Xml/SchemaTest.php:35
/var/www/html/technotrends/vendor/magento/framework/App/Utility/AggregateInvoker.php:56
/var/www/html/technotrends/dev/tests/static/testsuite/Magento/Test/Integrity/Xml/SchemaTest.php:48

Data set: /app/code/Emizentech/Banner/etc/frontend/routes.xml
The XML file at /var/www/html/technotrends/app/code/Emizentech/Banner/etc/frontend/routes.xml does not have a schema properly defined.  It should have a xsi:noNamespaceSchemaLocation attribute defined with a URN path.  E.g. xsi:noNamespaceSchemaLocation="urn:magento:framework:Relative_Path/something.xsd"
Failed asserting that 0 matches expected 2.
/var/www/html/technotrends/dev/tests/static/testsuite/Magento/Test/Integrity/Xml/SchemaTest.php:35
/var/www/html/technotrends/vendor/magento/framework/App/Utility/AggregateInvoker.php:56
/var/www/html/technotrends/dev/tests/static/testsuite/Magento/Test/Integrity/Xml/SchemaTest.php:48

Data set: /app/design/frontend/TemplateMonster/framework/theme.xml
The XML file at /var/www/html/technotrends/app/design/frontend/TemplateMonster/framework/theme.xml does not have a schema properly defined.  It should have a xsi:noNamespaceSchemaLocation attribute defined with a URN path.  E.g. xsi:noNamespaceSchemaLocation="urn:magento:framework:Relative_Path/something.xsd"
Failed asserting that 0 matches expected 2.
/var/www/html/technotrends/dev/tests/static/testsuite/Magento/Test/Integrity/Xml/SchemaTest.php:35
/var/www/html/technotrends/vendor/magento/framework/App/Utility/AggregateInvoker.php:56
/var/www/html/technotrends/dev/tests/static/testsuite/Magento/Test/Integrity/Xml/SchemaTest.php:48

Data set: /app/design/frontend/TemplateMonster/framework/Magento_Checkout/layout/checkout_cart_index.xml
Error validating /var/www/html/technotrends/app/design/frontend/TemplateMonster/framework/Magento_Checkout/layout/checkout_cart_index.xml against urn:magento:framework:View/Layout/etc/page_configuration.xsd
Array
(
    [0] =&gt; Element 'container', attribute 'before': [facet 'pattern'] The value '' is not accepted by the pattern '[a-zA-Z][a-zA-Z\d\-_\.]*|-'.
Line: 12

    [1] =&gt; Element 'container', attribute 'before': '' is not a valid value of the atomic type 'elementPositionType'.
Line: 12

)

Failed asserting that an array is empty.
/var/www/html/technotrends/dev/tests/static/testsuite/Magento/Test/Integrity/Xml/SchemaTest.php:45
/var/www/html/technotrends/vendor/magento/framework/App/Utility/AggregateInvoker.php:56
/var/www/html/technotrends/dev/tests/static/testsuite/Magento/Test/Integrity/Xml/SchemaTest.php:48

Data set: /app/design/frontend/TemplateMonster/framework/Magento_Theme/layout/default.xml
The XML file at /var/www/html/technotrends/app/design/frontend/TemplateMonster/framework/Magento_Theme/layout/default.xml does not have a schema properly defined.  It should have a xsi:noNamespaceSchemaLocation attribute defined with a URN path.  E.g. xsi:noNamespaceSchemaLocation="urn:magento:framework:Relative_Path/something.xsd"
Failed asserting that 0 matches expected 2.
/var/www/html/technotrends/dev/tests/static/testsuite/Magento/Test/Integrity/Xml/SchemaTest.php:35
/var/www/html/technotrends/vendor/magento/framework/App/Utility/AggregateInvoker.php:56
/var/www/html/technotrends/dev/tests/static/testsuite/Magento/Test/Integrity/Xml/SchemaTest.php:48

Data set: /app/design/frontend/TemplateMonster/framework/Magento_Theme/layout/default_head_blocks.xml
The XML file at /var/www/html/technotrends/app/design/frontend/TemplateMonster/framework/Magento_Theme/layout/default_head_blocks.xml does not have a schema properly defined.  It should have a xsi:noNamespaceSchemaLocation attribute defined with a URN path.  E.g. xsi:noNamespaceSchemaLocation="urn:magento:framework:Relative_Path/something.xsd"
Failed asserting that 0 matches expected 2.
/var/www/html/technotrends/dev/tests/static/testsuite/Magento/Test/Integrity/Xml/SchemaTest.php:35
/var/www/html/technotrends/vendor/magento/framework/App/Utility/AggregateInvoker.php:56
/var/www/html/technotrends/dev/tests/static/testsuite/Magento/Test/Integrity/Xml/SchemaTest.php:48

Data set: /app/design/frontend/TemplateMonster/framework/layout/default.xml
The XML file at /var/www/html/technotrends/app/design/frontend/TemplateMonster/framework/layout/default.xml does not have a schema properly defined.  It should have a xsi:noNamespaceSchemaLocation attribute defined with a URN path.  E.g. xsi:noNamespaceSchemaLocation="urn:magento:framework:Relative_Path/something.xsd"
Failed asserting that 0 matches expected 2.
/var/www/html/technotrends/dev/tests/static/testsuite/Magento/Test/Integrity/Xml/SchemaTest.php:35
/var/www/html/technotrends/vendor/magento/framework/App/Utility/AggregateInvoker.php:56
/var/www/html/technotrends/dev/tests/static/testsuite/Magento/Test/Integrity/Xml/SchemaTest.php:48

Data set: /app/design/frontend/TemplateMonster/framework/Magento_Customer/layout/customer_account_login.xml
The XML file at /var/www/html/technotrends/app/design/frontend/TemplateMonster/framework/Magento_Customer/layout/customer_account_login.xml does not have a schema properly defined.  It should have a xsi:noNamespaceSchemaLocation attribute defined with a URN path.  E.g. xsi:noNamespaceSchemaLocation="urn:magento:framework:Relative_Path/something.xsd"
Failed asserting that 0 matches expected 2.
/var/www/html/technotrends/dev/tests/static/testsuite/Magento/Test/Integrity/Xml/SchemaTest.php:35
/var/www/html/technotrends/vendor/magento/framework/App/Utility/AggregateInvoker.php:56
/var/www/html/technotrends/dev/tests/static/testsuite/Magento/Test/Integrity/Xml/SchemaTest.php:48

Data set: /app/design/frontend/TemplateMonster/framework/Magento_Newsletter/layout/default.xml
The XML file at /var/www/html/technotrends/app/design/frontend/TemplateMonster/framework/Magento_Newsletter/layout/default.xml does not have a schema properly defined.  It should have a xsi:noNamespaceSchemaLocation attribute defined with a URN path.  E.g. xsi:noNamespaceSchemaLocation="urn:magento:framework:Relative_Path/something.xsd"
Failed asserting that 0 matches expected 2.
/var/www/html/technotrends/dev/tests/static/testsuite/Magento/Test/Integrity/Xml/SchemaTest.php:35
/var/www/html/technotrends/vendor/magento/framework/App/Utility/AggregateInvoker.php:56
/var/www/html/technotrends/dev/tests/static/testsuite/Magento/Test/Integrity/Xml/SchemaTest.php:48

Data set: /app/design/frontend/TemplateMonster/theme762/theme.xml
The XML file at /var/www/html/technotrends/app/design/frontend/TemplateMonster/theme762/theme.xml does not have a schema properly defined.  It should have a xsi:noNamespaceSchemaLocation attribute defined with a URN path.  E.g. xsi:noNamespaceSchemaLocation="urn:magento:framework:Relative_Path/something.xsd"
Failed asserting that 0 matches expected 2.
/var/www/html/technotrends/dev/tests/static/testsuite/Magento/Test/Integrity/Xml/SchemaTest.php:35
/var/www/html/technotrends/vendor/magento/framework/App/Utility/AggregateInvoker.php:56
/var/www/html/technotrends/dev/tests/static/testsuite/Magento/Test/Integrity/Xml/SchemaTest.php:48

Data set: /app/design/frontend/TemplateMonster/theme762/Magento_Theme/layout/default.xml
The XML file at /var/www/html/technotrends/app/design/frontend/TemplateMonster/theme762/Magento_Theme/layout/default.xml does not have a schema properly defined.  It should have a xsi:noNamespaceSchemaLocation attribute defined with a URN path.  E.g. xsi:noNamespaceSchemaLocation="urn:magento:framework:Relative_Path/something.xsd"
Failed asserting that 0 matches expected 2.
/var/www/html/technotrends/dev/tests/static/testsuite/Magento/Test/Integrity/Xml/SchemaTest.php:35
/var/www/html/technotrends/vendor/magento/framework/App/Utility/AggregateInvoker.php:56
/var/www/html/technotrends/dev/tests/static/testsuite/Magento/Test/Integrity/Xml/SchemaTest.php:48

Data set: /app/design/frontend/TemplateMonster/theme762/Magento_Theme/layout/default_head_blocks.xml
The XML file at /var/www/html/technotrends/app/design/frontend/TemplateMonster/theme762/Magento_Theme/layout/default_head_blocks.xml does not have a schema properly defined.  It should have a xsi:noNamespaceSchemaLocation attribute defined with a URN path.  E.g. xsi:noNamespaceSchemaLocation="urn:magento:framework:Relative_Path/something.xsd"
Failed asserting that 0 matches expected 2.
/var/www/html/technotrends/dev/tests/static/testsuite/Magento/Test/Integrity/Xml/SchemaTest.php:35
/var/www/html/technotrends/vendor/magento/framework/App/Utility/AggregateInvoker.php:56
/var/www/html/technotrends/dev/tests/static/testsuite/Magento/Test/Integrity/Xml/SchemaTest.php:48

Data set: /app/design/frontend/Snowdog/alpaca/Magento_Sales/layout/sales_order_info_links.xml
Error validating /var/www/html/technotrends/app/design/frontend/Snowdog/alpaca/Magento_Sales/layout/sales_order_info_links.xml against urn:magento:framework:View/Layout/etc/page_configuration.xsd
Array
(
    [0] =&gt; Element 'move': This element is not expected. Expected is one of ( html, body, head, update ).
Line: 19

)

Failed asserting that an array is empty.
/var/www/html/technotrends/dev/tests/static/testsuite/Magento/Test/Integrity/Xml/SchemaTest.php:45
/var/www/html/technotrends/vendor/magento/framework/App/Utility/AggregateInvoker.php:56
/var/www/html/technotrends/dev/tests/static/testsuite/Magento/Test/Integrity/Xml/SchemaTest.php:48
</message>
        <stack-trace>#0 /var/www/html/technotrends/vendor/magento/framework/App/Utility/AggregateInvoker.php(115): PHPUnit\Framework\Assert::fail('Passed: 2697, F...')
#1 /var/www/html/technotrends/vendor/magento/framework/App/Utility/AggregateInvoker.php(70): Magento\Framework\App\Utility\AggregateInvoker-&gt;processResults(Array, 2697)
#2 /var/www/html/technotrends/dev/tests/static/testsuite/Magento/Test/Integrity/Xml/SchemaTest.php(48): Magento\Framework\App\Utility\AggregateInvoker-&gt;__invoke(Object(Closure), Array)
#3 [internal function]: Magento\Test\Integrity\Xml\SchemaTest-&gt;testXmlFiles()
#4 /var/www/html/technotrends/vendor/phpunit/phpunit/src/Framework/TestCase.php(1071): ReflectionMethod-&gt;invokeArgs(Object(Magento\Test\Integrity\Xml\SchemaTest), Array)
#5 /var/www/html/technotrends/vendor/phpunit/phpunit/src/Framework/TestCase.php(939): PHPUnit\Framework\TestCase-&gt;runTest()
#6 /var/www/html/technotrends/vendor/phpunit/phpunit/src/Framework/TestResult.php(698): PHPUnit\Framework\TestCase-&gt;runBare()
#7 /var/www/html/technotrends/vendor/phpunit/phpunit/src/Framework/TestCase.php(894): PHPUnit\Framework\TestResult-&gt;run(Object(Magento\Test\Integrity\Xml\SchemaTest))
#8 /var/www/html/technotrends/vendor/phpunit/phpunit/src/Framework/TestSuite.php(755): PHPUnit\Framework\TestCase-&gt;run(Object(PHPUnit\Framework\TestResult))
#9 /var/www/html/technotrends/vendor/phpunit/phpunit/src/Framework/TestSuite.php(755): PHPUnit\Framework\TestSuite-&gt;run(Object(PHPUnit\Framework\TestResult))
#10 /var/www/html/technotrends/vendor/phpunit/phpunit/src/Framework/TestSuite.php(755): PHPUnit\Framework\TestSuite-&gt;run(Object(PHPUnit\Framework\TestResult))
#11 /var/www/html/technotrends/vendor/phpunit/phpunit/src/TextUI/TestRunner.php(545): PHPUnit\Framework\TestSuite-&gt;run(Object(PHPUnit\Framework\TestResult))
#12 /var/www/html/technotrends/vendor/phpunit/phpunit/src/TextUI/Command.php(195): PHPUnit\TextUI\TestRunner-&gt;doRun(Object(PHPUnit\Framework\TestSuite), Array, true)
#13 /var/www/html/technotrends/vendor/phpunit/phpunit/src/TextUI/Command.php(148): PHPUnit\TextUI\Command-&gt;run(Array, true)
#14 /var/www/html/technotrends/vendor/phpunit/phpunit/phpunit(53): PHPUnit\TextUI\Command::main()
#15 {main}</stack-trace>
      </failure>
    </test-case>
  </test-cases>
</alr:test-suite>
