<?xml version="1.0" encoding="UTF-8"?>
<alr:test-suite xmlns:alr="urn:model.allure.qatools.yandex.ru" start="1560853735518" stop="1560853736573" version="1.4.0">
  <name>Magento\Test\Php\XssPhtmlTemplateTest</name>
  <test-cases>
    <test-case start="1560853735519" stop="1560853736382" status="failed">
      <name>testXssSensitiveOutput</name>
      <failure>
        <message>Passed: 1179, Failed: 293, Incomplete: 0, Skipped: 0.
Data set: app/code/Mageplaza/BannerSlider/view/frontend/templates/bannerslider.phtml
Potentially XSS vulnerability. Please verify that output is escaped at lines 32,43,46,52,54,56,59,60,73
Failed asserting that a string is empty.
/var/www/html/technotrends/dev/tests/static/testsuite/Magento/Test/Php/XssPhtmlTemplateTest.php:46
/var/www/html/technotrends/vendor/magento/framework/App/Utility/AggregateInvoker.php:56
/var/www/html/technotrends/dev/tests/static/testsuite/Magento/Test/Php/XssPhtmlTemplateTest.php:49

Data set: app/code/Mageplaza/Core/view/adminhtml/templates/extensions.phtml
Potentially XSS vulnerability. Please verify that output is escaped at lines 28,31,32,33,34,35,44,46,48,50,53
Failed asserting that a string is empty.
/var/www/html/technotrends/dev/tests/static/testsuite/Magento/Test/Php/XssPhtmlTemplateTest.php:46
/var/www/html/technotrends/vendor/magento/framework/App/Utility/AggregateInvoker.php:56
/var/www/html/technotrends/dev/tests/static/testsuite/Magento/Test/Php/XssPhtmlTemplateTest.php:49

Data set: app/code/Mageplaza/Core/view/adminhtml/templates/system/config/button.phtml
Potentially XSS vulnerability. Please verify that output is escaped at lines 29,41,42,43,44,57,145,149
Failed asserting that a string is empty.
/var/www/html/technotrends/dev/tests/static/testsuite/Magento/Test/Php/XssPhtmlTemplateTest.php:46
/var/www/html/technotrends/vendor/magento/framework/App/Utility/AggregateInvoker.php:56
/var/www/html/technotrends/dev/tests/static/testsuite/Magento/Test/Php/XssPhtmlTemplateTest.php:49

Data set: app/code/Magestudy/Widget/view/frontend/templates/widget/sample_widget.phtml
Potentially XSS vulnerability. Please verify that output is escaped at lines 4,6,7,8
Failed asserting that a string is empty.
/var/www/html/technotrends/dev/tests/static/testsuite/Magento/Test/Php/XssPhtmlTemplateTest.php:46
/var/www/html/technotrends/vendor/magento/framework/App/Utility/AggregateInvoker.php:56
/var/www/html/technotrends/dev/tests/static/testsuite/Magento/Test/Php/XssPhtmlTemplateTest.php:49

Data set: app/code/Magestudy/SystemCustomField/view/adminhtml/templates/system_config_example.phtml
Potentially XSS vulnerability. Please verify that output is escaped at lines 11,12
Failed asserting that a string is empty.
/var/www/html/technotrends/dev/tests/static/testsuite/Magento/Test/Php/XssPhtmlTemplateTest.php:46
/var/www/html/technotrends/vendor/magento/framework/App/Utility/AggregateInvoker.php:56
/var/www/html/technotrends/dev/tests/static/testsuite/Magento/Test/Php/XssPhtmlTemplateTest.php:49

Data set: app/code/Magestudy/Customjs/view/frontend/templates/testsimple.phtml
Potentially XSS vulnerability. Please verify that output is escaped at lines 12,13,14,15
Failed asserting that a string is empty.
/var/www/html/technotrends/dev/tests/static/testsuite/Magento/Test/Php/XssPhtmlTemplateTest.php:46
/var/www/html/technotrends/vendor/magento/framework/App/Utility/AggregateInvoker.php:56
/var/www/html/technotrends/dev/tests/static/testsuite/Magento/Test/Php/XssPhtmlTemplateTest.php:49

Data set: app/code/Magestudy/CustomerAccountTab/view/frontend/templates/custom_tab_form.phtml
Potentially XSS vulnerability. Please verify that output is escaped at lines 7,10,19,28,29,37
Failed asserting that a string is empty.
/var/www/html/technotrends/dev/tests/static/testsuite/Magento/Test/Php/XssPhtmlTemplateTest.php:46
/var/www/html/technotrends/vendor/magento/framework/App/Utility/AggregateInvoker.php:56
/var/www/html/technotrends/dev/tests/static/testsuite/Magento/Test/Php/XssPhtmlTemplateTest.php:49

Data set: app/code/Magestudy/Crud/view/frontend/templates/crud_index.phtml
Potentially XSS vulnerability. Please verify that output is escaped at lines 6,7,8
Failed asserting that a string is empty.
/var/www/html/technotrends/dev/tests/static/testsuite/Magento/Test/Php/XssPhtmlTemplateTest.php:46
/var/www/html/technotrends/vendor/magento/framework/App/Utility/AggregateInvoker.php:56
/var/www/html/technotrends/dev/tests/static/testsuite/Magento/Test/Php/XssPhtmlTemplateTest.php:49

Data set: app/code/Magestudy/PaymentMethod/view/adminhtml/templates/info/example_info.phtml
Potentially XSS vulnerability. Please verify that output is escaped at lines 7
Failed asserting that a string is empty.
/var/www/html/technotrends/dev/tests/static/testsuite/Magento/Test/Php/XssPhtmlTemplateTest.php:46
/var/www/html/technotrends/vendor/magento/framework/App/Utility/AggregateInvoker.php:56
/var/www/html/technotrends/dev/tests/static/testsuite/Magento/Test/Php/XssPhtmlTemplateTest.php:49

Data set: app/code/Magestudy/PaymentMethod/view/frontend/templates/info/example_info.phtml
Potentially XSS vulnerability. Please verify that output is escaped at lines 9
Failed asserting that a string is empty.
/var/www/html/technotrends/dev/tests/static/testsuite/Magento/Test/Php/XssPhtmlTemplateTest.php:46
/var/www/html/technotrends/vendor/magento/framework/App/Utility/AggregateInvoker.php:56
/var/www/html/technotrends/dev/tests/static/testsuite/Magento/Test/Php/XssPhtmlTemplateTest.php:49

Data set: app/code/Magestudy/Page/view/frontend/templates/testindex.phtml
Potentially XSS vulnerability. Please verify that output is escaped at lines 4
Failed asserting that a string is empty.
/var/www/html/technotrends/dev/tests/static/testsuite/Magento/Test/Php/XssPhtmlTemplateTest.php:46
/var/www/html/technotrends/vendor/magento/framework/App/Utility/AggregateInvoker.php:56
/var/www/html/technotrends/dev/tests/static/testsuite/Magento/Test/Php/XssPhtmlTemplateTest.php:49

Data set: app/code/Technotrends/PopularBrands/view/frontend/templates/widget/popular_brands.phtml
Potentially XSS vulnerability. Please verify that output is escaped at lines 5
Failed asserting that a string is empty.
/var/www/html/technotrends/dev/tests/static/testsuite/Magento/Test/Php/XssPhtmlTemplateTest.php:46
/var/www/html/technotrends/vendor/magento/framework/App/Utility/AggregateInvoker.php:56
/var/www/html/technotrends/dev/tests/static/testsuite/Magento/Test/Php/XssPhtmlTemplateTest.php:49

Data set: app/code/Emizentech/Banner/view/adminhtml/templates/banner/grid/massaction_extended.phtml
Potentially XSS vulnerability. Please verify that output is escaped at lines 17,19,21,35,44,48,51,55,58,62,74,77,81,84,92
Failed asserting that a string is empty.
/var/www/html/technotrends/dev/tests/static/testsuite/Magento/Test/Php/XssPhtmlTemplateTest.php:46
/var/www/html/technotrends/vendor/magento/framework/App/Utility/AggregateInvoker.php:56
/var/www/html/technotrends/dev/tests/static/testsuite/Magento/Test/Php/XssPhtmlTemplateTest.php:49

Data set: app/code/Emizentech/Banner/view/frontend/templates/widget/bannerslider.phtml
Potentially XSS vulnerability. Please verify that output is escaped at lines 11,12,23
Failed asserting that a string is empty.
/var/www/html/technotrends/dev/tests/static/testsuite/Magento/Test/Php/XssPhtmlTemplateTest.php:46
/var/www/html/technotrends/vendor/magento/framework/App/Utility/AggregateInvoker.php:56
/var/www/html/technotrends/dev/tests/static/testsuite/Magento/Test/Php/XssPhtmlTemplateTest.php:49

Data set: app/code/Snowdog/Menu/view/frontend/templates/menu.phtml
Potentially XSS vulnerability. Please verify that output is escaped at lines 5,6,7,11,12,22,23,24,28
Failed asserting that a string is empty.
/var/www/html/technotrends/dev/tests/static/testsuite/Magento/Test/Php/XssPhtmlTemplateTest.php:46
/var/www/html/technotrends/vendor/magento/framework/App/Utility/AggregateInvoker.php:56
/var/www/html/technotrends/dev/tests/static/testsuite/Magento/Test/Php/XssPhtmlTemplateTest.php:49

Data set: app/code/Snowdog/Menu/view/adminhtml/templates/menu/nodes.phtml
Potentially XSS vulnerability. Please verify that output is escaped at lines 48,50,51,53,54,55,56,57,58,59,60,61,62,63,64,65,66,67,68,69,70,71,72,73,74,75
Failed asserting that a string is empty.
/var/www/html/technotrends/dev/tests/static/testsuite/Magento/Test/Php/XssPhtmlTemplateTest.php:46
/var/www/html/technotrends/vendor/magento/framework/App/Utility/AggregateInvoker.php:56
/var/www/html/technotrends/dev/tests/static/testsuite/Magento/Test/Php/XssPhtmlTemplateTest.php:49

Data set: app/code/Snowdog/Menu/view/frontend/templates/menu/sub_menu.phtml
Potentially XSS vulnerability. Please verify that output is escaped at lines 16,27,28,52,53,54
Failed asserting that a string is empty.
/var/www/html/technotrends/dev/tests/static/testsuite/Magento/Test/Php/XssPhtmlTemplateTest.php:46
/var/www/html/technotrends/vendor/magento/framework/App/Utility/AggregateInvoker.php:56
/var/www/html/technotrends/dev/tests/static/testsuite/Magento/Test/Php/XssPhtmlTemplateTest.php:49

Data set: app/code/Snowdog/Menu/view/frontend/templates/menu/node_type/category.phtml
Potentially XSS vulnerability. Please verify that output is escaped at lines 25,26,28
Failed asserting that a string is empty.
/var/www/html/technotrends/dev/tests/static/testsuite/Magento/Test/Php/XssPhtmlTemplateTest.php:46
/var/www/html/technotrends/vendor/magento/framework/App/Utility/AggregateInvoker.php:56
/var/www/html/technotrends/dev/tests/static/testsuite/Magento/Test/Php/XssPhtmlTemplateTest.php:49

Data set: app/code/Snowdog/Menu/view/frontend/templates/menu/node_type/product.phtml
Potentially XSS vulnerability. Please verify that output is escaped at lines 24,25,27
Failed asserting that a string is empty.
/var/www/html/technotrends/dev/tests/static/testsuite/Magento/Test/Php/XssPhtmlTemplateTest.php:46
/var/www/html/technotrends/vendor/magento/framework/App/Utility/AggregateInvoker.php:56
/var/www/html/technotrends/dev/tests/static/testsuite/Magento/Test/Php/XssPhtmlTemplateTest.php:49

Data set: app/code/Snowdog/Menu/view/frontend/templates/menu/node_type/custom_url.phtml
Potentially XSS vulnerability. Please verify that output is escaped at lines 21,22
Failed asserting that a string is empty.
/var/www/html/technotrends/dev/tests/static/testsuite/Magento/Test/Php/XssPhtmlTemplateTest.php:46
/var/www/html/technotrends/vendor/magento/framework/App/Utility/AggregateInvoker.php:56
/var/www/html/technotrends/dev/tests/static/testsuite/Magento/Test/Php/XssPhtmlTemplateTest.php:49

Data set: app/code/Snowdog/Menu/view/frontend/templates/menu/node_type/cms_page.phtml
Potentially XSS vulnerability. Please verify that output is escaped at lines 25,26,28
Failed asserting that a string is empty.
/var/www/html/technotrends/dev/tests/static/testsuite/Magento/Test/Php/XssPhtmlTemplateTest.php:46
/var/www/html/technotrends/vendor/magento/framework/App/Utility/AggregateInvoker.php:56
/var/www/html/technotrends/dev/tests/static/testsuite/Magento/Test/Php/XssPhtmlTemplateTest.php:49

Data set: app/design/frontend/TemplateMonster/framework/Magento_Directory/templates/currency.phtml
Potentially XSS vulnerability. Please verify that output is escaped at lines 21,22,24,30,31,38,39
Failed asserting that a string is empty.
/var/www/html/technotrends/dev/tests/static/testsuite/Magento/Test/Php/XssPhtmlTemplateTest.php:46
/var/www/html/technotrends/vendor/magento/framework/App/Utility/AggregateInvoker.php:56
/var/www/html/technotrends/dev/tests/static/testsuite/Magento/Test/Php/XssPhtmlTemplateTest.php:49

Data set: app/design/frontend/TemplateMonster/framework/Magento_Directory/templates/currency_mobile.phtml
Potentially XSS vulnerability. Please verify that output is escaped at lines 21,22,24,30,31,38,39
Failed asserting that a string is empty.
/var/www/html/technotrends/dev/tests/static/testsuite/Magento/Test/Php/XssPhtmlTemplateTest.php:46
/var/www/html/technotrends/vendor/magento/framework/App/Utility/AggregateInvoker.php:56
/var/www/html/technotrends/dev/tests/static/testsuite/Magento/Test/Php/XssPhtmlTemplateTest.php:49

Data set: app/design/frontend/TemplateMonster/framework/Magento_Customer/templates/newcustomer.phtml
Potentially XSS vulnerability. Please verify that output is escaped at lines 20,24,27
Failed asserting that a string is empty.
/var/www/html/technotrends/dev/tests/static/testsuite/Magento/Test/Php/XssPhtmlTemplateTest.php:46
/var/www/html/technotrends/vendor/magento/framework/App/Utility/AggregateInvoker.php:56
/var/www/html/technotrends/dev/tests/static/testsuite/Magento/Test/Php/XssPhtmlTemplateTest.php:49

Data set: app/design/frontend/TemplateMonster/framework/Magento_Search/templates/form.mini.phtml
Potentially XSS vulnerability. Please verify that output is escaped at lines 14,16,19,25,29,30,31,33,46
Failed asserting that a string is empty.
/var/www/html/technotrends/dev/tests/static/testsuite/Magento/Test/Php/XssPhtmlTemplateTest.php:46
/var/www/html/technotrends/vendor/magento/framework/App/Utility/AggregateInvoker.php:56
/var/www/html/technotrends/dev/tests/static/testsuite/Magento/Test/Php/XssPhtmlTemplateTest.php:49

Data set: app/design/frontend/TemplateMonster/framework/Magento_Review/templates/form.phtml
Potentially XSS vulnerability. Please verify that output is escaped at lines 51
Failed asserting that a string is empty.
/var/www/html/technotrends/dev/tests/static/testsuite/Magento/Test/Php/XssPhtmlTemplateTest.php:46
/var/www/html/technotrends/vendor/magento/framework/App/Utility/AggregateInvoker.php:56
/var/www/html/technotrends/dev/tests/static/testsuite/Magento/Test/Php/XssPhtmlTemplateTest.php:49

Data set: app/design/frontend/TemplateMonster/framework/Magento_Theme/templates/html/topmenu.phtml
Potentially XSS vulnerability. Please verify that output is escaped at lines 31
Failed asserting that a string is empty.
/var/www/html/technotrends/dev/tests/static/testsuite/Magento/Test/Php/XssPhtmlTemplateTest.php:46
/var/www/html/technotrends/vendor/magento/framework/App/Utility/AggregateInvoker.php:56
/var/www/html/technotrends/dev/tests/static/testsuite/Magento/Test/Php/XssPhtmlTemplateTest.php:49

Data set: app/design/frontend/TemplateMonster/framework/Magento_Theme/templates/html/sections.phtml
Potentially XSS vulnerability. Please verify that output is escaped at lines 21,23,33,34,36
Failed asserting that a string is empty.
/var/www/html/technotrends/dev/tests/static/testsuite/Magento/Test/Php/XssPhtmlTemplateTest.php:46
/var/www/html/technotrends/vendor/magento/framework/App/Utility/AggregateInvoker.php:56
/var/www/html/technotrends/dev/tests/static/testsuite/Magento/Test/Php/XssPhtmlTemplateTest.php:49

Data set: app/design/frontend/TemplateMonster/framework/Magento_Theme/templates/html/title.phtml
Potentially XSS vulnerability. Please verify that output is escaped at lines 20,23,25,27
Failed asserting that a string is empty.
/var/www/html/technotrends/dev/tests/static/testsuite/Magento/Test/Php/XssPhtmlTemplateTest.php:46
/var/www/html/technotrends/vendor/magento/framework/App/Utility/AggregateInvoker.php:56
/var/www/html/technotrends/dev/tests/static/testsuite/Magento/Test/Php/XssPhtmlTemplateTest.php:49

Data set: app/design/frontend/TemplateMonster/framework/Magento_Theme/templates/html/breadcrumbs.phtml
Potentially XSS vulnerability. Please verify that output is escaped at lines 15,17
Failed asserting that a string is empty.
/var/www/html/technotrends/dev/tests/static/testsuite/Magento/Test/Php/XssPhtmlTemplateTest.php:46
/var/www/html/technotrends/vendor/magento/framework/App/Utility/AggregateInvoker.php:56
/var/www/html/technotrends/dev/tests/static/testsuite/Magento/Test/Php/XssPhtmlTemplateTest.php:49

Data set: app/design/frontend/TemplateMonster/framework/Magento_Theme/templates/html/header/logo.phtml
Potentially XSS vulnerability. Please verify that output is escaped at lines 17,19,20
Failed asserting that a string is empty.
/var/www/html/technotrends/dev/tests/static/testsuite/Magento/Test/Php/XssPhtmlTemplateTest.php:46
/var/www/html/technotrends/vendor/magento/framework/App/Utility/AggregateInvoker.php:56
/var/www/html/technotrends/dev/tests/static/testsuite/Magento/Test/Php/XssPhtmlTemplateTest.php:49

Data set: app/design/frontend/TemplateMonster/framework/Magento_Bundle/templates/catalog/product/view/type/bundle/option/checkbox.phtml
Potentially XSS vulnerability. Please verify that output is escaped at lines 32
Failed asserting that a string is empty.
/var/www/html/technotrends/dev/tests/static/testsuite/Magento/Test/Php/XssPhtmlTemplateTest.php:46
/var/www/html/technotrends/vendor/magento/framework/App/Utility/AggregateInvoker.php:56
/var/www/html/technotrends/dev/tests/static/testsuite/Magento/Test/Php/XssPhtmlTemplateTest.php:49

Data set: app/design/frontend/TemplateMonster/framework/Magento_Customer/templates/form/login.phtml
Potentially XSS vulnerability. Please verify that output is escaped at lines 21,26,31,32,34,38,43,46,52,55,56
Failed asserting that a string is empty.
/var/www/html/technotrends/dev/tests/static/testsuite/Magento/Test/Php/XssPhtmlTemplateTest.php:46
/var/www/html/technotrends/vendor/magento/framework/App/Utility/AggregateInvoker.php:56
/var/www/html/technotrends/dev/tests/static/testsuite/Magento/Test/Php/XssPhtmlTemplateTest.php:49

Data set: app/design/frontend/TemplateMonster/framework/Magento_Customer/templates/account/navigation.phtml
Potentially XSS vulnerability. Please verify that output is escaped at lines 11
Failed asserting that a string is empty.
/var/www/html/technotrends/dev/tests/static/testsuite/Magento/Test/Php/XssPhtmlTemplateTest.php:46
/var/www/html/technotrends/vendor/magento/framework/App/Utility/AggregateInvoker.php:56
/var/www/html/technotrends/dev/tests/static/testsuite/Magento/Test/Php/XssPhtmlTemplateTest.php:49

Data set: app/design/frontend/TemplateMonster/framework/Magento_Customer/templates/account/dashboard/info.phtml
Potentially XSS vulnerability. Please verify that output is escaped at lines 12,18,27,28,30,31,40,45,47,54,55
Failed asserting that a string is empty.
/var/www/html/technotrends/dev/tests/static/testsuite/Magento/Test/Php/XssPhtmlTemplateTest.php:46
/var/www/html/technotrends/vendor/magento/framework/App/Utility/AggregateInvoker.php:56
/var/www/html/technotrends/dev/tests/static/testsuite/Magento/Test/Php/XssPhtmlTemplateTest.php:49

Data set: app/design/frontend/TemplateMonster/framework/Magento_Customer/templates/account/dashboard/address.phtml
Potentially XSS vulnerability. Please verify that output is escaped at lines 13,14,21,29,30,38,46,47
Failed asserting that a string is empty.
/var/www/html/technotrends/dev/tests/static/testsuite/Magento/Test/Php/XssPhtmlTemplateTest.php:46
/var/www/html/technotrends/vendor/magento/framework/App/Utility/AggregateInvoker.php:56
/var/www/html/technotrends/dev/tests/static/testsuite/Magento/Test/Php/XssPhtmlTemplateTest.php:49

Data set: app/design/frontend/TemplateMonster/framework/Magento_Catalog/templates/product/list/items.phtml
Potentially XSS vulnerability. Please verify that output is escaped at lines 193
Failed asserting that a string is empty.
/var/www/html/technotrends/dev/tests/static/testsuite/Magento/Test/Php/XssPhtmlTemplateTest.php:46
/var/www/html/technotrends/vendor/magento/framework/App/Utility/AggregateInvoker.php:56
/var/www/html/technotrends/dev/tests/static/testsuite/Magento/Test/Php/XssPhtmlTemplateTest.php:49

Data set: app/design/frontend/TemplateMonster/framework/Magento_Catalog/templates/product/list/toolbar/limiter.phtml
Potentially XSS vulnerability. Please verify that output is escaped at lines 20,25,27,32
Failed asserting that a string is empty.
/var/www/html/technotrends/dev/tests/static/testsuite/Magento/Test/Php/XssPhtmlTemplateTest.php:46
/var/www/html/technotrends/vendor/magento/framework/App/Utility/AggregateInvoker.php:56
/var/www/html/technotrends/dev/tests/static/testsuite/Magento/Test/Php/XssPhtmlTemplateTest.php:49

Data set: app/design/frontend/TemplateMonster/framework/Magento_Catalog/templates/product/list/toolbar/viewmode.phtml
Potentially XSS vulnerability. Please verify that output is escaped at lines 22,25,26,27,28,31,32,35,36,37,38
Failed asserting that a string is empty.
/var/www/html/technotrends/dev/tests/static/testsuite/Magento/Test/Php/XssPhtmlTemplateTest.php:46
/var/www/html/technotrends/vendor/magento/framework/App/Utility/AggregateInvoker.php:56
/var/www/html/technotrends/dev/tests/static/testsuite/Magento/Test/Php/XssPhtmlTemplateTest.php:49

Data set: app/design/frontend/TemplateMonster/framework/Magento_Catalog/templates/product/list/toolbar/sorter.phtml
Potentially XSS vulnerability. Please verify that output is escaped at lines 19,23,34,35,38,39
Failed asserting that a string is empty.
/var/www/html/technotrends/dev/tests/static/testsuite/Magento/Test/Php/XssPhtmlTemplateTest.php:46
/var/www/html/technotrends/vendor/magento/framework/App/Utility/AggregateInvoker.php:56
/var/www/html/technotrends/dev/tests/static/testsuite/Magento/Test/Php/XssPhtmlTemplateTest.php:49

Data set: app/design/frontend/TemplateMonster/framework/Magento_Catalog/templates/product/list/toolbar/amount.phtml
Potentially XSS vulnerability. Please verify that output is escaped at lines 20,25,28
Failed asserting that a string is empty.
/var/www/html/technotrends/dev/tests/static/testsuite/Magento/Test/Php/XssPhtmlTemplateTest.php:46
/var/www/html/technotrends/vendor/magento/framework/App/Utility/AggregateInvoker.php:56
/var/www/html/technotrends/dev/tests/static/testsuite/Magento/Test/Php/XssPhtmlTemplateTest.php:49

Data set: app/design/frontend/TemplateMonster/framework/Magento_Store/templates/switch/languages_mobile.phtml
Potentially XSS vulnerability. Please verify that output is escaped at lines 18,19,21,28,29,37
Failed asserting that a string is empty.
/var/www/html/technotrends/dev/tests/static/testsuite/Magento/Test/Php/XssPhtmlTemplateTest.php:46
/var/www/html/technotrends/vendor/magento/framework/App/Utility/AggregateInvoker.php:56
/var/www/html/technotrends/dev/tests/static/testsuite/Magento/Test/Php/XssPhtmlTemplateTest.php:49

Data set: app/design/frontend/TemplateMonster/theme762/Magento_Directory/templates/currency_mobile.phtml
Potentially XSS vulnerability. Please verify that output is escaped at lines 21,22,24,30,31,38,39
Failed asserting that a string is empty.
/var/www/html/technotrends/dev/tests/static/testsuite/Magento/Test/Php/XssPhtmlTemplateTest.php:46
/var/www/html/technotrends/vendor/magento/framework/App/Utility/AggregateInvoker.php:56
/var/www/html/technotrends/dev/tests/static/testsuite/Magento/Test/Php/XssPhtmlTemplateTest.php:49

Data set: app/design/frontend/TemplateMonster/theme762/Magento_Search/templates/form.mini.phtml
Potentially XSS vulnerability. Please verify that output is escaped at lines 14,16,19,25,29,30,31,33,46
Failed asserting that a string is empty.
/var/www/html/technotrends/dev/tests/static/testsuite/Magento/Test/Php/XssPhtmlTemplateTest.php:46
/var/www/html/technotrends/vendor/magento/framework/App/Utility/AggregateInvoker.php:56
/var/www/html/technotrends/dev/tests/static/testsuite/Magento/Test/Php/XssPhtmlTemplateTest.php:49

Data set: app/design/frontend/TemplateMonster/theme762/Magento_Checkout/templates/cart/minicart.phtml
Potentially XSS vulnerability. Please verify that output is escaped at lines 14
Failed asserting that a string is empty.
/var/www/html/technotrends/dev/tests/static/testsuite/Magento/Test/Php/XssPhtmlTemplateTest.php:46
/var/www/html/technotrends/vendor/magento/framework/App/Utility/AggregateInvoker.php:56
/var/www/html/technotrends/dev/tests/static/testsuite/Magento/Test/Php/XssPhtmlTemplateTest.php:49

Data set: app/design/frontend/TemplateMonster/theme762/Magento_Theme/templates/html/side-navbar-btn--login.phtml
Potentially XSS vulnerability. Please verify that output is escaped at lines 1
Failed asserting that a string is empty.
/var/www/html/technotrends/dev/tests/static/testsuite/Magento/Test/Php/XssPhtmlTemplateTest.php:46
/var/www/html/technotrends/vendor/magento/framework/App/Utility/AggregateInvoker.php:56
/var/www/html/technotrends/dev/tests/static/testsuite/Magento/Test/Php/XssPhtmlTemplateTest.php:49

Data set: app/design/frontend/TemplateMonster/theme762/Magento_Theme/templates/html/side-navbar-cart-link.phtml
Potentially XSS vulnerability. Please verify that output is escaped at lines 1,2
Failed asserting that a string is empty.
/var/www/html/technotrends/dev/tests/static/testsuite/Magento/Test/Php/XssPhtmlTemplateTest.php:46
/var/www/html/technotrends/vendor/magento/framework/App/Utility/AggregateInvoker.php:56
/var/www/html/technotrends/dev/tests/static/testsuite/Magento/Test/Php/XssPhtmlTemplateTest.php:49

Data set: app/design/frontend/TemplateMonster/theme762/Magento_Theme/templates/html/side-navbar-btn--menu.phtml
Potentially XSS vulnerability. Please verify that output is escaped at lines 1
Failed asserting that a string is empty.
/var/www/html/technotrends/dev/tests/static/testsuite/Magento/Test/Php/XssPhtmlTemplateTest.php:46
/var/www/html/technotrends/vendor/magento/framework/App/Utility/AggregateInvoker.php:56
/var/www/html/technotrends/dev/tests/static/testsuite/Magento/Test/Php/XssPhtmlTemplateTest.php:49

Data set: app/design/frontend/TemplateMonster/theme762/Magento_Theme/templates/html/side-navbar-btn--search.phtml
Potentially XSS vulnerability. Please verify that output is escaped at lines 1
Failed asserting that a string is empty.
/var/www/html/technotrends/dev/tests/static/testsuite/Magento/Test/Php/XssPhtmlTemplateTest.php:46
/var/www/html/technotrends/vendor/magento/framework/App/Utility/AggregateInvoker.php:56
/var/www/html/technotrends/dev/tests/static/testsuite/Magento/Test/Php/XssPhtmlTemplateTest.php:49

Data set: app/design/frontend/TemplateMonster/theme762/Magento_LayeredNavigation/templates/layer/filter.phtml
Potentially XSS vulnerability. Please verify that output is escaped at lines 25,26
Failed asserting that a string is empty.
/var/www/html/technotrends/dev/tests/static/testsuite/Magento/Test/Php/XssPhtmlTemplateTest.php:46
/var/www/html/technotrends/vendor/magento/framework/App/Utility/AggregateInvoker.php:56
/var/www/html/technotrends/dev/tests/static/testsuite/Magento/Test/Php/XssPhtmlTemplateTest.php:49

Data set: app/design/frontend/TemplateMonster/theme762/Magento_Catalog/templates/product/list/items.phtml
Potentially XSS vulnerability. Please verify that output is escaped at lines 193
Failed asserting that a string is empty.
/var/www/html/technotrends/dev/tests/static/testsuite/Magento/Test/Php/XssPhtmlTemplateTest.php:46
/var/www/html/technotrends/vendor/magento/framework/App/Utility/AggregateInvoker.php:56
/var/www/html/technotrends/dev/tests/static/testsuite/Magento/Test/Php/XssPhtmlTemplateTest.php:49

Data set: app/design/frontend/TemplateMonster/theme762/Magento_Catalog/templates/product/list/toolbar/limiter.phtml
Potentially XSS vulnerability. Please verify that output is escaped at lines 20,25,27,32
Failed asserting that a string is empty.
/var/www/html/technotrends/dev/tests/static/testsuite/Magento/Test/Php/XssPhtmlTemplateTest.php:46
/var/www/html/technotrends/vendor/magento/framework/App/Utility/AggregateInvoker.php:56
/var/www/html/technotrends/dev/tests/static/testsuite/Magento/Test/Php/XssPhtmlTemplateTest.php:49

Data set: app/design/frontend/TemplateMonster/theme762/Magento_Catalog/templates/product/list/toolbar/viewmode.phtml
Potentially XSS vulnerability. Please verify that output is escaped at lines 22,25,26,27,28,31,32,35,36,37,38
Failed asserting that a string is empty.
/var/www/html/technotrends/dev/tests/static/testsuite/Magento/Test/Php/XssPhtmlTemplateTest.php:46
/var/www/html/technotrends/vendor/magento/framework/App/Utility/AggregateInvoker.php:56
/var/www/html/technotrends/dev/tests/static/testsuite/Magento/Test/Php/XssPhtmlTemplateTest.php:49

Data set: app/design/frontend/TemplateMonster/theme762/Magento_Catalog/templates/product/list/toolbar/sorter.phtml
Potentially XSS vulnerability. Please verify that output is escaped at lines 19,23,34,35,38,39
Failed asserting that a string is empty.
/var/www/html/technotrends/dev/tests/static/testsuite/Magento/Test/Php/XssPhtmlTemplateTest.php:46
/var/www/html/technotrends/vendor/magento/framework/App/Utility/AggregateInvoker.php:56
/var/www/html/technotrends/dev/tests/static/testsuite/Magento/Test/Php/XssPhtmlTemplateTest.php:49

Data set: app/design/frontend/TemplateMonster/theme762/Magento_Catalog/templates/product/list/toolbar/amount.phtml
Potentially XSS vulnerability. Please verify that output is escaped at lines 20,25,28
Failed asserting that a string is empty.
/var/www/html/technotrends/dev/tests/static/testsuite/Magento/Test/Php/XssPhtmlTemplateTest.php:46
/var/www/html/technotrends/vendor/magento/framework/App/Utility/AggregateInvoker.php:56
/var/www/html/technotrends/dev/tests/static/testsuite/Magento/Test/Php/XssPhtmlTemplateTest.php:49

Data set: app/design/frontend/TemplateMonster/theme762/Magento_Catalog/templates/product/view/type/default.phtml
Potentially XSS vulnerability. Please verify that output is escaped at lines 16,20
Failed asserting that a string is empty.
/var/www/html/technotrends/dev/tests/static/testsuite/Magento/Test/Php/XssPhtmlTemplateTest.php:46
/var/www/html/technotrends/vendor/magento/framework/App/Utility/AggregateInvoker.php:56
/var/www/html/technotrends/dev/tests/static/testsuite/Magento/Test/Php/XssPhtmlTemplateTest.php:49

Data set: app/design/frontend/TemplateMonster/theme762/Magento_Store/templates/switch/languages_mobile.phtml
Potentially XSS vulnerability. Please verify that output is escaped at lines 18,19,21,28,29,37
Failed asserting that a string is empty.
/var/www/html/technotrends/dev/tests/static/testsuite/Magento/Test/Php/XssPhtmlTemplateTest.php:46
/var/www/html/technotrends/vendor/magento/framework/App/Utility/AggregateInvoker.php:56
/var/www/html/technotrends/dev/tests/static/testsuite/Magento/Test/Php/XssPhtmlTemplateTest.php:49

Data set: app/design/frontend/Divante/rapid/Magento_Customer/templates/advantages-with-account.phtml
Potentially XSS vulnerability. Please verify that output is escaped at lines 10,12,13,14
Failed asserting that a string is empty.
/var/www/html/technotrends/dev/tests/static/testsuite/Magento/Test/Php/XssPhtmlTemplateTest.php:46
/var/www/html/technotrends/vendor/magento/framework/App/Utility/AggregateInvoker.php:56
/var/www/html/technotrends/dev/tests/static/testsuite/Magento/Test/Php/XssPhtmlTemplateTest.php:49

Data set: app/design/frontend/Divante/rapid/Magento_Customer/templates/sidebar.phtml
Potentially XSS vulnerability. Please verify that output is escaped at lines 12
Failed asserting that a string is empty.
/var/www/html/technotrends/dev/tests/static/testsuite/Magento/Test/Php/XssPhtmlTemplateTest.php:46
/var/www/html/technotrends/vendor/magento/framework/App/Utility/AggregateInvoker.php:56
/var/www/html/technotrends/dev/tests/static/testsuite/Magento/Test/Php/XssPhtmlTemplateTest.php:49

Data set: app/design/frontend/Divante/rapid/Magento_Cms/templates/stylization.phtml
Potentially XSS vulnerability. Please verify that output is escaped at lines 15,20,29
Failed asserting that a string is empty.
/var/www/html/technotrends/dev/tests/static/testsuite/Magento/Test/Php/XssPhtmlTemplateTest.php:46
/var/www/html/technotrends/vendor/magento/framework/App/Utility/AggregateInvoker.php:56
/var/www/html/technotrends/dev/tests/static/testsuite/Magento/Test/Php/XssPhtmlTemplateTest.php:49

Data set: app/design/frontend/Divante/rapid/Magento_Cms/templates/popular-brands.phtml
Potentially XSS vulnerability. Please verify that output is escaped at lines 15,30,31,32,33,34,35,40,41,42,43,44,45,51,60,70
Failed asserting that a string is empty.
/var/www/html/technotrends/dev/tests/static/testsuite/Magento/Test/Php/XssPhtmlTemplateTest.php:46
/var/www/html/technotrends/vendor/magento/framework/App/Utility/AggregateInvoker.php:56
/var/www/html/technotrends/dev/tests/static/testsuite/Magento/Test/Php/XssPhtmlTemplateTest.php:49

Data set: app/design/frontend/Divante/rapid/Magento_Cms/templates/new-collections.phtml
Potentially XSS vulnerability. Please verify that output is escaped at lines 15,20,29
Failed asserting that a string is empty.
/var/www/html/technotrends/dev/tests/static/testsuite/Magento/Test/Php/XssPhtmlTemplateTest.php:46
/var/www/html/technotrends/vendor/magento/framework/App/Utility/AggregateInvoker.php:56
/var/www/html/technotrends/dev/tests/static/testsuite/Magento/Test/Php/XssPhtmlTemplateTest.php:49

Data set: app/design/frontend/Divante/rapid/Magento_Cms/templates/big-banner.phtml
Potentially XSS vulnerability. Please verify that output is escaped at lines 14
Failed asserting that a string is empty.
/var/www/html/technotrends/dev/tests/static/testsuite/Magento/Test/Php/XssPhtmlTemplateTest.php:46
/var/www/html/technotrends/vendor/magento/framework/App/Utility/AggregateInvoker.php:56
/var/www/html/technotrends/dev/tests/static/testsuite/Magento/Test/Php/XssPhtmlTemplateTest.php:49

Data set: app/design/frontend/Divante/rapid/Magento_Cms/templates/hero.phtml
Potentially XSS vulnerability. Please verify that output is escaped at lines 17,22,25,29,37,42,45,49,57,62,65,69
Failed asserting that a string is empty.
/var/www/html/technotrends/dev/tests/static/testsuite/Magento/Test/Php/XssPhtmlTemplateTest.php:46
/var/www/html/technotrends/vendor/magento/framework/App/Utility/AggregateInvoker.php:56
/var/www/html/technotrends/dev/tests/static/testsuite/Magento/Test/Php/XssPhtmlTemplateTest.php:49

Data set: app/design/frontend/Divante/rapid/Magento_Cms/templates/home-page-main-banner.phtml
Potentially XSS vulnerability. Please verify that output is escaped at lines 1
Failed asserting that a string is empty.
/var/www/html/technotrends/dev/tests/static/testsuite/Magento/Test/Php/XssPhtmlTemplateTest.php:46
/var/www/html/technotrends/vendor/magento/framework/App/Utility/AggregateInvoker.php:56
/var/www/html/technotrends/dev/tests/static/testsuite/Magento/Test/Php/XssPhtmlTemplateTest.php:49

Data set: app/design/frontend/Divante/rapid/Magento_Cms/templates/sale.phtml
Potentially XSS vulnerability. Please verify that output is escaped at lines 15,20,27,34
Failed asserting that a string is empty.
/var/www/html/technotrends/dev/tests/static/testsuite/Magento/Test/Php/XssPhtmlTemplateTest.php:46
/var/www/html/technotrends/vendor/magento/framework/App/Utility/AggregateInvoker.php:56
/var/www/html/technotrends/dev/tests/static/testsuite/Magento/Test/Php/XssPhtmlTemplateTest.php:49

Data set: app/design/frontend/Divante/rapid/Magento_Checkout/templates/cart/noItems.phtml
Potentially XSS vulnerability. Please verify that output is escaped at lines 15,16,19
Failed asserting that a string is empty.
/var/www/html/technotrends/dev/tests/static/testsuite/Magento/Test/Php/XssPhtmlTemplateTest.php:46
/var/www/html/technotrends/vendor/magento/framework/App/Utility/AggregateInvoker.php:56
/var/www/html/technotrends/dev/tests/static/testsuite/Magento/Test/Php/XssPhtmlTemplateTest.php:49

Data set: app/design/frontend/Divante/rapid/Magento_Checkout/templates/cart/coupon.phtml
Potentially XSS vulnerability. Please verify that output is escaped at lines 29,41,42,45
Failed asserting that a string is empty.
/var/www/html/technotrends/dev/tests/static/testsuite/Magento/Test/Php/XssPhtmlTemplateTest.php:46
/var/www/html/technotrends/vendor/magento/framework/App/Utility/AggregateInvoker.php:56
/var/www/html/technotrends/dev/tests/static/testsuite/Magento/Test/Php/XssPhtmlTemplateTest.php:49

Data set: app/design/frontend/Divante/rapid/Magento_Checkout/templates/cart/empty-cart-banners.phtml
Potentially XSS vulnerability. Please verify that output is escaped at lines 14,18,25,32
Failed asserting that a string is empty.
/var/www/html/technotrends/dev/tests/static/testsuite/Magento/Test/Php/XssPhtmlTemplateTest.php:46
/var/www/html/technotrends/vendor/magento/framework/App/Utility/AggregateInvoker.php:56
/var/www/html/technotrends/dev/tests/static/testsuite/Magento/Test/Php/XssPhtmlTemplateTest.php:49

Data set: app/design/frontend/Divante/rapid/Magento_Customer/templates/form/register.phtml
Potentially XSS vulnerability. Please verify that output is escaped at lines 22,139,149,172
Failed asserting that a string is empty.
/var/www/html/technotrends/dev/tests/static/testsuite/Magento/Test/Php/XssPhtmlTemplateTest.php:46
/var/www/html/technotrends/vendor/magento/framework/App/Utility/AggregateInvoker.php:56
/var/www/html/technotrends/dev/tests/static/testsuite/Magento/Test/Php/XssPhtmlTemplateTest.php:49

Data set: app/design/frontend/Divante/rapid/Magento_Customer/templates/form/login.phtml
Potentially XSS vulnerability. Please verify that output is escaped at lines 37,47
Failed asserting that a string is empty.
/var/www/html/technotrends/dev/tests/static/testsuite/Magento/Test/Php/XssPhtmlTemplateTest.php:46
/var/www/html/technotrends/vendor/magento/framework/App/Utility/AggregateInvoker.php:56
/var/www/html/technotrends/dev/tests/static/testsuite/Magento/Test/Php/XssPhtmlTemplateTest.php:49

Data set: app/design/frontend/Divante/rapid/Magento_Customer/templates/widget/name.phtml
Potentially XSS vulnerability. Please verify that output is escaped at lines 81,111
Failed asserting that a string is empty.
/var/www/html/technotrends/dev/tests/static/testsuite/Magento/Test/Php/XssPhtmlTemplateTest.php:46
/var/www/html/technotrends/vendor/magento/framework/App/Utility/AggregateInvoker.php:56
/var/www/html/technotrends/dev/tests/static/testsuite/Magento/Test/Php/XssPhtmlTemplateTest.php:49

Data set: app/design/frontend/Webgriffe/bootstrap/Magento_Theme/templates/html/header/nav.toggle.phtml
Potentially XSS vulnerability. Please verify that output is escaped at lines 2
Failed asserting that a string is empty.
/var/www/html/technotrends/dev/tests/static/testsuite/Magento/Test/Php/XssPhtmlTemplateTest.php:46
/var/www/html/technotrends/vendor/magento/framework/App/Utility/AggregateInvoker.php:56
/var/www/html/technotrends/dev/tests/static/testsuite/Magento/Test/Php/XssPhtmlTemplateTest.php:49

Data set: app/design/frontend/Webgriffe/bootstrap/Magento_Sales/templates/order/order_status.phtml
Potentially XSS vulnerability. Please verify that output is escaped at lines 10
Failed asserting that a string is empty.
/var/www/html/technotrends/dev/tests/static/testsuite/Magento/Test/Php/XssPhtmlTemplateTest.php:46
/var/www/html/technotrends/vendor/magento/framework/App/Utility/AggregateInvoker.php:56
/var/www/html/technotrends/dev/tests/static/testsuite/Magento/Test/Php/XssPhtmlTemplateTest.php:49

Data set: app/design/frontend/Webgriffe/bootstrap/Magento_Catalog/templates/product/list/toolbar/viewmode.phtml
Potentially XSS vulnerability. Please verify that output is escaped at lines 37,50
Failed asserting that a string is empty.
/var/www/html/technotrends/dev/tests/static/testsuite/Magento/Test/Php/XssPhtmlTemplateTest.php:46
/var/www/html/technotrends/vendor/magento/framework/App/Utility/AggregateInvoker.php:56
/var/www/html/technotrends/dev/tests/static/testsuite/Magento/Test/Php/XssPhtmlTemplateTest.php:49

Data set: app/design/frontend/Snowdog/alpaca/Magento_Checkout/templates/onepage.phtml
Potentially XSS vulnerability. Please verify that output is escaped at lines 14,23,28,38,39
Failed asserting that a string is empty.
/var/www/html/technotrends/dev/tests/static/testsuite/Magento/Test/Php/XssPhtmlTemplateTest.php:46
/var/www/html/technotrends/vendor/magento/framework/App/Utility/AggregateInvoker.php:56
/var/www/html/technotrends/dev/tests/static/testsuite/Magento/Test/Php/XssPhtmlTemplateTest.php:49

Data set: app/design/frontend/Snowdog/alpaca/Magento_Shipping/templates/items.phtml
Potentially XSS vulnerability. Please verify that output is escaped at lines 9,11,24,25,28,32,38,48,51,59,62,79,104,108,112,116
Failed asserting that a string is empty.
/var/www/html/technotrends/dev/tests/static/testsuite/Magento/Test/Php/XssPhtmlTemplateTest.php:46
/var/www/html/technotrends/vendor/magento/framework/App/Utility/AggregateInvoker.php:56
/var/www/html/technotrends/dev/tests/static/testsuite/Magento/Test/Php/XssPhtmlTemplateTest.php:49

Data set: app/design/frontend/Snowdog/alpaca/Magento_Directory/templates/currency.phtml
Potentially XSS vulnerability. Please verify that output is escaped at lines 17,25,27,37,39,40
Failed asserting that a string is empty.
/var/www/html/technotrends/dev/tests/static/testsuite/Magento/Test/Php/XssPhtmlTemplateTest.php:46
/var/www/html/technotrends/vendor/magento/framework/App/Utility/AggregateInvoker.php:56
/var/www/html/technotrends/dev/tests/static/testsuite/Magento/Test/Php/XssPhtmlTemplateTest.php:49

Data set: app/design/frontend/Snowdog/alpaca/Magento_Theme/templates/root.phtml
Potentially XSS vulnerability. Please verify that output is escaped at lines 2,3,5,8,9,10,17,20,22
Failed asserting that a string is empty.
/var/www/html/technotrends/dev/tests/static/testsuite/Magento/Test/Php/XssPhtmlTemplateTest.php:46
/var/www/html/technotrends/vendor/magento/framework/App/Utility/AggregateInvoker.php:56
/var/www/html/technotrends/dev/tests/static/testsuite/Magento/Test/Php/XssPhtmlTemplateTest.php:49

Data set: app/design/frontend/Snowdog/alpaca/Magento_Contact/templates/form.phtml
Potentially XSS vulnerability. Please verify that output is escaped at lines 6,9,14,21,29,36,44,51,58,64,74,77
Failed asserting that a string is empty.
/var/www/html/technotrends/dev/tests/static/testsuite/Magento/Test/Php/XssPhtmlTemplateTest.php:46
/var/www/html/technotrends/vendor/magento/framework/App/Utility/AggregateInvoker.php:56
/var/www/html/technotrends/dev/tests/static/testsuite/Magento/Test/Php/XssPhtmlTemplateTest.php:49

Data set: app/design/frontend/Snowdog/alpaca/Magento_Contact/templates/headings.phtml
Potentially XSS vulnerability. Please verify that output is escaped at lines 2,6
Failed asserting that a string is empty.
/var/www/html/technotrends/dev/tests/static/testsuite/Magento/Test/Php/XssPhtmlTemplateTest.php:46
/var/www/html/technotrends/vendor/magento/framework/App/Utility/AggregateInvoker.php:56
/var/www/html/technotrends/dev/tests/static/testsuite/Magento/Test/Php/XssPhtmlTemplateTest.php:49

Data set: app/design/frontend/Snowdog/alpaca/Magento_QuickOrder/templates/multipleskus.phtml
Potentially XSS vulnerability. Please verify that output is escaped at lines 9,22,29,33
Failed asserting that a string is empty.
/var/www/html/technotrends/dev/tests/static/testsuite/Magento/Test/Php/XssPhtmlTemplateTest.php:46
/var/www/html/technotrends/vendor/magento/framework/App/Utility/AggregateInvoker.php:56
/var/www/html/technotrends/dev/tests/static/testsuite/Magento/Test/Php/XssPhtmlTemplateTest.php:49

Data set: app/design/frontend/Snowdog/alpaca/Magento_Customer/templates/newcustomer.phtml
Potentially XSS vulnerability. Please verify that output is escaped at lines 11,15,18,21
Failed asserting that a string is empty.
/var/www/html/technotrends/dev/tests/static/testsuite/Magento/Test/Php/XssPhtmlTemplateTest.php:46
/var/www/html/technotrends/vendor/magento/framework/App/Utility/AggregateInvoker.php:56
/var/www/html/technotrends/dev/tests/static/testsuite/Magento/Test/Php/XssPhtmlTemplateTest.php:49

Data set: app/design/frontend/Snowdog/alpaca/Magento_Invitation/templates/form.phtml
Potentially XSS vulnerability. Please verify that output is escaped at lines 18,25,31,38,46,55,60,61,77,82,85,94,99,104,113,115,122,132,135
Failed asserting that a string is empty.
/var/www/html/technotrends/dev/tests/static/testsuite/Magento/Test/Php/XssPhtmlTemplateTest.php:46
/var/www/html/technotrends/vendor/magento/framework/App/Utility/AggregateInvoker.php:56
/var/www/html/technotrends/dev/tests/static/testsuite/Magento/Test/Php/XssPhtmlTemplateTest.php:49

Data set: app/design/frontend/Snowdog/alpaca/Magento_Invitation/templates/list.phtml
Potentially XSS vulnerability. Please verify that output is escaped at lines 11,24,28
Failed asserting that a string is empty.
/var/www/html/technotrends/dev/tests/static/testsuite/Magento/Test/Php/XssPhtmlTemplateTest.php:46
/var/www/html/technotrends/vendor/magento/framework/App/Utility/AggregateInvoker.php:56
/var/www/html/technotrends/dev/tests/static/testsuite/Magento/Test/Php/XssPhtmlTemplateTest.php:49

Data set: app/design/frontend/Snowdog/alpaca/Magento_Captcha/templates/default.phtml
Potentially XSS vulnerability. Please verify that output is escaped at lines 11,35,52,54
Failed asserting that a string is empty.
/var/www/html/technotrends/dev/tests/static/testsuite/Magento/Test/Php/XssPhtmlTemplateTest.php:46
/var/www/html/technotrends/vendor/magento/framework/App/Utility/AggregateInvoker.php:56
/var/www/html/technotrends/dev/tests/static/testsuite/Magento/Test/Php/XssPhtmlTemplateTest.php:49

Data set: app/design/frontend/Snowdog/alpaca/Magento_Wishlist/templates/link.phtml
Potentially XSS vulnerability. Please verify that output is escaped at lines 7
Failed asserting that a string is empty.
/var/www/html/technotrends/dev/tests/static/testsuite/Magento/Test/Php/XssPhtmlTemplateTest.php:46
/var/www/html/technotrends/vendor/magento/framework/App/Utility/AggregateInvoker.php:56
/var/www/html/technotrends/dev/tests/static/testsuite/Magento/Test/Php/XssPhtmlTemplateTest.php:49

Data set: app/design/frontend/Snowdog/alpaca/Magento_Wishlist/templates/options_list.phtml
Potentially XSS vulnerability. Please verify that output is escaped at lines 16,18
Failed asserting that a string is empty.
/var/www/html/technotrends/dev/tests/static/testsuite/Magento/Test/Php/XssPhtmlTemplateTest.php:46
/var/www/html/technotrends/vendor/magento/framework/App/Utility/AggregateInvoker.php:56
/var/www/html/technotrends/dev/tests/static/testsuite/Magento/Test/Php/XssPhtmlTemplateTest.php:49

Data set: app/design/frontend/Snowdog/alpaca/Magento_Wishlist/templates/view.phtml
Potentially XSS vulnerability. Please verify that output is escaped at lines 11,12,17,30,43
Failed asserting that a string is empty.
/var/www/html/technotrends/dev/tests/static/testsuite/Magento/Test/Php/XssPhtmlTemplateTest.php:46
/var/www/html/technotrends/vendor/magento/framework/App/Utility/AggregateInvoker.php:56
/var/www/html/technotrends/dev/tests/static/testsuite/Magento/Test/Php/XssPhtmlTemplateTest.php:49

Data set: app/design/frontend/Snowdog/alpaca/Magento_Wishlist/templates/sidebar.phtml
Potentially XSS vulnerability. Please verify that output is escaped at lines 12,65,68,75,78,86,87,90,100
Failed asserting that a string is empty.
/var/www/html/technotrends/dev/tests/static/testsuite/Magento/Test/Php/XssPhtmlTemplateTest.php:46
/var/www/html/technotrends/vendor/magento/framework/App/Utility/AggregateInvoker.php:56
/var/www/html/technotrends/dev/tests/static/testsuite/Magento/Test/Php/XssPhtmlTemplateTest.php:49

Data set: app/design/frontend/Snowdog/alpaca/Magento_Wishlist/templates/sharing.phtml
Potentially XSS vulnerability. Please verify that output is escaped at lines 9,14,19,29,34,43,53,57,60,69,72,80
Failed asserting that a string is empty.
/var/www/html/technotrends/dev/tests/static/testsuite/Magento/Test/Php/XssPhtmlTemplateTest.php:46
/var/www/html/technotrends/vendor/magento/framework/App/Utility/AggregateInvoker.php:56
/var/www/html/technotrends/dev/tests/static/testsuite/Magento/Test/Php/XssPhtmlTemplateTest.php:49

Data set: app/design/frontend/Snowdog/alpaca/Snowdog_SolrNavigation/templates/filters.phtml
Potentially XSS vulnerability. Please verify that output is escaped at lines 10,14,23,25,27
Failed asserting that a string is empty.
/var/www/html/technotrends/dev/tests/static/testsuite/Magento/Test/Php/XssPhtmlTemplateTest.php:46
/var/www/html/technotrends/vendor/magento/framework/App/Utility/AggregateInvoker.php:56
/var/www/html/technotrends/dev/tests/static/testsuite/Magento/Test/Php/XssPhtmlTemplateTest.php:49

Data set: app/design/frontend/Snowdog/alpaca/Snowdog_SolrNavigation/templates/navigation.phtml
Potentially XSS vulnerability. Please verify that output is escaped at lines 11,13,29
Failed asserting that a string is empty.
/var/www/html/technotrends/dev/tests/static/testsuite/Magento/Test/Php/XssPhtmlTemplateTest.php:46
/var/www/html/technotrends/vendor/magento/framework/App/Utility/AggregateInvoker.php:56
/var/www/html/technotrends/dev/tests/static/testsuite/Magento/Test/Php/XssPhtmlTemplateTest.php:49

Data set: app/design/frontend/Snowdog/alpaca/Snowdog_SolrNavigation/templates/grid.phtml
Potentially XSS vulnerability. Please verify that output is escaped at lines 14,23,27,29,35,36,48,50,52,59,71,72,75,96,99,112,113,116,129,130,133
Failed asserting that a string is empty.
/var/www/html/technotrends/dev/tests/static/testsuite/Magento/Test/Php/XssPhtmlTemplateTest.php:46
/var/www/html/technotrends/vendor/magento/framework/App/Utility/AggregateInvoker.php:56
/var/www/html/technotrends/dev/tests/static/testsuite/Magento/Test/Php/XssPhtmlTemplateTest.php:49

Data set: app/design/frontend/Snowdog/alpaca/Snowdog_SolrNavigation/templates/list.phtml
Potentially XSS vulnerability. Please verify that output is escaped at lines 13,19,21,27,28,35,41,43,45,56,57,60,70,89,102,103,106,118,119,122
Failed asserting that a string is empty.
/var/www/html/technotrends/dev/tests/static/testsuite/Magento/Test/Php/XssPhtmlTemplateTest.php:46
/var/www/html/technotrends/vendor/magento/framework/App/Utility/AggregateInvoker.php:56
/var/www/html/technotrends/dev/tests/static/testsuite/Magento/Test/Php/XssPhtmlTemplateTest.php:49

Data set: app/design/frontend/Snowdog/alpaca/Magento_SendFriend/templates/send.phtml
Potentially XSS vulnerability. Please verify that output is escaped at lines 19,35,46,89,98,103,112,127,137,146,156,159
Failed asserting that a string is empty.
/var/www/html/technotrends/dev/tests/static/testsuite/Magento/Test/Php/XssPhtmlTemplateTest.php:46
/var/www/html/technotrends/vendor/magento/framework/App/Utility/AggregateInvoker.php:56
/var/www/html/technotrends/dev/tests/static/testsuite/Magento/Test/Php/XssPhtmlTemplateTest.php:49

Data set: app/design/frontend/Snowdog/alpaca/Magento_Vault/templates/cards_list.phtml
Potentially XSS vulnerability. Please verify that output is escaped at lines 6,15,19,23,40
Failed asserting that a string is empty.
/var/www/html/technotrends/dev/tests/static/testsuite/Magento/Test/Php/XssPhtmlTemplateTest.php:46
/var/www/html/technotrends/vendor/magento/framework/App/Utility/AggregateInvoker.php:56
/var/www/html/technotrends/dev/tests/static/testsuite/Magento/Test/Php/XssPhtmlTemplateTest.php:49

Data set: app/design/frontend/Snowdog/alpaca/Magento_Vault/templates/credit_card.phtml
Potentially XSS vulnerability. Please verify that output is escaped at lines 8,20,21,22,35,36,50
Failed asserting that a string is empty.
/var/www/html/technotrends/dev/tests/static/testsuite/Magento/Test/Php/XssPhtmlTemplateTest.php:46
/var/www/html/technotrends/vendor/magento/framework/App/Utility/AggregateInvoker.php:56
/var/www/html/technotrends/dev/tests/static/testsuite/Magento/Test/Php/XssPhtmlTemplateTest.php:49

Data set: app/design/frontend/Snowdog/alpaca/Magento_Review/templates/form.phtml
Potentially XSS vulnerability. Please verify that output is escaped at lines 76,78,82,83,84,99,161
Failed asserting that a string is empty.
/var/www/html/technotrends/dev/tests/static/testsuite/Magento/Test/Php/XssPhtmlTemplateTest.php:46
/var/www/html/technotrends/vendor/magento/framework/App/Utility/AggregateInvoker.php:56
/var/www/html/technotrends/dev/tests/static/testsuite/Magento/Test/Php/XssPhtmlTemplateTest.php:49

Data set: app/design/frontend/Snowdog/alpaca/Magento_Review/templates/review.phtml
Potentially XSS vulnerability. Please verify that output is escaped at lines 6
Failed asserting that a string is empty.
/var/www/html/technotrends/dev/tests/static/testsuite/Magento/Test/Php/XssPhtmlTemplateTest.php:46
/var/www/html/technotrends/vendor/magento/framework/App/Utility/AggregateInvoker.php:56
/var/www/html/technotrends/dev/tests/static/testsuite/Magento/Test/Php/XssPhtmlTemplateTest.php:49

Data set: app/design/frontend/Snowdog/alpaca/Magento_Newsletter/templates/subscribe.phtml
Potentially XSS vulnerability. Please verify that output is escaped at lines 3,9,14,20,25,37,40,42,44
Failed asserting that a string is empty.
/var/www/html/technotrends/dev/tests/static/testsuite/Magento/Test/Php/XssPhtmlTemplateTest.php:46
/var/www/html/technotrends/vendor/magento/framework/App/Utility/AggregateInvoker.php:56
/var/www/html/technotrends/dev/tests/static/testsuite/Magento/Test/Php/XssPhtmlTemplateTest.php:49

Data set: app/design/frontend/Snowdog/alpaca/Magento_Checkout/templates/cart/shipping.phtml
Potentially XSS vulnerability. Please verify that output is escaped at lines 14,17,29,34,41,42
Failed asserting that a string is empty.
/var/www/html/technotrends/dev/tests/static/testsuite/Magento/Test/Php/XssPhtmlTemplateTest.php:46
/var/www/html/technotrends/vendor/magento/framework/App/Utility/AggregateInvoker.php:56
/var/www/html/technotrends/dev/tests/static/testsuite/Magento/Test/Php/XssPhtmlTemplateTest.php:49

Data set: app/design/frontend/Snowdog/alpaca/Magento_Checkout/templates/cart/coupon.phtml
Potentially XSS vulnerability. Please verify that output is escaped at lines 13,16,27,50,65,67,73,75
Failed asserting that a string is empty.
/var/www/html/technotrends/dev/tests/static/testsuite/Magento/Test/Php/XssPhtmlTemplateTest.php:46
/var/www/html/technotrends/vendor/magento/framework/App/Utility/AggregateInvoker.php:56
/var/www/html/technotrends/dev/tests/static/testsuite/Magento/Test/Php/XssPhtmlTemplateTest.php:49

Data set: app/design/frontend/Snowdog/alpaca/Magento_Checkout/templates/cart/methods.phtml
Potentially XSS vulnerability. Please verify that output is escaped at lines 9
Failed asserting that a string is empty.
/var/www/html/technotrends/dev/tests/static/testsuite/Magento/Test/Php/XssPhtmlTemplateTest.php:46
/var/www/html/technotrends/vendor/magento/framework/App/Utility/AggregateInvoker.php:56
/var/www/html/technotrends/dev/tests/static/testsuite/Magento/Test/Php/XssPhtmlTemplateTest.php:49

Data set: app/design/frontend/Snowdog/alpaca/Magento_Checkout/templates/cart/form.phtml
Potentially XSS vulnerability. Please verify that output is escaped at lines 4,32,44,54
Failed asserting that a string is empty.
/var/www/html/technotrends/dev/tests/static/testsuite/Magento/Test/Php/XssPhtmlTemplateTest.php:46
/var/www/html/technotrends/vendor/magento/framework/App/Utility/AggregateInvoker.php:56
/var/www/html/technotrends/dev/tests/static/testsuite/Magento/Test/Php/XssPhtmlTemplateTest.php:49

Data set: app/design/frontend/Snowdog/alpaca/Magento_Checkout/templates/cart/totals.phtml
Potentially XSS vulnerability. Please verify that output is escaped at lines 15
Failed asserting that a string is empty.
/var/www/html/technotrends/dev/tests/static/testsuite/Magento/Test/Php/XssPhtmlTemplateTest.php:46
/var/www/html/technotrends/vendor/magento/framework/App/Utility/AggregateInvoker.php:56
/var/www/html/technotrends/dev/tests/static/testsuite/Magento/Test/Php/XssPhtmlTemplateTest.php:49

Data set: app/design/frontend/Snowdog/alpaca/Magento_Checkout/templates/cart/minicart.phtml
Potentially XSS vulnerability. Please verify that output is escaped at lines 10,13,48,53,56
Failed asserting that a string is empty.
/var/www/html/technotrends/dev/tests/static/testsuite/Magento/Test/Php/XssPhtmlTemplateTest.php:46
/var/www/html/technotrends/vendor/magento/framework/App/Utility/AggregateInvoker.php:56
/var/www/html/technotrends/dev/tests/static/testsuite/Magento/Test/Php/XssPhtmlTemplateTest.php:49

Data set: app/design/frontend/Snowdog/alpaca/Magento_Checkout/templates/cart/summary/title.phtml
Potentially XSS vulnerability. Please verify that output is escaped at lines 3
Failed asserting that a string is empty.
/var/www/html/technotrends/dev/tests/static/testsuite/Magento/Test/Php/XssPhtmlTemplateTest.php:46
/var/www/html/technotrends/vendor/magento/framework/App/Utility/AggregateInvoker.php:56
/var/www/html/technotrends/dev/tests/static/testsuite/Magento/Test/Php/XssPhtmlTemplateTest.php:49

Data set: app/design/frontend/Snowdog/alpaca/Magento_Checkout/templates/cart/item/default.phtml
Potentially XSS vulnerability. Please verify that output is escaped at lines 13,21,36,38,41,42,43,44,69,95,97,105
Failed asserting that a string is empty.
/var/www/html/technotrends/dev/tests/static/testsuite/Magento/Test/Php/XssPhtmlTemplateTest.php:46
/var/www/html/technotrends/vendor/magento/framework/App/Utility/AggregateInvoker.php:56
/var/www/html/technotrends/dev/tests/static/testsuite/Magento/Test/Php/XssPhtmlTemplateTest.php:49

Data set: app/design/frontend/Snowdog/alpaca/Magento_Checkout/templates/cart/item/configure/updatecart.phtml
Potentially XSS vulnerability. Please verify that output is escaped at lines 12,17
Failed asserting that a string is empty.
/var/www/html/technotrends/dev/tests/static/testsuite/Magento/Test/Php/XssPhtmlTemplateTest.php:46
/var/www/html/technotrends/vendor/magento/framework/App/Utility/AggregateInvoker.php:56
/var/www/html/technotrends/dev/tests/static/testsuite/Magento/Test/Php/XssPhtmlTemplateTest.php:49

Data set: app/design/frontend/Snowdog/alpaca/Magento_Checkout/templates/cart/item/renderer/actions/edit.phtml
Potentially XSS vulnerability. Please verify that output is escaped at lines 3,7
Failed asserting that a string is empty.
/var/www/html/technotrends/dev/tests/static/testsuite/Magento/Test/Php/XssPhtmlTemplateTest.php:46
/var/www/html/technotrends/vendor/magento/framework/App/Utility/AggregateInvoker.php:56
/var/www/html/technotrends/dev/tests/static/testsuite/Magento/Test/Php/XssPhtmlTemplateTest.php:49

Data set: app/design/frontend/Snowdog/alpaca/Magento_Checkout/templates/cart/item/renderer/actions/remove.phtml
Potentially XSS vulnerability. Please verify that output is escaped at lines 4,7
Failed asserting that a string is empty.
/var/www/html/technotrends/dev/tests/static/testsuite/Magento/Test/Php/XssPhtmlTemplateTest.php:46
/var/www/html/technotrends/vendor/magento/framework/App/Utility/AggregateInvoker.php:56
/var/www/html/technotrends/dev/tests/static/testsuite/Magento/Test/Php/XssPhtmlTemplateTest.php:49

Data set: app/design/frontend/Snowdog/alpaca/Magento_Checkout/templates/onepage/link.phtml
Potentially XSS vulnerability. Please verify that output is escaped at lines 4,7,20
Failed asserting that a string is empty.
/var/www/html/technotrends/dev/tests/static/testsuite/Magento/Test/Php/XssPhtmlTemplateTest.php:46
/var/www/html/technotrends/vendor/magento/framework/App/Utility/AggregateInvoker.php:56
/var/www/html/technotrends/dev/tests/static/testsuite/Magento/Test/Php/XssPhtmlTemplateTest.php:49

Data set: app/design/frontend/Snowdog/alpaca/Magento_AdvancedCheckout/templates/customer/file.phtml
Potentially XSS vulnerability. Please verify that output is escaped at lines 7,14,15,24,31,37,41,47
Failed asserting that a string is empty.
/var/www/html/technotrends/dev/tests/static/testsuite/Magento/Test/Php/XssPhtmlTemplateTest.php:46
/var/www/html/technotrends/vendor/magento/framework/App/Utility/AggregateInvoker.php:56
/var/www/html/technotrends/dev/tests/static/testsuite/Magento/Test/Php/XssPhtmlTemplateTest.php:49

Data set: app/design/frontend/Snowdog/alpaca/Magento_AdvancedCheckout/templates/widget/sku.phtml
Potentially XSS vulnerability. Please verify that output is escaped at lines 1,6,13,19,29,33,45,48,54,66,90,113,116
Failed asserting that a string is empty.
/var/www/html/technotrends/dev/tests/static/testsuite/Magento/Test/Php/XssPhtmlTemplateTest.php:46
/var/www/html/technotrends/vendor/magento/framework/App/Utility/AggregateInvoker.php:56
/var/www/html/technotrends/dev/tests/static/testsuite/Magento/Test/Php/XssPhtmlTemplateTest.php:49

Data set: app/design/frontend/Snowdog/alpaca/Magento_Theme/templates/snowdog/svg-icon.phtml
Potentially XSS vulnerability. Please verify that output is escaped at lines 6,7
Failed asserting that a string is empty.
/var/www/html/technotrends/dev/tests/static/testsuite/Magento/Test/Php/XssPhtmlTemplateTest.php:46
/var/www/html/technotrends/vendor/magento/framework/App/Utility/AggregateInvoker.php:56
/var/www/html/technotrends/dev/tests/static/testsuite/Magento/Test/Php/XssPhtmlTemplateTest.php:49

Data set: app/design/frontend/Snowdog/alpaca/Magento_Theme/templates/header/marketing-bar.phtml
Potentially XSS vulnerability. Please verify that output is escaped at lines 13
Failed asserting that a string is empty.
/var/www/html/technotrends/dev/tests/static/testsuite/Magento/Test/Php/XssPhtmlTemplateTest.php:46
/var/www/html/technotrends/vendor/magento/framework/App/Utility/AggregateInvoker.php:56
/var/www/html/technotrends/dev/tests/static/testsuite/Magento/Test/Php/XssPhtmlTemplateTest.php:49

Data set: app/design/frontend/Snowdog/alpaca/Magento_Theme/templates/header/logo.phtml
Potentially XSS vulnerability. Please verify that output is escaped at lines 3,6,7
Failed asserting that a string is empty.
/var/www/html/technotrends/dev/tests/static/testsuite/Magento/Test/Php/XssPhtmlTemplateTest.php:46
/var/www/html/technotrends/vendor/magento/framework/App/Utility/AggregateInvoker.php:56
/var/www/html/technotrends/dev/tests/static/testsuite/Magento/Test/Php/XssPhtmlTemplateTest.php:49

Data set: app/design/frontend/Snowdog/alpaca/Magento_Theme/templates/header/search.phtml
Potentially XSS vulnerability. Please verify that output is escaped at lines 9,14,27,28,29,30,39,42,43,55,56
Failed asserting that a string is empty.
/var/www/html/technotrends/dev/tests/static/testsuite/Magento/Test/Php/XssPhtmlTemplateTest.php:46
/var/www/html/technotrends/vendor/magento/framework/App/Utility/AggregateInvoker.php:56
/var/www/html/technotrends/dev/tests/static/testsuite/Magento/Test/Php/XssPhtmlTemplateTest.php:49

Data set: app/design/frontend/Snowdog/alpaca/Magento_Theme/templates/header/minicart.phtml
Potentially XSS vulnerability. Please verify that output is escaped at lines 8,14,17,53,59,62
Failed asserting that a string is empty.
/var/www/html/technotrends/dev/tests/static/testsuite/Magento/Test/Php/XssPhtmlTemplateTest.php:46
/var/www/html/technotrends/vendor/magento/framework/App/Utility/AggregateInvoker.php:56
/var/www/html/technotrends/dev/tests/static/testsuite/Magento/Test/Php/XssPhtmlTemplateTest.php:49

Data set: app/design/frontend/Snowdog/alpaca/Magento_Theme/templates/header/links/contact.phtml
Potentially XSS vulnerability. Please verify that output is escaped at lines 3,6,9
Failed asserting that a string is empty.
/var/www/html/technotrends/dev/tests/static/testsuite/Magento/Test/Php/XssPhtmlTemplateTest.php:46
/var/www/html/technotrends/vendor/magento/framework/App/Utility/AggregateInvoker.php:56
/var/www/html/technotrends/dev/tests/static/testsuite/Magento/Test/Php/XssPhtmlTemplateTest.php:49

Data set: app/design/frontend/Snowdog/alpaca/Magento_Theme/templates/header/links/wishlist.phtml
Potentially XSS vulnerability. Please verify that output is escaped at lines 6,8,11,14
Failed asserting that a string is empty.
/var/www/html/technotrends/dev/tests/static/testsuite/Magento/Test/Php/XssPhtmlTemplateTest.php:46
/var/www/html/technotrends/vendor/magento/framework/App/Utility/AggregateInvoker.php:56
/var/www/html/technotrends/dev/tests/static/testsuite/Magento/Test/Php/XssPhtmlTemplateTest.php:49

Data set: app/design/frontend/Snowdog/alpaca/Magento_Theme/templates/header/links/account.phtml
Potentially XSS vulnerability. Please verify that output is escaped at lines 6,7,10,13
Failed asserting that a string is empty.
/var/www/html/technotrends/dev/tests/static/testsuite/Magento/Test/Php/XssPhtmlTemplateTest.php:46
/var/www/html/technotrends/vendor/magento/framework/App/Utility/AggregateInvoker.php:56
/var/www/html/technotrends/dev/tests/static/testsuite/Magento/Test/Php/XssPhtmlTemplateTest.php:49

Data set: app/design/frontend/Snowdog/alpaca/Magento_Theme/templates/js/global-variables.phtml
Potentially XSS vulnerability. Please verify that output is escaped at lines 2
Failed asserting that a string is empty.
/var/www/html/technotrends/dev/tests/static/testsuite/Magento/Test/Php/XssPhtmlTemplateTest.php:46
/var/www/html/technotrends/vendor/magento/framework/App/Utility/AggregateInvoker.php:56
/var/www/html/technotrends/dev/tests/static/testsuite/Magento/Test/Php/XssPhtmlTemplateTest.php:49

Data set: app/design/frontend/Snowdog/alpaca/Magento_Theme/templates/html/skip.phtml
Potentially XSS vulnerability. Please verify that output is escaped at lines 6,7,9
Failed asserting that a string is empty.
/var/www/html/technotrends/dev/tests/static/testsuite/Magento/Test/Php/XssPhtmlTemplateTest.php:46
/var/www/html/technotrends/vendor/magento/framework/App/Utility/AggregateInvoker.php:56
/var/www/html/technotrends/dev/tests/static/testsuite/Magento/Test/Php/XssPhtmlTemplateTest.php:49

Data set: app/design/frontend/Snowdog/alpaca/Magento_Theme/templates/html/pager.phtml
Potentially XSS vulnerability. Please verify that output is escaped at lines 10,12,14,23,37,42,58,59,60,63,71,79,88,92,93,101,109,110,119,120,121,124
Failed asserting that a string is empty.
/var/www/html/technotrends/dev/tests/static/testsuite/Magento/Test/Php/XssPhtmlTemplateTest.php:46
/var/www/html/technotrends/vendor/magento/framework/App/Utility/AggregateInvoker.php:56
/var/www/html/technotrends/dev/tests/static/testsuite/Magento/Test/Php/XssPhtmlTemplateTest.php:49

Data set: app/design/frontend/Snowdog/alpaca/Magento_Theme/templates/html/wrapper-collapsible-icon.phtml
Potentially XSS vulnerability. Please verify that output is escaped at lines 4,8
Failed asserting that a string is empty.
/var/www/html/technotrends/dev/tests/static/testsuite/Magento/Test/Php/XssPhtmlTemplateTest.php:46
/var/www/html/technotrends/vendor/magento/framework/App/Utility/AggregateInvoker.php:56
/var/www/html/technotrends/dev/tests/static/testsuite/Magento/Test/Php/XssPhtmlTemplateTest.php:49

Data set: app/design/frontend/Snowdog/alpaca/Magento_Theme/templates/html/title.phtml
Potentially XSS vulnerability. Please verify that output is escaped at lines 9,18
Failed asserting that a string is empty.
/var/www/html/technotrends/dev/tests/static/testsuite/Magento/Test/Php/XssPhtmlTemplateTest.php:46
/var/www/html/technotrends/vendor/magento/framework/App/Utility/AggregateInvoker.php:56
/var/www/html/technotrends/dev/tests/static/testsuite/Magento/Test/Php/XssPhtmlTemplateTest.php:49

Data set: app/design/frontend/Snowdog/alpaca/Magento_Theme/templates/footer/footer.phtml
Potentially XSS vulnerability. Please verify that output is escaped at lines 13,28
Failed asserting that a string is empty.
/var/www/html/technotrends/dev/tests/static/testsuite/Magento/Test/Php/XssPhtmlTemplateTest.php:46
/var/www/html/technotrends/vendor/magento/framework/App/Utility/AggregateInvoker.php:56
/var/www/html/technotrends/dev/tests/static/testsuite/Magento/Test/Php/XssPhtmlTemplateTest.php:49

Data set: app/design/frontend/Snowdog/alpaca/Magento_Theme/templates/footer/social-links.phtml
Potentially XSS vulnerability. Please verify that output is escaped at lines 3,10,13,21,24,32,35,43,46,54,57
Failed asserting that a string is empty.
/var/www/html/technotrends/dev/tests/static/testsuite/Magento/Test/Php/XssPhtmlTemplateTest.php:46
/var/www/html/technotrends/vendor/magento/framework/App/Utility/AggregateInvoker.php:56
/var/www/html/technotrends/dev/tests/static/testsuite/Magento/Test/Php/XssPhtmlTemplateTest.php:49

Data set: app/design/frontend/Snowdog/alpaca/Magento_CustomerCustomAttributes/templates/customer/address/edit.phtml
Potentially XSS vulnerability. Please verify that output is escaped at lines 7,11,15,20,21,31,38,40,50,57,58,69,76,78,86,96,103,105,116,117,124,125,126,138,145,146,158,165,166,177,183,188,197,198,208,215,220,227,241,246,249,257,270,274,283,296,300,315,317,326,344,345,346
Failed asserting that a string is empty.
/var/www/html/technotrends/dev/tests/static/testsuite/Magento/Test/Php/XssPhtmlTemplateTest.php:46
/var/www/html/technotrends/vendor/magento/framework/App/Utility/AggregateInvoker.php:56
/var/www/html/technotrends/dev/tests/static/testsuite/Magento/Test/Php/XssPhtmlTemplateTest.php:49

Data set: app/design/frontend/Snowdog/alpaca/Magento_CustomerCustomAttributes/templates/customer/form/edit.phtml
Potentially XSS vulnerability. Please verify that output is escaped at lines 4,7,13,50,54,58,70,77,81,91,100,111,118,146,154,155,165,167,178,200,202,211,222,250,251,252
Failed asserting that a string is empty.
/var/www/html/technotrends/dev/tests/static/testsuite/Magento/Test/Php/XssPhtmlTemplateTest.php:46
/var/www/html/technotrends/vendor/magento/framework/App/Utility/AggregateInvoker.php:56
/var/www/html/technotrends/dev/tests/static/testsuite/Magento/Test/Php/XssPhtmlTemplateTest.php:49

Data set: app/design/frontend/Snowdog/alpaca/Magento_CustomerCustomAttributes/templates/customer/form/register.phtml
Potentially XSS vulnerability. Please verify that output is escaped at lines 10,19,23,27,34,41,44,72,77,83,84,89,95,96,104,109,111,118,120,125,126,127,136,140,141,148,152,157,164,165,172,177,179,185,202,205,211,218,231,236,247,249,256,260,271,273,284,313,318,319,320
Failed asserting that a string is empty.
/var/www/html/technotrends/dev/tests/static/testsuite/Magento/Test/Php/XssPhtmlTemplateTest.php:46
/var/www/html/technotrends/vendor/magento/framework/App/Utility/AggregateInvoker.php:56
/var/www/html/technotrends/dev/tests/static/testsuite/Magento/Test/Php/XssPhtmlTemplateTest.php:49

Data set: app/design/frontend/Snowdog/alpaca/Magento_QuickOrder/templates/advancedcheckout/customer/file.phtml
Potentially XSS vulnerability. Please verify that output is escaped at lines 13,30,35
Failed asserting that a string is empty.
/var/www/html/technotrends/dev/tests/static/testsuite/Magento/Test/Php/XssPhtmlTemplateTest.php:46
/var/www/html/technotrends/vendor/magento/framework/App/Utility/AggregateInvoker.php:56
/var/www/html/technotrends/dev/tests/static/testsuite/Magento/Test/Php/XssPhtmlTemplateTest.php:49

Data set: app/design/frontend/Snowdog/alpaca/Magento_QuickOrder/templates/widget/sku.phtml
Potentially XSS vulnerability. Please verify that output is escaped at lines 9,13,31,37,54,57,70,76,88,106,130
Failed asserting that a string is empty.
/var/www/html/technotrends/dev/tests/static/testsuite/Magento/Test/Php/XssPhtmlTemplateTest.php:46
/var/www/html/technotrends/vendor/magento/framework/App/Utility/AggregateInvoker.php:56
/var/www/html/technotrends/dev/tests/static/testsuite/Magento/Test/Php/XssPhtmlTemplateTest.php:49

Data set: app/design/frontend/Snowdog/alpaca/Magento_GiftCardAccount/templates/cart/block.phtml
Potentially XSS vulnerability. Please verify that output is escaped at lines 21,47
Failed asserting that a string is empty.
/var/www/html/technotrends/dev/tests/static/testsuite/Magento/Test/Php/XssPhtmlTemplateTest.php:46
/var/www/html/technotrends/vendor/magento/framework/App/Utility/AggregateInvoker.php:56
/var/www/html/technotrends/dev/tests/static/testsuite/Magento/Test/Php/XssPhtmlTemplateTest.php:49

Data set: app/design/frontend/Snowdog/alpaca/Magento_GiftCardAccount/templates/account/redeem.phtml
Potentially XSS vulnerability. Please verify that output is escaped at lines 44
Failed asserting that a string is empty.
/var/www/html/technotrends/dev/tests/static/testsuite/Magento/Test/Php/XssPhtmlTemplateTest.php:46
/var/www/html/technotrends/vendor/magento/framework/App/Utility/AggregateInvoker.php:56
/var/www/html/technotrends/dev/tests/static/testsuite/Magento/Test/Php/XssPhtmlTemplateTest.php:49

Data set: app/design/frontend/Snowdog/alpaca/Magento_Bundle/templates/catalog/product/view/summary.phtml
Potentially XSS vulnerability. Please verify that output is escaped at lines 15,20,37
Failed asserting that a string is empty.
/var/www/html/technotrends/dev/tests/static/testsuite/Magento/Test/Php/XssPhtmlTemplateTest.php:46
/var/www/html/technotrends/vendor/magento/framework/App/Utility/AggregateInvoker.php:56
/var/www/html/technotrends/dev/tests/static/testsuite/Magento/Test/Php/XssPhtmlTemplateTest.php:49

Data set: app/design/frontend/Snowdog/alpaca/Magento_Bundle/templates/catalog/product/view/type/bundle.phtml
Potentially XSS vulnerability. Please verify that output is escaped at lines 5,14
Failed asserting that a string is empty.
/var/www/html/technotrends/dev/tests/static/testsuite/Magento/Test/Php/XssPhtmlTemplateTest.php:46
/var/www/html/technotrends/vendor/magento/framework/App/Utility/AggregateInvoker.php:56
/var/www/html/technotrends/dev/tests/static/testsuite/Magento/Test/Php/XssPhtmlTemplateTest.php:49

Data set: app/design/frontend/Snowdog/alpaca/Magento_Bundle/templates/catalog/product/view/type/bundle/options.phtml
Potentially XSS vulnerability. Please verify that output is escaped at lines 14,23,36
Failed asserting that a string is empty.
/var/www/html/technotrends/dev/tests/static/testsuite/Magento/Test/Php/XssPhtmlTemplateTest.php:46
/var/www/html/technotrends/vendor/magento/framework/App/Utility/AggregateInvoker.php:56
/var/www/html/technotrends/dev/tests/static/testsuite/Magento/Test/Php/XssPhtmlTemplateTest.php:49

Data set: app/design/frontend/Snowdog/alpaca/Magento_Bundle/templates/catalog/product/view/type/bundle/option/select.phtml
Potentially XSS vulnerability. Please verify that output is escaped at lines 17,21,22,27,28,29,35,38,41,51,53,57,60,61,62
Failed asserting that a string is empty.
/var/www/html/technotrends/dev/tests/static/testsuite/Magento/Test/Php/XssPhtmlTemplateTest.php:46
/var/www/html/technotrends/vendor/magento/framework/App/Utility/AggregateInvoker.php:56
/var/www/html/technotrends/dev/tests/static/testsuite/Magento/Test/Php/XssPhtmlTemplateTest.php:49

Data set: app/design/frontend/Snowdog/alpaca/Magento_Bundle/templates/catalog/product/view/type/bundle/option/multi.phtml
Potentially XSS vulnerability. Please verify that output is escaped at lines 15,18,19,25,26,27,33,38,42
Failed asserting that a string is empty.
/var/www/html/technotrends/dev/tests/static/testsuite/Magento/Test/Php/XssPhtmlTemplateTest.php:46
/var/www/html/technotrends/vendor/magento/framework/App/Utility/AggregateInvoker.php:56
/var/www/html/technotrends/dev/tests/static/testsuite/Magento/Test/Php/XssPhtmlTemplateTest.php:49

Data set: app/design/frontend/Snowdog/alpaca/Magento_Bundle/templates/catalog/product/view/type/bundle/option/radio.phtml
Potentially XSS vulnerability. Please verify that output is escaped at lines 19,34,35,36,42,45,54,56,57,60,64,67,78,80,84,87,88,89
Failed asserting that a string is empty.
/var/www/html/technotrends/dev/tests/static/testsuite/Magento/Test/Php/XssPhtmlTemplateTest.php:46
/var/www/html/technotrends/vendor/magento/framework/App/Utility/AggregateInvoker.php:56
/var/www/html/technotrends/dev/tests/static/testsuite/Magento/Test/Php/XssPhtmlTemplateTest.php:49

Data set: app/design/frontend/Snowdog/alpaca/Magento_Bundle/templates/catalog/product/view/type/bundle/option/checkbox.phtml
Potentially XSS vulnerability. Please verify that output is escaped at lines 15,19,20,27,29,30,31,34,37,38,42,44
Failed asserting that a string is empty.
/var/www/html/technotrends/dev/tests/static/testsuite/Magento/Test/Php/XssPhtmlTemplateTest.php:46
/var/www/html/technotrends/vendor/magento/framework/App/Utility/AggregateInvoker.php:56
/var/www/html/technotrends/dev/tests/static/testsuite/Magento/Test/Php/XssPhtmlTemplateTest.php:49

Data set: app/design/frontend/Snowdog/alpaca/Magento_Bundle/templates/product/price/final_price.phtml
Potentially XSS vulnerability. Please verify that output is escaped at lines 18,20,25,36,38,44,53,55,61,70,75
Failed asserting that a string is empty.
/var/www/html/technotrends/dev/tests/static/testsuite/Magento/Test/Php/XssPhtmlTemplateTest.php:46
/var/www/html/technotrends/vendor/magento/framework/App/Utility/AggregateInvoker.php:56
/var/www/html/technotrends/dev/tests/static/testsuite/Magento/Test/Php/XssPhtmlTemplateTest.php:49

Data set: app/design/frontend/Snowdog/alpaca/Magento_LayeredNavigation/templates/layer/filter.phtml
Potentially XSS vulnerability. Please verify that output is escaped at lines 9,12
Failed asserting that a string is empty.
/var/www/html/technotrends/dev/tests/static/testsuite/Magento/Test/Php/XssPhtmlTemplateTest.php:46
/var/www/html/technotrends/vendor/magento/framework/App/Utility/AggregateInvoker.php:56
/var/www/html/technotrends/dev/tests/static/testsuite/Magento/Test/Php/XssPhtmlTemplateTest.php:49

Data set: app/design/frontend/Snowdog/alpaca/Magento_LayeredNavigation/templates/layer/state.phtml
Potentially XSS vulnerability. Please verify that output is escaped at lines 7,11,19,21,27,35,42,48,50,52
Failed asserting that a string is empty.
/var/www/html/technotrends/dev/tests/static/testsuite/Magento/Test/Php/XssPhtmlTemplateTest.php:46
/var/www/html/technotrends/vendor/magento/framework/App/Utility/AggregateInvoker.php:56
/var/www/html/technotrends/dev/tests/static/testsuite/Magento/Test/Php/XssPhtmlTemplateTest.php:49

Data set: app/design/frontend/Snowdog/alpaca/Magento_LayeredNavigation/templates/layer/view.phtml
Potentially XSS vulnerability. Please verify that output is escaped at lines 16,18,34,50,57,61,66
Failed asserting that a string is empty.
/var/www/html/technotrends/dev/tests/static/testsuite/Magento/Test/Php/XssPhtmlTemplateTest.php:46
/var/www/html/technotrends/vendor/magento/framework/App/Utility/AggregateInvoker.php:56
/var/www/html/technotrends/dev/tests/static/testsuite/Magento/Test/Php/XssPhtmlTemplateTest.php:49

Data set: app/design/frontend/Snowdog/alpaca/Magento_GiftMessage/templates/cart/gift_options.phtml
Potentially XSS vulnerability. Please verify that output is escaped at lines 9,14
Failed asserting that a string is empty.
/var/www/html/technotrends/dev/tests/static/testsuite/Magento/Test/Php/XssPhtmlTemplateTest.php:46
/var/www/html/technotrends/vendor/magento/framework/App/Utility/AggregateInvoker.php:56
/var/www/html/technotrends/dev/tests/static/testsuite/Magento/Test/Php/XssPhtmlTemplateTest.php:49

Data set: app/design/frontend/Snowdog/alpaca/Magento_Customer/templates/address/book.phtml
Potentially XSS vulnerability. Please verify that output is escaped at lines 9,16,28,30,38,43,52,64,66,74,79,89,105,107,113,115,123,133,136,142,152,154
Failed asserting that a string is empty.
/var/www/html/technotrends/dev/tests/static/testsuite/Magento/Test/Php/XssPhtmlTemplateTest.php:46
/var/www/html/technotrends/vendor/magento/framework/App/Utility/AggregateInvoker.php:56
/var/www/html/technotrends/dev/tests/static/testsuite/Magento/Test/Php/XssPhtmlTemplateTest.php:49

Data set: app/design/frontend/Snowdog/alpaca/Magento_Customer/templates/address/edit.phtml
Potentially XSS vulnerability. Please verify that output is escaped at lines 6,10,14,19,20,30,36,38,48,54,55,66,72,74,82,92,98,100,111,112,118,119,120,132,138,139,151,157,158,170,175,178,181,189,190,191,201,207,212,219,232,237,240,248,260,264,273,285,289,303,305,313,331,332,333
Failed asserting that a string is empty.
/var/www/html/technotrends/dev/tests/static/testsuite/Magento/Test/Php/XssPhtmlTemplateTest.php:46
/var/www/html/technotrends/vendor/magento/framework/App/Utility/AggregateInvoker.php:56
/var/www/html/technotrends/dev/tests/static/testsuite/Magento/Test/Php/XssPhtmlTemplateTest.php:49

Data set: app/design/frontend/Snowdog/alpaca/Magento_Customer/templates/form/edit.phtml
Potentially XSS vulnerability. Please verify that output is escaped at lines 4,7,13,49,54,58,70,77,81,91,100,111,118,146,154,155,166,168,179,201,203,212,223,251,252,253
Failed asserting that a string is empty.
/var/www/html/technotrends/dev/tests/static/testsuite/Magento/Test/Php/XssPhtmlTemplateTest.php:46
/var/www/html/technotrends/vendor/magento/framework/App/Utility/AggregateInvoker.php:56
/var/www/html/technotrends/dev/tests/static/testsuite/Magento/Test/Php/XssPhtmlTemplateTest.php:49

Data set: app/design/frontend/Snowdog/alpaca/Magento_Customer/templates/form/forgotpassword.phtml
Potentially XSS vulnerability. Please verify that output is escaped at lines 6,9
Failed asserting that a string is empty.
/var/www/html/technotrends/dev/tests/static/testsuite/Magento/Test/Php/XssPhtmlTemplateTest.php:46
/var/www/html/technotrends/vendor/magento/framework/App/Utility/AggregateInvoker.php:56
/var/www/html/technotrends/dev/tests/static/testsuite/Magento/Test/Php/XssPhtmlTemplateTest.php:49

Data set: app/design/frontend/Snowdog/alpaca/Magento_Customer/templates/form/confirmation.phtml
Potentially XSS vulnerability. Please verify that output is escaped at lines 11,15,27,33
Failed asserting that a string is empty.
/var/www/html/technotrends/dev/tests/static/testsuite/Magento/Test/Php/XssPhtmlTemplateTest.php:46
/var/www/html/technotrends/vendor/magento/framework/App/Utility/AggregateInvoker.php:56
/var/www/html/technotrends/dev/tests/static/testsuite/Magento/Test/Php/XssPhtmlTemplateTest.php:49

Data set: app/design/frontend/Snowdog/alpaca/Magento_Customer/templates/form/newsletter.phtml
Potentially XSS vulnerability. Please verify that output is escaped at lines 4,11,19,27,31,41,44,52
Failed asserting that a string is empty.
/var/www/html/technotrends/dev/tests/static/testsuite/Magento/Test/Php/XssPhtmlTemplateTest.php:46
/var/www/html/technotrends/vendor/magento/framework/App/Utility/AggregateInvoker.php:56
/var/www/html/technotrends/dev/tests/static/testsuite/Magento/Test/Php/XssPhtmlTemplateTest.php:49

Data set: app/design/frontend/Snowdog/alpaca/Magento_Customer/templates/form/register.phtml
Potentially XSS vulnerability. Please verify that output is escaped at lines 7,16,22,27,40,51,60,85,88,93,101,116,122,157,162,174,176,186
Failed asserting that a string is empty.
/var/www/html/technotrends/dev/tests/static/testsuite/Magento/Test/Php/XssPhtmlTemplateTest.php:46
/var/www/html/technotrends/vendor/magento/framework/App/Utility/AggregateInvoker.php:56
/var/www/html/technotrends/dev/tests/static/testsuite/Magento/Test/Php/XssPhtmlTemplateTest.php:49

Data set: app/design/frontend/Snowdog/alpaca/Magento_Customer/templates/form/resetforgottenpassword.phtml
Potentially XSS vulnerability. Please verify that output is escaped at lines 11,22,48,54,63,79
Failed asserting that a string is empty.
/var/www/html/technotrends/dev/tests/static/testsuite/Magento/Test/Php/XssPhtmlTemplateTest.php:46
/var/www/html/technotrends/vendor/magento/framework/App/Utility/AggregateInvoker.php:56
/var/www/html/technotrends/dev/tests/static/testsuite/Magento/Test/Php/XssPhtmlTemplateTest.php:49

Data set: app/design/frontend/Snowdog/alpaca/Magento_Customer/templates/form/login.phtml
Potentially XSS vulnerability. Please verify that output is escaped at lines 11,15,19,29,38,44,52,65,68,71
Failed asserting that a string is empty.
/var/www/html/technotrends/dev/tests/static/testsuite/Magento/Test/Php/XssPhtmlTemplateTest.php:46
/var/www/html/technotrends/vendor/magento/framework/App/Utility/AggregateInvoker.php:56
/var/www/html/technotrends/dev/tests/static/testsuite/Magento/Test/Php/XssPhtmlTemplateTest.php:49

Data set: app/design/frontend/Snowdog/alpaca/Magento_Customer/templates/account/navigation.phtml
Potentially XSS vulnerability. Please verify that output is escaped at lines 3,8
Failed asserting that a string is empty.
/var/www/html/technotrends/dev/tests/static/testsuite/Magento/Test/Php/XssPhtmlTemplateTest.php:46
/var/www/html/technotrends/vendor/magento/framework/App/Utility/AggregateInvoker.php:56
/var/www/html/technotrends/dev/tests/static/testsuite/Magento/Test/Php/XssPhtmlTemplateTest.php:49

Data set: app/design/frontend/Snowdog/alpaca/Magento_Customer/templates/account/link/logout.phtml
Potentially XSS vulnerability. Please verify that output is escaped at lines 3,4,6
Failed asserting that a string is empty.
/var/www/html/technotrends/dev/tests/static/testsuite/Magento/Test/Php/XssPhtmlTemplateTest.php:46
/var/www/html/technotrends/vendor/magento/framework/App/Utility/AggregateInvoker.php:56
/var/www/html/technotrends/dev/tests/static/testsuite/Magento/Test/Php/XssPhtmlTemplateTest.php:49

Data set: app/design/frontend/Snowdog/alpaca/Magento_Customer/templates/account/link/customer-link.phtml
Potentially XSS vulnerability. Please verify that output is escaped at lines 5
Failed asserting that a string is empty.
/var/www/html/technotrends/dev/tests/static/testsuite/Magento/Test/Php/XssPhtmlTemplateTest.php:46
/var/www/html/technotrends/vendor/magento/framework/App/Utility/AggregateInvoker.php:56
/var/www/html/technotrends/dev/tests/static/testsuite/Magento/Test/Php/XssPhtmlTemplateTest.php:49

Data set: app/design/frontend/Snowdog/alpaca/Magento_Customer/templates/account/link/authorization.phtml
Potentially XSS vulnerability. Please verify that output is escaped at lines 13
Failed asserting that a string is empty.
/var/www/html/technotrends/dev/tests/static/testsuite/Magento/Test/Php/XssPhtmlTemplateTest.php:46
/var/www/html/technotrends/vendor/magento/framework/App/Utility/AggregateInvoker.php:56
/var/www/html/technotrends/dev/tests/static/testsuite/Magento/Test/Php/XssPhtmlTemplateTest.php:49

Data set: app/design/frontend/Snowdog/alpaca/Magento_Customer/templates/account/dashboard/info.phtml
Potentially XSS vulnerability. Please verify that output is escaped at lines 3,9,24,27,30,33,42,47,49,59,61
Failed asserting that a string is empty.
/var/www/html/technotrends/dev/tests/static/testsuite/Magento/Test/Php/XssPhtmlTemplateTest.php:46
/var/www/html/technotrends/vendor/magento/framework/App/Utility/AggregateInvoker.php:56
/var/www/html/technotrends/dev/tests/static/testsuite/Magento/Test/Php/XssPhtmlTemplateTest.php:49

Data set: app/design/frontend/Snowdog/alpaca/Magento_Customer/templates/account/dashboard/address.phtml
Potentially XSS vulnerability. Please verify that output is escaped at lines 4,8,10,17,29,32,40,52,55
Failed asserting that a string is empty.
/var/www/html/technotrends/dev/tests/static/testsuite/Magento/Test/Php/XssPhtmlTemplateTest.php:46
/var/www/html/technotrends/vendor/magento/framework/App/Utility/AggregateInvoker.php:56
/var/www/html/technotrends/dev/tests/static/testsuite/Magento/Test/Php/XssPhtmlTemplateTest.php:49

Data set: app/design/frontend/Snowdog/alpaca/Magento_Customer/templates/widget/taxvat.phtml
Potentially XSS vulnerability. Please verify that output is escaped at lines 3,5,8,9,11,12,13
Failed asserting that a string is empty.
/var/www/html/technotrends/dev/tests/static/testsuite/Magento/Test/Php/XssPhtmlTemplateTest.php:46
/var/www/html/technotrends/vendor/magento/framework/App/Utility/AggregateInvoker.php:56
/var/www/html/technotrends/dev/tests/static/testsuite/Magento/Test/Php/XssPhtmlTemplateTest.php:49

Data set: app/design/frontend/Snowdog/alpaca/Magento_Customer/templates/widget/gender.phtml
Potentially XSS vulnerability. Please verify that output is escaped at lines 3,5,8,9,10,14,19,22
Failed asserting that a string is empty.
/var/www/html/technotrends/dev/tests/static/testsuite/Magento/Test/Php/XssPhtmlTemplateTest.php:46
/var/www/html/technotrends/vendor/magento/framework/App/Utility/AggregateInvoker.php:56
/var/www/html/technotrends/dev/tests/static/testsuite/Magento/Test/Php/XssPhtmlTemplateTest.php:49

Data set: app/design/frontend/Snowdog/alpaca/Magento_Customer/templates/widget/name.phtml
Potentially XSS vulnerability. Please verify that output is escaped at lines 27,28,31,39,41,45,46,48,49,50,54,55,56,57,58,62,65,74,76,79,80,82,83,84,92,94,97,98,100,101,102,109,111,114,115,117,118,119,126,128,132,133,135,136,137,141,142,143,144,145,149,152
Failed asserting that a string is empty.
/var/www/html/technotrends/dev/tests/static/testsuite/Magento/Test/Php/XssPhtmlTemplateTest.php:46
/var/www/html/technotrends/vendor/magento/framework/App/Utility/AggregateInvoker.php:56
/var/www/html/technotrends/dev/tests/static/testsuite/Magento/Test/Php/XssPhtmlTemplateTest.php:49

Data set: app/design/frontend/Snowdog/alpaca/Magento_Customer/templates/widget/dob.phtml
Potentially XSS vulnerability. Please verify that output is escaped at lines 31,33,38
Failed asserting that a string is empty.
/var/www/html/technotrends/dev/tests/static/testsuite/Magento/Test/Php/XssPhtmlTemplateTest.php:46
/var/www/html/technotrends/vendor/magento/framework/App/Utility/AggregateInvoker.php:56
/var/www/html/technotrends/dev/tests/static/testsuite/Magento/Test/Php/XssPhtmlTemplateTest.php:49

Data set: app/design/frontend/Snowdog/alpaca/Magento_GiftRegistry/templates/customer/share.phtml
Potentially XSS vulnerability. Please verify that output is escaped at lines 4,9,17,21,32,41,44,48,53,68,72,73,83,92,97,105,113,122,130,143,152
Failed asserting that a string is empty.
/var/www/html/technotrends/dev/tests/static/testsuite/Magento/Test/Php/XssPhtmlTemplateTest.php:46
/var/www/html/technotrends/vendor/magento/framework/App/Utility/AggregateInvoker.php:56
/var/www/html/technotrends/dev/tests/static/testsuite/Magento/Test/Php/XssPhtmlTemplateTest.php:49

Data set: app/design/frontend/Snowdog/alpaca/Magento_GiftRegistry/templates/customer/list.phtml
Potentially XSS vulnerability. Please verify that output is escaped at lines 7,16,20,24,38,40,46,52,58,60,62,65,67,69,72,74,76,80,82,85,101,111,120,138
Failed asserting that a string is empty.
/var/www/html/technotrends/dev/tests/static/testsuite/Magento/Test/Php/XssPhtmlTemplateTest.php:46
/var/www/html/technotrends/vendor/magento/framework/App/Utility/AggregateInvoker.php:56
/var/www/html/technotrends/dev/tests/static/testsuite/Magento/Test/Php/XssPhtmlTemplateTest.php:49

Data set: app/design/frontend/Snowdog/alpaca/Magento_GiftRegistry/templates/address/edit.phtml
Potentially XSS vulnerability. Please verify that output is escaped at lines 6,12,30,38,42,43,48
Failed asserting that a string is empty.
/var/www/html/technotrends/dev/tests/static/testsuite/Magento/Test/Php/XssPhtmlTemplateTest.php:46
/var/www/html/technotrends/vendor/magento/framework/App/Utility/AggregateInvoker.php:56
/var/www/html/technotrends/dev/tests/static/testsuite/Magento/Test/Php/XssPhtmlTemplateTest.php:49

Data set: app/design/frontend/Snowdog/alpaca/Magento_GiftRegistry/templates/edit/edit.phtml
Potentially XSS vulnerability. Please verify that output is escaped at lines 1
Failed asserting that a string is empty.
/var/www/html/technotrends/dev/tests/static/testsuite/Magento/Test/Php/XssPhtmlTemplateTest.php:46
/var/www/html/technotrends/vendor/magento/framework/App/Utility/AggregateInvoker.php:56
/var/www/html/technotrends/dev/tests/static/testsuite/Magento/Test/Php/XssPhtmlTemplateTest.php:49

Data set: app/design/frontend/Snowdog/alpaca/Magento_GiftRegistry/templates/edit/addselect.phtml
Potentially XSS vulnerability. Please verify that output is escaped at lines 1,5,11,16,26,30,31,41,44,52
Failed asserting that a string is empty.
/var/www/html/technotrends/dev/tests/static/testsuite/Magento/Test/Php/XssPhtmlTemplateTest.php:46
/var/www/html/technotrends/vendor/magento/framework/App/Utility/AggregateInvoker.php:56
/var/www/html/technotrends/dev/tests/static/testsuite/Magento/Test/Php/XssPhtmlTemplateTest.php:49

Data set: app/design/frontend/Snowdog/alpaca/Magento_GiftRegistry/templates/edit/registrants.phtml
Potentially XSS vulnerability. Please verify that output is escaped at lines 6,20,34,39,61,62,66,67,72,76,77,90,91,95,96,102,106,107,113,114,115,116,117,146,147
Failed asserting that a string is empty.
/var/www/html/technotrends/dev/tests/static/testsuite/Magento/Test/Php/XssPhtmlTemplateTest.php:46
/var/www/html/technotrends/vendor/magento/framework/App/Utility/AggregateInvoker.php:56
/var/www/html/technotrends/dev/tests/static/testsuite/Magento/Test/Php/XssPhtmlTemplateTest.php:49

Data set: app/design/frontend/Snowdog/alpaca/Magento_GiftRegistry/templates/edit/registry.phtml
Potentially XSS vulnerability. Please verify that output is escaped at lines 1,2,5,11,15,23,30,38,46,53,61,71,72,84,100,101,105,106,111,115,116,128,129,133,134,135,136,137,138,151
Failed asserting that a string is empty.
/var/www/html/technotrends/dev/tests/static/testsuite/Magento/Test/Php/XssPhtmlTemplateTest.php:46
/var/www/html/technotrends/vendor/magento/framework/App/Utility/AggregateInvoker.php:56
/var/www/html/technotrends/dev/tests/static/testsuite/Magento/Test/Php/XssPhtmlTemplateTest.php:49

Data set: app/design/frontend/Snowdog/alpaca/Magento_Company/templates/company/role/grid/buttons.phtml
Potentially XSS vulnerability. Please verify that output is escaped at lines 11
Failed asserting that a string is empty.
/var/www/html/technotrends/dev/tests/static/testsuite/Magento/Test/Php/XssPhtmlTemplateTest.php:46
/var/www/html/technotrends/vendor/magento/framework/App/Utility/AggregateInvoker.php:56
/var/www/html/technotrends/dev/tests/static/testsuite/Magento/Test/Php/XssPhtmlTemplateTest.php:49

Data set: app/design/frontend/Snowdog/alpaca/Magento_Company/templates/company/account/create_link.phtml
Potentially XSS vulnerability. Please verify that output is escaped at lines 6,11,21
Failed asserting that a string is empty.
/var/www/html/technotrends/dev/tests/static/testsuite/Magento/Test/Php/XssPhtmlTemplateTest.php:46
/var/www/html/technotrends/vendor/magento/framework/App/Utility/AggregateInvoker.php:56
/var/www/html/technotrends/dev/tests/static/testsuite/Magento/Test/Php/XssPhtmlTemplateTest.php:49

Data set: app/design/frontend/Snowdog/alpaca/Magento_Company/templates/company/account/create.phtml
Potentially XSS vulnerability. Please verify that output is escaped at lines 14,69,239,257,265,317,322,324
Failed asserting that a string is empty.
/var/www/html/technotrends/dev/tests/static/testsuite/Magento/Test/Php/XssPhtmlTemplateTest.php:46
/var/www/html/technotrends/vendor/magento/framework/App/Utility/AggregateInvoker.php:56
/var/www/html/technotrends/dev/tests/static/testsuite/Magento/Test/Php/XssPhtmlTemplateTest.php:49

Data set: app/design/frontend/Snowdog/alpaca/Magento_Company/templates/company/management/profile/edit.phtml
Potentially XSS vulnerability. Please verify that output is escaped at lines 164,166,184,252,253,254
Failed asserting that a string is empty.
/var/www/html/technotrends/dev/tests/static/testsuite/Magento/Test/Php/XssPhtmlTemplateTest.php:46
/var/www/html/technotrends/vendor/magento/framework/App/Utility/AggregateInvoker.php:56
/var/www/html/technotrends/dev/tests/static/testsuite/Magento/Test/Php/XssPhtmlTemplateTest.php:49

Data set: app/design/frontend/Snowdog/alpaca/Magento_Company/templates/company/management/profile/index.phtml
Potentially XSS vulnerability. Please verify that output is escaped at lines 24,59
Failed asserting that a string is empty.
/var/www/html/technotrends/dev/tests/static/testsuite/Magento/Test/Php/XssPhtmlTemplateTest.php:46
/var/www/html/technotrends/vendor/magento/framework/App/Utility/AggregateInvoker.php:56
/var/www/html/technotrends/dev/tests/static/testsuite/Magento/Test/Php/XssPhtmlTemplateTest.php:49

Data set: app/design/frontend/Snowdog/alpaca/Magento_RequisitionList/templates/requisition/view/items/buttons.phtml
Potentially XSS vulnerability. Please verify that output is escaped at lines 21,38
Failed asserting that a string is empty.
/var/www/html/technotrends/dev/tests/static/testsuite/Magento/Test/Php/XssPhtmlTemplateTest.php:46
/var/www/html/technotrends/vendor/magento/framework/App/Utility/AggregateInvoker.php:56
/var/www/html/technotrends/dev/tests/static/testsuite/Magento/Test/Php/XssPhtmlTemplateTest.php:49

Data set: app/design/frontend/Snowdog/alpaca/Magento_RequisitionList/templates/requisition/view/items/options_list.phtml
Potentially XSS vulnerability. Please verify that output is escaped at lines 14,16
Failed asserting that a string is empty.
/var/www/html/technotrends/dev/tests/static/testsuite/Magento/Test/Php/XssPhtmlTemplateTest.php:46
/var/www/html/technotrends/vendor/magento/framework/App/Utility/AggregateInvoker.php:56
/var/www/html/technotrends/dev/tests/static/testsuite/Magento/Test/Php/XssPhtmlTemplateTest.php:49

Data set: app/design/frontend/Snowdog/alpaca/Magento_RequisitionList/templates/requisition/view/items/grid.phtml
Potentially XSS vulnerability. Please verify that output is escaped at lines 19,59,63
Failed asserting that a string is empty.
/var/www/html/technotrends/dev/tests/static/testsuite/Magento/Test/Php/XssPhtmlTemplateTest.php:46
/var/www/html/technotrends/vendor/magento/framework/App/Utility/AggregateInvoker.php:56
/var/www/html/technotrends/dev/tests/static/testsuite/Magento/Test/Php/XssPhtmlTemplateTest.php:49

Data set: app/design/frontend/Snowdog/alpaca/Magento_RequisitionList/templates/requisition/view/items/item.phtml
Potentially XSS vulnerability. Please verify that output is escaped at lines 25,32,38,48,54,83,86
Failed asserting that a string is empty.
/var/www/html/technotrends/dev/tests/static/testsuite/Magento/Test/Php/XssPhtmlTemplateTest.php:46
/var/www/html/technotrends/vendor/magento/framework/App/Utility/AggregateInvoker.php:56
/var/www/html/technotrends/dev/tests/static/testsuite/Magento/Test/Php/XssPhtmlTemplateTest.php:49

Data set: app/design/frontend/Snowdog/alpaca/Magento_RequisitionList/templates/requisition/view/items/toolbar/massaction/move.phtml
Potentially XSS vulnerability. Please verify that output is escaped at lines 20,27,28,33
Failed asserting that a string is empty.
/var/www/html/technotrends/dev/tests/static/testsuite/Magento/Test/Php/XssPhtmlTemplateTest.php:46
/var/www/html/technotrends/vendor/magento/framework/App/Utility/AggregateInvoker.php:56
/var/www/html/technotrends/dev/tests/static/testsuite/Magento/Test/Php/XssPhtmlTemplateTest.php:49

Data set: app/design/frontend/Snowdog/alpaca/Magento_RequisitionList/templates/requisition/view/items/toolbar/massaction/copy.phtml
Potentially XSS vulnerability. Please verify that output is escaped at lines 20,27,28,33
Failed asserting that a string is empty.
/var/www/html/technotrends/dev/tests/static/testsuite/Magento/Test/Php/XssPhtmlTemplateTest.php:46
/var/www/html/technotrends/vendor/magento/framework/App/Utility/AggregateInvoker.php:56
/var/www/html/technotrends/dev/tests/static/testsuite/Magento/Test/Php/XssPhtmlTemplateTest.php:49

Data set: app/design/frontend/Snowdog/alpaca/Magento_RequisitionList/templates/requisition/view/items/toolbar/massaction/remove.phtml
Potentially XSS vulnerability. Please verify that output is escaped at lines 15,33,35
Failed asserting that a string is empty.
/var/www/html/technotrends/dev/tests/static/testsuite/Magento/Test/Php/XssPhtmlTemplateTest.php:46
/var/www/html/technotrends/vendor/magento/framework/App/Utility/AggregateInvoker.php:56
/var/www/html/technotrends/dev/tests/static/testsuite/Magento/Test/Php/XssPhtmlTemplateTest.php:49

Data set: app/design/frontend/Snowdog/alpaca/Magento_RequisitionList/templates/requisition/actions/create.phtml
Potentially XSS vulnerability. Please verify that output is escaped at lines 25
Failed asserting that a string is empty.
/var/www/html/technotrends/dev/tests/static/testsuite/Magento/Test/Php/XssPhtmlTemplateTest.php:46
/var/www/html/technotrends/vendor/magento/framework/App/Utility/AggregateInvoker.php:56
/var/www/html/technotrends/dev/tests/static/testsuite/Magento/Test/Php/XssPhtmlTemplateTest.php:49

Data set: app/design/frontend/Snowdog/alpaca/Magento_RequisitionList/templates/requisition/actions/rename.phtml
Potentially XSS vulnerability. Please verify that output is escaped at lines 56
Failed asserting that a string is empty.
/var/www/html/technotrends/dev/tests/static/testsuite/Magento/Test/Php/XssPhtmlTemplateTest.php:46
/var/www/html/technotrends/vendor/magento/framework/App/Utility/AggregateInvoker.php:56
/var/www/html/technotrends/dev/tests/static/testsuite/Magento/Test/Php/XssPhtmlTemplateTest.php:49

Data set: app/design/frontend/Snowdog/alpaca/Magento_GroupedProduct/templates/product/view/type/default.phtml
Potentially XSS vulnerability. Please verify that output is escaped at lines 9,13
Failed asserting that a string is empty.
/var/www/html/technotrends/dev/tests/static/testsuite/Magento/Test/Php/XssPhtmlTemplateTest.php:46
/var/www/html/technotrends/vendor/magento/framework/App/Utility/AggregateInvoker.php:56
/var/www/html/technotrends/dev/tests/static/testsuite/Magento/Test/Php/XssPhtmlTemplateTest.php:49

Data set: app/design/frontend/Snowdog/alpaca/Magento_GroupedProduct/templates/product/view/type/grouped.phtml
Potentially XSS vulnerability. Please verify that output is escaped at lines 14,19,27,36,43,49,58,61,62,74,102
Failed asserting that a string is empty.
/var/www/html/technotrends/dev/tests/static/testsuite/Magento/Test/Php/XssPhtmlTemplateTest.php:46
/var/www/html/technotrends/vendor/magento/framework/App/Utility/AggregateInvoker.php:56
/var/www/html/technotrends/dev/tests/static/testsuite/Magento/Test/Php/XssPhtmlTemplateTest.php:49

Data set: app/design/frontend/Snowdog/alpaca/Magento_Sales/templates/order/recent.phtml
Potentially XSS vulnerability. Please verify that output is escaped at lines 5,10,12,24,28,32,36,40,44,53,57
Failed asserting that a string is empty.
/var/www/html/technotrends/dev/tests/static/testsuite/Magento/Test/Php/XssPhtmlTemplateTest.php:46
/var/www/html/technotrends/vendor/magento/framework/App/Utility/AggregateInvoker.php:56
/var/www/html/technotrends/dev/tests/static/testsuite/Magento/Test/Php/XssPhtmlTemplateTest.php:49

Data set: app/design/frontend/Snowdog/alpaca/Magento_Sales/templates/order/info.phtml
Potentially XSS vulnerability. Please verify that output is escaped at lines 5,12,17,24,31,39,44,51
Failed asserting that a string is empty.
/var/www/html/technotrends/dev/tests/static/testsuite/Magento/Test/Php/XssPhtmlTemplateTest.php:46
/var/www/html/technotrends/vendor/magento/framework/App/Utility/AggregateInvoker.php:56
/var/www/html/technotrends/dev/tests/static/testsuite/Magento/Test/Php/XssPhtmlTemplateTest.php:49

Data set: app/design/frontend/Snowdog/alpaca/Magento_Sales/templates/order/view.phtml
Potentially XSS vulnerability. Please verify that output is escaped at lines 13,25,35,43,52,54
Failed asserting that a string is empty.
/var/www/html/technotrends/dev/tests/static/testsuite/Magento/Test/Php/XssPhtmlTemplateTest.php:46
/var/www/html/technotrends/vendor/magento/framework/App/Utility/AggregateInvoker.php:56
/var/www/html/technotrends/dev/tests/static/testsuite/Magento/Test/Php/XssPhtmlTemplateTest.php:49

Data set: app/design/frontend/Snowdog/alpaca/Magento_Sales/templates/order/title.phtml
Potentially XSS vulnerability. Please verify that output is escaped at lines 5,6,10
Failed asserting that a string is empty.
/var/www/html/technotrends/dev/tests/static/testsuite/Magento/Test/Php/XssPhtmlTemplateTest.php:46
/var/www/html/technotrends/vendor/magento/framework/App/Utility/AggregateInvoker.php:56
/var/www/html/technotrends/dev/tests/static/testsuite/Magento/Test/Php/XssPhtmlTemplateTest.php:49

Data set: app/design/frontend/Snowdog/alpaca/Magento_Sales/templates/order/items.phtml
Potentially XSS vulnerability. Please verify that output is escaped at lines 8,16,32,36,40,44,48,73,75,76,78,87,93,94,95,97,103,111,118
Failed asserting that a string is empty.
/var/www/html/technotrends/dev/tests/static/testsuite/Magento/Test/Php/XssPhtmlTemplateTest.php:46
/var/www/html/technotrends/vendor/magento/framework/App/Utility/AggregateInvoker.php:56
/var/www/html/technotrends/dev/tests/static/testsuite/Magento/Test/Php/XssPhtmlTemplateTest.php:49

Data set: app/design/frontend/Snowdog/alpaca/Magento_Sales/templates/order/history.phtml
Potentially XSS vulnerability. Please verify that output is escaped at lines 8,17,21,27,31,35,48,52
Failed asserting that a string is empty.
/var/www/html/technotrends/dev/tests/static/testsuite/Magento/Test/Php/XssPhtmlTemplateTest.php:46
/var/www/html/technotrends/vendor/magento/framework/App/Utility/AggregateInvoker.php:56
/var/www/html/technotrends/dev/tests/static/testsuite/Magento/Test/Php/XssPhtmlTemplateTest.php:49

Data set: app/design/frontend/Snowdog/alpaca/Magento_Sales/templates/order/creditmemo/items.phtml
Potentially XSS vulnerability. Please verify that output is escaped at lines 6,7,12,15,24,29,33,37,41,45,49,53
Failed asserting that a string is empty.
/var/www/html/technotrends/dev/tests/static/testsuite/Magento/Test/Php/XssPhtmlTemplateTest.php:46
/var/www/html/technotrends/vendor/magento/framework/App/Utility/AggregateInvoker.php:56
/var/www/html/technotrends/dev/tests/static/testsuite/Magento/Test/Php/XssPhtmlTemplateTest.php:49

Data set: app/design/frontend/Snowdog/alpaca/Magento_Sales/templates/order/invoice/items.phtml
Potentially XSS vulnerability. Please verify that output is escaped at lines 6,7,10,14,22,27,31,35,39,43
Failed asserting that a string is empty.
/var/www/html/technotrends/dev/tests/static/testsuite/Magento/Test/Php/XssPhtmlTemplateTest.php:46
/var/www/html/technotrends/vendor/magento/framework/App/Utility/AggregateInvoker.php:56
/var/www/html/technotrends/dev/tests/static/testsuite/Magento/Test/Php/XssPhtmlTemplateTest.php:49

Data set: app/design/frontend/Snowdog/alpaca/Magento_Sales/templates/order/invoice/items/renderer/default.phtml
Potentially XSS vulnerability. Please verify that output is escaped at lines 4,19,25,50,58
Failed asserting that a string is empty.
/var/www/html/technotrends/dev/tests/static/testsuite/Magento/Test/Php/XssPhtmlTemplateTest.php:46
/var/www/html/technotrends/vendor/magento/framework/App/Utility/AggregateInvoker.php:56
/var/www/html/technotrends/dev/tests/static/testsuite/Magento/Test/Php/XssPhtmlTemplateTest.php:49

Data set: app/design/frontend/Snowdog/alpaca/Magento_Sales/templates/order/items/renderer/default.phtml
Potentially XSS vulnerability. Please verify that output is escaped at lines 2,18,22,47,59,63,71,75,83,87,95,99
Failed asserting that a string is empty.
/var/www/html/technotrends/dev/tests/static/testsuite/Magento/Test/Php/XssPhtmlTemplateTest.php:46
/var/www/html/technotrends/vendor/magento/framework/App/Utility/AggregateInvoker.php:56
/var/www/html/technotrends/dev/tests/static/testsuite/Magento/Test/Php/XssPhtmlTemplateTest.php:49

Data set: app/design/frontend/Snowdog/alpaca/Magento_Sales/templates/reorder/sidebar.phtml
Potentially XSS vulnerability. Please verify that output is escaped at lines 9,16,38,43,49,62,67,69
Failed asserting that a string is empty.
/var/www/html/technotrends/dev/tests/static/testsuite/Magento/Test/Php/XssPhtmlTemplateTest.php:46
/var/www/html/technotrends/vendor/magento/framework/App/Utility/AggregateInvoker.php:56
/var/www/html/technotrends/dev/tests/static/testsuite/Magento/Test/Php/XssPhtmlTemplateTest.php:49

Data set: app/design/frontend/Snowdog/alpaca/Magento_ConfigurableProduct/templates/product/price/final_price.phtml
Potentially XSS vulnerability. Please verify that output is escaped at lines 16,26,37,38,42
Failed asserting that a string is empty.
/var/www/html/technotrends/dev/tests/static/testsuite/Magento/Test/Php/XssPhtmlTemplateTest.php:46
/var/www/html/technotrends/vendor/magento/framework/App/Utility/AggregateInvoker.php:56
/var/www/html/technotrends/dev/tests/static/testsuite/Magento/Test/Php/XssPhtmlTemplateTest.php:49

Data set: app/design/frontend/Snowdog/alpaca/Magento_Swatches/templates/product/layered/renderer.phtml
Potentially XSS vulnerability. Please verify that output is escaped at lines 3,4,14,15,19,20,34,35,39,40,41,42,43,53,59,60,61,62,65,76,79,80,82,93
Failed asserting that a string is empty.
/var/www/html/technotrends/dev/tests/static/testsuite/Magento/Test/Php/XssPhtmlTemplateTest.php:46
/var/www/html/technotrends/vendor/magento/framework/App/Utility/AggregateInvoker.php:56
/var/www/html/technotrends/dev/tests/static/testsuite/Magento/Test/Php/XssPhtmlTemplateTest.php:49

Data set: app/design/frontend/Snowdog/alpaca/Magento_Multishipping/templates/checkout/link.phtml
Potentially XSS vulnerability. Please verify that output is escaped at lines 2,4
Failed asserting that a string is empty.
/var/www/html/technotrends/dev/tests/static/testsuite/Magento/Test/Php/XssPhtmlTemplateTest.php:46
/var/www/html/technotrends/vendor/magento/framework/App/Utility/AggregateInvoker.php:56
/var/www/html/technotrends/dev/tests/static/testsuite/Magento/Test/Php/XssPhtmlTemplateTest.php:49

Data set: app/design/frontend/Snowdog/alpaca/Magento_Reward/templates/customer/reward.phtml
Potentially XSS vulnerability. Please verify that output is escaped at lines 13
Failed asserting that a string is empty.
/var/www/html/technotrends/dev/tests/static/testsuite/Magento/Test/Php/XssPhtmlTemplateTest.php:46
/var/www/html/technotrends/vendor/magento/framework/App/Utility/AggregateInvoker.php:56
/var/www/html/technotrends/dev/tests/static/testsuite/Magento/Test/Php/XssPhtmlTemplateTest.php:49

Data set: app/design/frontend/Snowdog/alpaca/Magento_Reward/templates/customer/reward/subscription.phtml
Potentially XSS vulnerability. Please verify that output is escaped at lines 7,14,28,33,37,51,55,64,66
Failed asserting that a string is empty.
/var/www/html/technotrends/dev/tests/static/testsuite/Magento/Test/Php/XssPhtmlTemplateTest.php:46
/var/www/html/technotrends/vendor/magento/framework/App/Utility/AggregateInvoker.php:56
/var/www/html/technotrends/dev/tests/static/testsuite/Magento/Test/Php/XssPhtmlTemplateTest.php:49

Data set: app/design/frontend/Snowdog/alpaca/Magento_Reward/templates/customer/reward/info.phtml
Potentially XSS vulnerability. Please verify that output is escaped at lines 15,18,19
Failed asserting that a string is empty.
/var/www/html/technotrends/dev/tests/static/testsuite/Magento/Test/Php/XssPhtmlTemplateTest.php:46
/var/www/html/technotrends/vendor/magento/framework/App/Utility/AggregateInvoker.php:56
/var/www/html/technotrends/dev/tests/static/testsuite/Magento/Test/Php/XssPhtmlTemplateTest.php:49

Data set: app/design/frontend/Snowdog/alpaca/Magento_Reward/templates/customer/reward/history.phtml
Potentially XSS vulnerability. Please verify that output is escaped at lines 9,21,25,29,33,37,46,50,54,69,74,87
Failed asserting that a string is empty.
/var/www/html/technotrends/dev/tests/static/testsuite/Magento/Test/Php/XssPhtmlTemplateTest.php:46
/var/www/html/technotrends/vendor/magento/framework/App/Utility/AggregateInvoker.php:56
/var/www/html/technotrends/dev/tests/static/testsuite/Magento/Test/Php/XssPhtmlTemplateTest.php:49

Data set: app/design/frontend/Snowdog/alpaca/Magento_Wishlist/templates/item/list.phtml
Potentially XSS vulnerability. Please verify that output is escaped at lines 12,26
Failed asserting that a string is empty.
/var/www/html/technotrends/dev/tests/static/testsuite/Magento/Test/Php/XssPhtmlTemplateTest.php:46
/var/www/html/technotrends/vendor/magento/framework/App/Utility/AggregateInvoker.php:56
/var/www/html/technotrends/dev/tests/static/testsuite/Magento/Test/Php/XssPhtmlTemplateTest.php:49

Data set: app/design/frontend/Snowdog/alpaca/Magento_Wishlist/templates/item/column/edit.phtml
Potentially XSS vulnerability. Please verify that output is escaped at lines 10,11,12,15
Failed asserting that a string is empty.
/var/www/html/technotrends/dev/tests/static/testsuite/Magento/Test/Php/XssPhtmlTemplateTest.php:46
/var/www/html/technotrends/vendor/magento/framework/App/Utility/AggregateInvoker.php:56
/var/www/html/technotrends/dev/tests/static/testsuite/Magento/Test/Php/XssPhtmlTemplateTest.php:49

Data set: app/design/frontend/Snowdog/alpaca/Magento_Wishlist/templates/item/column/comment.phtml
Potentially XSS vulnerability. Please verify that output is escaped at lines 10,11,12,13
Failed asserting that a string is empty.
/var/www/html/technotrends/dev/tests/static/testsuite/Magento/Test/Php/XssPhtmlTemplateTest.php:46
/var/www/html/technotrends/vendor/magento/framework/App/Utility/AggregateInvoker.php:56
/var/www/html/technotrends/dev/tests/static/testsuite/Magento/Test/Php/XssPhtmlTemplateTest.php:49

Data set: app/design/frontend/Snowdog/alpaca/Magento_Wishlist/templates/item/column/image.phtml
Potentially XSS vulnerability. Please verify that output is escaped at lines 7
Failed asserting that a string is empty.
/var/www/html/technotrends/dev/tests/static/testsuite/Magento/Test/Php/XssPhtmlTemplateTest.php:46
/var/www/html/technotrends/vendor/magento/framework/App/Utility/AggregateInvoker.php:56
/var/www/html/technotrends/dev/tests/static/testsuite/Magento/Test/Php/XssPhtmlTemplateTest.php:49

Data set: app/design/frontend/Snowdog/alpaca/Magento_Wishlist/templates/item/column/remove.phtml
Potentially XSS vulnerability. Please verify that output is escaped at lines 5,6,7,10
Failed asserting that a string is empty.
/var/www/html/technotrends/dev/tests/static/testsuite/Magento/Test/Php/XssPhtmlTemplateTest.php:46
/var/www/html/technotrends/vendor/magento/framework/App/Utility/AggregateInvoker.php:56
/var/www/html/technotrends/dev/tests/static/testsuite/Magento/Test/Php/XssPhtmlTemplateTest.php:49

Data set: app/design/frontend/Snowdog/alpaca/Magento_Wishlist/templates/item/column/cart.phtml
Potentially XSS vulnerability. Please verify that output is escaped at lines 8,18,21,26,29,30,40,41,42,51,56,57,60,61
Failed asserting that a string is empty.
/var/www/html/technotrends/dev/tests/static/testsuite/Magento/Test/Php/XssPhtmlTemplateTest.php:46
/var/www/html/technotrends/vendor/magento/framework/App/Utility/AggregateInvoker.php:56
/var/www/html/technotrends/dev/tests/static/testsuite/Magento/Test/Php/XssPhtmlTemplateTest.php:49

Data set: app/design/frontend/Snowdog/alpaca/Magento_Wishlist/templates/item/column/name.phtml
Potentially XSS vulnerability. Please verify that output is escaped at lines 8
Failed asserting that a string is empty.
/var/www/html/technotrends/dev/tests/static/testsuite/Magento/Test/Php/XssPhtmlTemplateTest.php:46
/var/www/html/technotrends/vendor/magento/framework/App/Utility/AggregateInvoker.php:56
/var/www/html/technotrends/dev/tests/static/testsuite/Magento/Test/Php/XssPhtmlTemplateTest.php:49

Data set: app/design/frontend/Snowdog/alpaca/Magento_Wishlist/templates/item/configure/addto/wishlist.phtml
Potentially XSS vulnerability. Please verify that output is escaped at lines 14,17,23
Failed asserting that a string is empty.
/var/www/html/technotrends/dev/tests/static/testsuite/Magento/Test/Php/XssPhtmlTemplateTest.php:46
/var/www/html/technotrends/vendor/magento/framework/App/Utility/AggregateInvoker.php:56
/var/www/html/technotrends/dev/tests/static/testsuite/Magento/Test/Php/XssPhtmlTemplateTest.php:49

Data set: app/design/frontend/Snowdog/alpaca/Magento_Wishlist/templates/catalog/product/list/addto/wishlist.phtml
Potentially XSS vulnerability. Please verify that output is escaped at lines 7,12
Failed asserting that a string is empty.
/var/www/html/technotrends/dev/tests/static/testsuite/Magento/Test/Php/XssPhtmlTemplateTest.php:46
/var/www/html/technotrends/vendor/magento/framework/App/Utility/AggregateInvoker.php:56
/var/www/html/technotrends/dev/tests/static/testsuite/Magento/Test/Php/XssPhtmlTemplateTest.php:49

Data set: app/design/frontend/Snowdog/alpaca/Magento_Wishlist/templates/catalog/product/view/addto/wishlist.phtml
Potentially XSS vulnerability. Please verify that output is escaped at lines 10,14,24
Failed asserting that a string is empty.
/var/www/html/technotrends/dev/tests/static/testsuite/Magento/Test/Php/XssPhtmlTemplateTest.php:46
/var/www/html/technotrends/vendor/magento/framework/App/Utility/AggregateInvoker.php:56
/var/www/html/technotrends/dev/tests/static/testsuite/Magento/Test/Php/XssPhtmlTemplateTest.php:49

Data set: app/design/frontend/Snowdog/alpaca/Magento_Wishlist/templates/button/tocart.phtml
Potentially XSS vulnerability. Please verify that output is escaped at lines 5,8
Failed asserting that a string is empty.
/var/www/html/technotrends/dev/tests/static/testsuite/Magento/Test/Php/XssPhtmlTemplateTest.php:46
/var/www/html/technotrends/vendor/magento/framework/App/Utility/AggregateInvoker.php:56
/var/www/html/technotrends/dev/tests/static/testsuite/Magento/Test/Php/XssPhtmlTemplateTest.php:49

Data set: app/design/frontend/Snowdog/alpaca/Magento_Wishlist/templates/button/share.phtml
Potentially XSS vulnerability. Please verify that output is escaped at lines 12,15
Failed asserting that a string is empty.
/var/www/html/technotrends/dev/tests/static/testsuite/Magento/Test/Php/XssPhtmlTemplateTest.php:46
/var/www/html/technotrends/vendor/magento/framework/App/Utility/AggregateInvoker.php:56
/var/www/html/technotrends/dev/tests/static/testsuite/Magento/Test/Php/XssPhtmlTemplateTest.php:49

Data set: app/design/frontend/Snowdog/alpaca/Magento_Wishlist/templates/button/update.phtml
Potentially XSS vulnerability. Please verify that output is escaped at lines 5,8
Failed asserting that a string is empty.
/var/www/html/technotrends/dev/tests/static/testsuite/Magento/Test/Php/XssPhtmlTemplateTest.php:46
/var/www/html/technotrends/vendor/magento/framework/App/Utility/AggregateInvoker.php:56
/var/www/html/technotrends/dev/tests/static/testsuite/Magento/Test/Php/XssPhtmlTemplateTest.php:49

Data set: app/design/frontend/Snowdog/alpaca/Magento_Catalog/templates/product/list.phtml
Potentially XSS vulnerability. Please verify that output is escaped at lines 10,45,50,58,60,62,74,87,92,93,107,119,128,157,168,171,177,193,198,199,213,216,228,237
Failed asserting that a string is empty.
/var/www/html/technotrends/dev/tests/static/testsuite/Magento/Test/Php/XssPhtmlTemplateTest.php:46
/var/www/html/technotrends/vendor/magento/framework/App/Utility/AggregateInvoker.php:56
/var/www/html/technotrends/dev/tests/static/testsuite/Magento/Test/Php/XssPhtmlTemplateTest.php:49

Data set: app/design/frontend/Snowdog/alpaca/Magento_Catalog/templates/product/image_with_borders.phtml
Potentially XSS vulnerability. Please verify that output is escaped at lines 7,8
Failed asserting that a string is empty.
/var/www/html/technotrends/dev/tests/static/testsuite/Magento/Test/Php/XssPhtmlTemplateTest.php:46
/var/www/html/technotrends/vendor/magento/framework/App/Utility/AggregateInvoker.php:56
/var/www/html/technotrends/dev/tests/static/testsuite/Magento/Test/Php/XssPhtmlTemplateTest.php:49

Data set: app/design/frontend/Snowdog/alpaca/Magento_Catalog/templates/product/list/toolbar.phtml
Potentially XSS vulnerability. Please verify that output is escaped at lines 7
Failed asserting that a string is empty.
/var/www/html/technotrends/dev/tests/static/testsuite/Magento/Test/Php/XssPhtmlTemplateTest.php:46
/var/www/html/technotrends/vendor/magento/framework/App/Utility/AggregateInvoker.php:56
/var/www/html/technotrends/dev/tests/static/testsuite/Magento/Test/Php/XssPhtmlTemplateTest.php:49

Data set: app/design/frontend/Snowdog/alpaca/Magento_Catalog/templates/product/list/items.phtml
Potentially XSS vulnerability. Please verify that output is escaped at lines 152,153,154,158,160,161,165,168,169,177,185,188,191,202,210,230,234,237,240,241,256,258,261,264,265,273,277
Failed asserting that a string is empty.
/var/www/html/technotrends/dev/tests/static/testsuite/Magento/Test/Php/XssPhtmlTemplateTest.php:46
/var/www/html/technotrends/vendor/magento/framework/App/Utility/AggregateInvoker.php:56
/var/www/html/technotrends/dev/tests/static/testsuite/Magento/Test/Php/XssPhtmlTemplateTest.php:49

Data set: app/design/frontend/Snowdog/alpaca/Magento_Catalog/templates/product/list/toolbar/limiter.phtml
Potentially XSS vulnerability. Please verify that output is escaped at lines 7,19,22
Failed asserting that a string is empty.
/var/www/html/technotrends/dev/tests/static/testsuite/Magento/Test/Php/XssPhtmlTemplateTest.php:46
/var/www/html/technotrends/vendor/magento/framework/App/Utility/AggregateInvoker.php:56
/var/www/html/technotrends/dev/tests/static/testsuite/Magento/Test/Php/XssPhtmlTemplateTest.php:49

Data set: app/design/frontend/Snowdog/alpaca/Magento_Catalog/templates/product/list/toolbar/viewmode.phtml
Potentially XSS vulnerability. Please verify that output is escaped at lines 15,16,17,19,30
Failed asserting that a string is empty.
/var/www/html/technotrends/dev/tests/static/testsuite/Magento/Test/Php/XssPhtmlTemplateTest.php:46
/var/www/html/technotrends/vendor/magento/framework/App/Utility/AggregateInvoker.php:56
/var/www/html/technotrends/dev/tests/static/testsuite/Magento/Test/Php/XssPhtmlTemplateTest.php:49

Data set: app/design/frontend/Snowdog/alpaca/Magento_Catalog/templates/product/list/toolbar/sorter.phtml
Potentially XSS vulnerability. Please verify that output is escaped at lines 7,19,22,29,30,36,42,43,49
Failed asserting that a string is empty.
/var/www/html/technotrends/dev/tests/static/testsuite/Magento/Test/Php/XssPhtmlTemplateTest.php:46
/var/www/html/technotrends/vendor/magento/framework/App/Utility/AggregateInvoker.php:56
/var/www/html/technotrends/dev/tests/static/testsuite/Magento/Test/Php/XssPhtmlTemplateTest.php:49

Data set: app/design/frontend/Snowdog/alpaca/Magento_Catalog/templates/product/list/toolbar/amount.phtml
Potentially XSS vulnerability. Please verify that output is escaped at lines 7,14,16
Failed asserting that a string is empty.
/var/www/html/technotrends/dev/tests/static/testsuite/Magento/Test/Php/XssPhtmlTemplateTest.php:46
/var/www/html/technotrends/vendor/magento/framework/App/Utility/AggregateInvoker.php:56
/var/www/html/technotrends/dev/tests/static/testsuite/Magento/Test/Php/XssPhtmlTemplateTest.php:49

Data set: app/design/frontend/Snowdog/alpaca/Magento_Catalog/templates/product/list/addto/compare.phtml
Potentially XSS vulnerability. Please verify that output is escaped at lines 3,4,5,9
Failed asserting that a string is empty.
/var/www/html/technotrends/dev/tests/static/testsuite/Magento/Test/Php/XssPhtmlTemplateTest.php:46
/var/www/html/technotrends/vendor/magento/framework/App/Utility/AggregateInvoker.php:56
/var/www/html/technotrends/dev/tests/static/testsuite/Magento/Test/Php/XssPhtmlTemplateTest.php:49

Data set: app/design/frontend/Snowdog/alpaca/Magento_Catalog/templates/product/view/shortDescription.phtml
Potentially XSS vulnerability. Please verify that output is escaped at lines 31,35
Failed asserting that a string is empty.
/var/www/html/technotrends/dev/tests/static/testsuite/Magento/Test/Php/XssPhtmlTemplateTest.php:46
/var/www/html/technotrends/vendor/magento/framework/App/Utility/AggregateInvoker.php:56
/var/www/html/technotrends/dev/tests/static/testsuite/Magento/Test/Php/XssPhtmlTemplateTest.php:49

Data set: app/design/frontend/Snowdog/alpaca/Magento_Catalog/templates/product/view/getSku.phtml
Potentially XSS vulnerability. Please verify that output is escaped at lines 30,33
Failed asserting that a string is empty.
/var/www/html/technotrends/dev/tests/static/testsuite/Magento/Test/Php/XssPhtmlTemplateTest.php:46
/var/www/html/technotrends/vendor/magento/framework/App/Utility/AggregateInvoker.php:56
/var/www/html/technotrends/dev/tests/static/testsuite/Magento/Test/Php/XssPhtmlTemplateTest.php:49

Data set: app/design/frontend/Snowdog/alpaca/Magento_Catalog/templates/product/view/gallery.phtml
Potentially XSS vulnerability. Please verify that output is escaped at lines 21,22,24,25,41,42,44,45,46,47,48,49,50,51,53,60,64,66,67,68,69,72,73,74,75,76,77,78,80,82,84
Failed asserting that a string is empty.
/var/www/html/technotrends/dev/tests/static/testsuite/Magento/Test/Php/XssPhtmlTemplateTest.php:46
/var/www/html/technotrends/vendor/magento/framework/App/Utility/AggregateInvoker.php:56
/var/www/html/technotrends/dev/tests/static/testsuite/Magento/Test/Php/XssPhtmlTemplateTest.php:49

Data set: app/design/frontend/Snowdog/alpaca/Magento_Catalog/templates/product/view/details.phtml
Potentially XSS vulnerability. Please verify that output is escaped at lines 21,23,26,32,34
Failed asserting that a string is empty.
/var/www/html/technotrends/dev/tests/static/testsuite/Magento/Test/Php/XssPhtmlTemplateTest.php:46
/var/www/html/technotrends/vendor/magento/framework/App/Utility/AggregateInvoker.php:56
/var/www/html/technotrends/dev/tests/static/testsuite/Magento/Test/Php/XssPhtmlTemplateTest.php:49

Data set: app/design/frontend/Snowdog/alpaca/Magento_Catalog/templates/product/view/form.phtml
Potentially XSS vulnerability. Please verify that output is escaped at lines 12,13,19,48
Failed asserting that a string is empty.
/var/www/html/technotrends/dev/tests/static/testsuite/Magento/Test/Php/XssPhtmlTemplateTest.php:46
/var/www/html/technotrends/vendor/magento/framework/App/Utility/AggregateInvoker.php:56
/var/www/html/technotrends/dev/tests/static/testsuite/Magento/Test/Php/XssPhtmlTemplateTest.php:49

Data set: app/design/frontend/Snowdog/alpaca/Magento_Catalog/templates/product/view/mailto.phtml
Potentially XSS vulnerability. Please verify that output is escaped at lines 9,13
Failed asserting that a string is empty.
/var/www/html/technotrends/dev/tests/static/testsuite/Magento/Test/Php/XssPhtmlTemplateTest.php:46
/var/www/html/technotrends/vendor/magento/framework/App/Utility/AggregateInvoker.php:56
/var/www/html/technotrends/dev/tests/static/testsuite/Magento/Test/Php/XssPhtmlTemplateTest.php:49

Data set: app/design/frontend/Snowdog/alpaca/Magento_Catalog/templates/product/view/addtocart.phtml
Potentially XSS vulnerability. Please verify that output is escaped at lines 12,16
Failed asserting that a string is empty.
/var/www/html/technotrends/dev/tests/static/testsuite/Magento/Test/Php/XssPhtmlTemplateTest.php:46
/var/www/html/technotrends/vendor/magento/framework/App/Utility/AggregateInvoker.php:56
/var/www/html/technotrends/dev/tests/static/testsuite/Magento/Test/Php/XssPhtmlTemplateTest.php:49

Data set: app/design/frontend/Snowdog/alpaca/Magento_Catalog/templates/product/view/content.phtml
Potentially XSS vulnerability. Please verify that output is escaped at lines 9,11,16,17
Failed asserting that a string is empty.
/var/www/html/technotrends/dev/tests/static/testsuite/Magento/Test/Php/XssPhtmlTemplateTest.php:46
/var/www/html/technotrends/vendor/magento/framework/App/Utility/AggregateInvoker.php:56
/var/www/html/technotrends/dev/tests/static/testsuite/Magento/Test/Php/XssPhtmlTemplateTest.php:49

Data set: app/design/frontend/Snowdog/alpaca/Magento_Catalog/templates/product/view/attributes.phtml
Potentially XSS vulnerability. Please verify that output is escaped at lines 22
Failed asserting that a string is empty.
/var/www/html/technotrends/dev/tests/static/testsuite/Magento/Test/Php/XssPhtmlTemplateTest.php:46
/var/www/html/technotrends/vendor/magento/framework/App/Utility/AggregateInvoker.php:56
/var/www/html/technotrends/dev/tests/static/testsuite/Magento/Test/Php/XssPhtmlTemplateTest.php:49

Data set: app/design/frontend/Snowdog/alpaca/Magento_Catalog/templates/product/view/benefits.phtml
Potentially XSS vulnerability. Please verify that output is escaped at lines 10,13,27,30,44,47
Failed asserting that a string is empty.
/var/www/html/technotrends/dev/tests/static/testsuite/Magento/Test/Php/XssPhtmlTemplateTest.php:46
/var/www/html/technotrends/vendor/magento/framework/App/Utility/AggregateInvoker.php:56
/var/www/html/technotrends/dev/tests/static/testsuite/Magento/Test/Php/XssPhtmlTemplateTest.php:49

Data set: app/design/frontend/Snowdog/alpaca/Magento_Catalog/templates/product/view/qty.phtml
Potentially XSS vulnerability. Please verify that output is escaped at lines 6,21,29,30,46
Failed asserting that a string is empty.
/var/www/html/technotrends/dev/tests/static/testsuite/Magento/Test/Php/XssPhtmlTemplateTest.php:46
/var/www/html/technotrends/vendor/magento/framework/App/Utility/AggregateInvoker.php:56
/var/www/html/technotrends/dev/tests/static/testsuite/Magento/Test/Php/XssPhtmlTemplateTest.php:49

Data set: app/design/frontend/Snowdog/alpaca/Magento_Catalog/templates/product/view/options/wrapper.phtml
Potentially XSS vulnerability. Please verify that output is escaped at lines 10
Failed asserting that a string is empty.
/var/www/html/technotrends/dev/tests/static/testsuite/Magento/Test/Php/XssPhtmlTemplateTest.php:46
/var/www/html/technotrends/vendor/magento/framework/App/Utility/AggregateInvoker.php:56
/var/www/html/technotrends/dev/tests/static/testsuite/Magento/Test/Php/XssPhtmlTemplateTest.php:49

Data set: app/design/frontend/Snowdog/alpaca/Magento_Catalog/templates/product/view/options/type/text.phtml
Potentially XSS vulnerability. Please verify that output is escaped at lines 25,28,31,37,42,43,48,53,54,62,65
Failed asserting that a string is empty.
/var/www/html/technotrends/dev/tests/static/testsuite/Magento/Test/Php/XssPhtmlTemplateTest.php:46
/var/www/html/technotrends/vendor/magento/framework/App/Utility/AggregateInvoker.php:56
/var/www/html/technotrends/dev/tests/static/testsuite/Magento/Test/Php/XssPhtmlTemplateTest.php:49

Data set: app/design/frontend/Snowdog/alpaca/Magento_Catalog/templates/product/view/type/default.phtml
Potentially XSS vulnerability. Please verify that output is escaped at lines 12,14,19,21
Failed asserting that a string is empty.
/var/www/html/technotrends/dev/tests/static/testsuite/Magento/Test/Php/XssPhtmlTemplateTest.php:46
/var/www/html/technotrends/vendor/magento/framework/App/Utility/AggregateInvoker.php:56
/var/www/html/technotrends/dev/tests/static/testsuite/Magento/Test/Php/XssPhtmlTemplateTest.php:49

Data set: app/design/frontend/Snowdog/alpaca/Magento_Catalog/templates/product/view/addto/compare.phtml
Potentially XSS vulnerability. Please verify that output is escaped at lines 13,18
Failed asserting that a string is empty.
/var/www/html/technotrends/dev/tests/static/testsuite/Magento/Test/Php/XssPhtmlTemplateTest.php:46
/var/www/html/technotrends/vendor/magento/framework/App/Utility/AggregateInvoker.php:56
/var/www/html/technotrends/dev/tests/static/testsuite/Magento/Test/Php/XssPhtmlTemplateTest.php:49

Data set: app/design/frontend/Snowdog/alpaca/Magento_Catalog/templates/product/price/configured_price.phtml
Potentially XSS vulnerability. Please verify that output is escaped at lines 11
Failed asserting that a string is empty.
/var/www/html/technotrends/dev/tests/static/testsuite/Magento/Test/Php/XssPhtmlTemplateTest.php:46
/var/www/html/technotrends/vendor/magento/framework/App/Utility/AggregateInvoker.php:56
/var/www/html/technotrends/dev/tests/static/testsuite/Magento/Test/Php/XssPhtmlTemplateTest.php:49

Data set: app/design/frontend/Snowdog/alpaca/Magento_Catalog/templates/product/price/final_price.phtml
Potentially XSS vulnerability. Please verify that output is escaped at lines 19,28,38,51,54,58
Failed asserting that a string is empty.
/var/www/html/technotrends/dev/tests/static/testsuite/Magento/Test/Php/XssPhtmlTemplateTest.php:46
/var/www/html/technotrends/vendor/magento/framework/App/Utility/AggregateInvoker.php:56
/var/www/html/technotrends/dev/tests/static/testsuite/Magento/Test/Php/XssPhtmlTemplateTest.php:49

Data set: app/design/frontend/Snowdog/alpaca/Magento_Catalog/templates/product/compare/link.phtml
Potentially XSS vulnerability. Please verify that output is escaped at lines 6,9,19
Failed asserting that a string is empty.
/var/www/html/technotrends/dev/tests/static/testsuite/Magento/Test/Php/XssPhtmlTemplateTest.php:46
/var/www/html/technotrends/vendor/magento/framework/App/Utility/AggregateInvoker.php:56
/var/www/html/technotrends/dev/tests/static/testsuite/Magento/Test/Php/XssPhtmlTemplateTest.php:49

Data set: app/design/frontend/Snowdog/alpaca/Magento_Catalog/templates/product/compare/sidebar.phtml
Potentially XSS vulnerability. Please verify that output is escaped at lines 11,49,50,54,72,82,93,103
Failed asserting that a string is empty.
/var/www/html/technotrends/dev/tests/static/testsuite/Magento/Test/Php/XssPhtmlTemplateTest.php:46
/var/www/html/technotrends/vendor/magento/framework/App/Utility/AggregateInvoker.php:56
/var/www/html/technotrends/dev/tests/static/testsuite/Magento/Test/Php/XssPhtmlTemplateTest.php:49

Data set: app/design/frontend/Snowdog/alpaca/Magento_Catalog/templates/product/compare/list.phtml
Potentially XSS vulnerability. Please verify that output is escaped at lines 30,40,41,47,48,50,56,59,65,78,79,82,85,91,93,102,104,105,108,116,118,119,122,149,160,182
Failed asserting that a string is empty.
/var/www/html/technotrends/dev/tests/static/testsuite/Magento/Test/Php/XssPhtmlTemplateTest.php:46
/var/www/html/technotrends/vendor/magento/framework/App/Utility/AggregateInvoker.php:56
/var/www/html/technotrends/dev/tests/static/testsuite/Magento/Test/Php/XssPhtmlTemplateTest.php:49

Data set: app/design/frontend/Snowdog/alpaca/Snowdog_Menu/templates/main-footer/menu.phtml
Potentially XSS vulnerability. Please verify that output is escaped at lines 6,7,8,9,13,23,24,25
Failed asserting that a string is empty.
/var/www/html/technotrends/dev/tests/static/testsuite/Magento/Test/Php/XssPhtmlTemplateTest.php:46
/var/www/html/technotrends/vendor/magento/framework/App/Utility/AggregateInvoker.php:56
/var/www/html/technotrends/dev/tests/static/testsuite/Magento/Test/Php/XssPhtmlTemplateTest.php:49

Data set: app/design/frontend/Snowdog/alpaca/Snowdog_Menu/templates/main-footer/menu/sub_menu.phtml
Potentially XSS vulnerability. Please verify that output is escaped at lines 15,33,34,35
Failed asserting that a string is empty.
/var/www/html/technotrends/dev/tests/static/testsuite/Magento/Test/Php/XssPhtmlTemplateTest.php:46
/var/www/html/technotrends/vendor/magento/framework/App/Utility/AggregateInvoker.php:56
/var/www/html/technotrends/dev/tests/static/testsuite/Magento/Test/Php/XssPhtmlTemplateTest.php:49

Data set: app/design/frontend/Snowdog/alpaca/Snowdog_Menu/templates/main-footer/menu/node_type/category.phtml
Potentially XSS vulnerability. Please verify that output is escaped at lines 23,24,26,30,31
Failed asserting that a string is empty.
/var/www/html/technotrends/dev/tests/static/testsuite/Magento/Test/Php/XssPhtmlTemplateTest.php:46
/var/www/html/technotrends/vendor/magento/framework/App/Utility/AggregateInvoker.php:56
/var/www/html/technotrends/dev/tests/static/testsuite/Magento/Test/Php/XssPhtmlTemplateTest.php:49

Data set: app/design/frontend/Snowdog/alpaca/Snowdog_Menu/templates/main-footer/menu/node_type/custom_url.phtml
Potentially XSS vulnerability. Please verify that output is escaped at lines 19,20,22,26,27
Failed asserting that a string is empty.
/var/www/html/technotrends/dev/tests/static/testsuite/Magento/Test/Php/XssPhtmlTemplateTest.php:46
/var/www/html/technotrends/vendor/magento/framework/App/Utility/AggregateInvoker.php:56
/var/www/html/technotrends/dev/tests/static/testsuite/Magento/Test/Php/XssPhtmlTemplateTest.php:49

Data set: app/design/frontend/Snowdog/alpaca/Snowdog_Menu/templates/main-footer/menu/node_type/cms_page.phtml
Potentially XSS vulnerability. Please verify that output is escaped at lines 22,23,25,29,30
Failed asserting that a string is empty.
/var/www/html/technotrends/dev/tests/static/testsuite/Magento/Test/Php/XssPhtmlTemplateTest.php:46
/var/www/html/technotrends/vendor/magento/framework/App/Utility/AggregateInvoker.php:56
/var/www/html/technotrends/dev/tests/static/testsuite/Magento/Test/Php/XssPhtmlTemplateTest.php:49

Data set: app/design/frontend/Snowdog/alpaca/Snowdog_Menu/templates/main-desktop/menu.phtml
Potentially XSS vulnerability. Please verify that output is escaped at lines 5,6,17,18,19,23
Failed asserting that a string is empty.
/var/www/html/technotrends/dev/tests/static/testsuite/Magento/Test/Php/XssPhtmlTemplateTest.php:46
/var/www/html/technotrends/vendor/magento/framework/App/Utility/AggregateInvoker.php:56
/var/www/html/technotrends/dev/tests/static/testsuite/Magento/Test/Php/XssPhtmlTemplateTest.php:49

Data set: app/design/frontend/Snowdog/alpaca/Snowdog_Menu/templates/main-desktop/menu/sub_menu.phtml
Potentially XSS vulnerability. Please verify that output is escaped at lines 17,43,44,45
Failed asserting that a string is empty.
/var/www/html/technotrends/dev/tests/static/testsuite/Magento/Test/Php/XssPhtmlTemplateTest.php:46
/var/www/html/technotrends/vendor/magento/framework/App/Utility/AggregateInvoker.php:56
/var/www/html/technotrends/dev/tests/static/testsuite/Magento/Test/Php/XssPhtmlTemplateTest.php:49

Data set: app/design/frontend/Snowdog/alpaca/Snowdog_Menu/templates/main-desktop/menu/node_type/category.phtml
Potentially XSS vulnerability. Please verify that output is escaped at lines 21,22
Failed asserting that a string is empty.
/var/www/html/technotrends/dev/tests/static/testsuite/Magento/Test/Php/XssPhtmlTemplateTest.php:46
/var/www/html/technotrends/vendor/magento/framework/App/Utility/AggregateInvoker.php:56
/var/www/html/technotrends/dev/tests/static/testsuite/Magento/Test/Php/XssPhtmlTemplateTest.php:49

Data set: app/design/frontend/Snowdog/alpaca/Snowdog_Menu/templates/main-desktop/menu/node_type/custom_url.phtml
Potentially XSS vulnerability. Please verify that output is escaped at lines 17,18
Failed asserting that a string is empty.
/var/www/html/technotrends/dev/tests/static/testsuite/Magento/Test/Php/XssPhtmlTemplateTest.php:46
/var/www/html/technotrends/vendor/magento/framework/App/Utility/AggregateInvoker.php:56
/var/www/html/technotrends/dev/tests/static/testsuite/Magento/Test/Php/XssPhtmlTemplateTest.php:49

Data set: app/design/frontend/Snowdog/alpaca/Snowdog_Menu/templates/main-desktop/menu/node_type/cms_page.phtml
Potentially XSS vulnerability. Please verify that output is escaped at lines 20,21
Failed asserting that a string is empty.
/var/www/html/technotrends/dev/tests/static/testsuite/Magento/Test/Php/XssPhtmlTemplateTest.php:46
/var/www/html/technotrends/vendor/magento/framework/App/Utility/AggregateInvoker.php:56
/var/www/html/technotrends/dev/tests/static/testsuite/Magento/Test/Php/XssPhtmlTemplateTest.php:49

Data set: app/design/frontend/Snowdog/alpaca/Snowdog_Menu/templates/main-mobile/menu.phtml
Potentially XSS vulnerability. Please verify that output is escaped at lines 8,11,14,22,25,28,32,33,43,44,45,49
Failed asserting that a string is empty.
/var/www/html/technotrends/dev/tests/static/testsuite/Magento/Test/Php/XssPhtmlTemplateTest.php:46
/var/www/html/technotrends/vendor/magento/framework/App/Utility/AggregateInvoker.php:56
/var/www/html/technotrends/dev/tests/static/testsuite/Magento/Test/Php/XssPhtmlTemplateTest.php:49

Data set: app/design/frontend/Snowdog/alpaca/Snowdog_Menu/templates/main-mobile/menu/sub_menu.phtml
Potentially XSS vulnerability. Please verify that output is escaped at lines 30,31,32,54,55,56
Failed asserting that a string is empty.
/var/www/html/technotrends/dev/tests/static/testsuite/Magento/Test/Php/XssPhtmlTemplateTest.php:46
/var/www/html/technotrends/vendor/magento/framework/App/Utility/AggregateInvoker.php:56
/var/www/html/technotrends/dev/tests/static/testsuite/Magento/Test/Php/XssPhtmlTemplateTest.php:49

Data set: app/design/frontend/Snowdog/alpaca/Snowdog_Menu/templates/main-mobile/menu/node_type/category.phtml
Potentially XSS vulnerability. Please verify that output is escaped at lines 20,21,23,26,27,30,31
Failed asserting that a string is empty.
/var/www/html/technotrends/dev/tests/static/testsuite/Magento/Test/Php/XssPhtmlTemplateTest.php:46
/var/www/html/technotrends/vendor/magento/framework/App/Utility/AggregateInvoker.php:56
/var/www/html/technotrends/dev/tests/static/testsuite/Magento/Test/Php/XssPhtmlTemplateTest.php:49

Data set: app/design/frontend/Snowdog/alpaca/Snowdog_Menu/templates/main-mobile/menu/node_type/custom_url.phtml
Potentially XSS vulnerability. Please verify that output is escaped at lines 18,19,22,23,26,27
Failed asserting that a string is empty.
/var/www/html/technotrends/dev/tests/static/testsuite/Magento/Test/Php/XssPhtmlTemplateTest.php:46
/var/www/html/technotrends/vendor/magento/framework/App/Utility/AggregateInvoker.php:56
/var/www/html/technotrends/dev/tests/static/testsuite/Magento/Test/Php/XssPhtmlTemplateTest.php:49

Data set: app/design/frontend/Snowdog/alpaca/Snowdog_Menu/templates/main-mobile/menu/node_type/cms_page.phtml
Potentially XSS vulnerability. Please verify that output is escaped at lines 21,22,24,27,28,31,32
Failed asserting that a string is empty.
/var/www/html/technotrends/dev/tests/static/testsuite/Magento/Test/Php/XssPhtmlTemplateTest.php:46
/var/www/html/technotrends/vendor/magento/framework/App/Utility/AggregateInvoker.php:56
/var/www/html/technotrends/dev/tests/static/testsuite/Magento/Test/Php/XssPhtmlTemplateTest.php:49

Data set: app/design/frontend/Snowdog/alpaca/Snowdog_SolrNavigation/templates/quicksearch/result.phtml
Potentially XSS vulnerability. Please verify that output is escaped at lines 14,16,26,27,33,34,40,42,45,54,70,72,75,78,79,90,92,95,98,99,110,112,114
Failed asserting that a string is empty.
/var/www/html/technotrends/dev/tests/static/testsuite/Magento/Test/Php/XssPhtmlTemplateTest.php:46
/var/www/html/technotrends/vendor/magento/framework/App/Utility/AggregateInvoker.php:56
/var/www/html/technotrends/dev/tests/static/testsuite/Magento/Test/Php/XssPhtmlTemplateTest.php:49

Data set: app/design/frontend/Snowdog/alpaca/Snowdog_SolrNavigation/templates/filters/list.phtml
Potentially XSS vulnerability. Please verify that output is escaped at lines 5,7,13,21,25,28
Failed asserting that a string is empty.
/var/www/html/technotrends/dev/tests/static/testsuite/Magento/Test/Php/XssPhtmlTemplateTest.php:46
/var/www/html/technotrends/vendor/magento/framework/App/Utility/AggregateInvoker.php:56
/var/www/html/technotrends/dev/tests/static/testsuite/Magento/Test/Php/XssPhtmlTemplateTest.php:49

Data set: app/design/frontend/Snowdog/alpaca/Snowdog_SolrNavigation/templates/filters/range.phtml
Potentially XSS vulnerability. Please verify that output is escaped at lines 7,9,10,13,14,18,22,28
Failed asserting that a string is empty.
/var/www/html/technotrends/dev/tests/static/testsuite/Magento/Test/Php/XssPhtmlTemplateTest.php:46
/var/www/html/technotrends/vendor/magento/framework/App/Utility/AggregateInvoker.php:56
/var/www/html/technotrends/dev/tests/static/testsuite/Magento/Test/Php/XssPhtmlTemplateTest.php:49

Data set: app/design/frontend/Snowdog/alpaca/Snowdog_SolrNavigation/templates/filters/visual_swatch.phtml
Potentially XSS vulnerability. Please verify that output is escaped at lines 5,7,13,21,22,26,29
Failed asserting that a string is empty.
/var/www/html/technotrends/dev/tests/static/testsuite/Magento/Test/Php/XssPhtmlTemplateTest.php:46
/var/www/html/technotrends/vendor/magento/framework/App/Utility/AggregateInvoker.php:56
/var/www/html/technotrends/dev/tests/static/testsuite/Magento/Test/Php/XssPhtmlTemplateTest.php:49

Data set: app/design/frontend/Snowdog/alpaca/Snowdog_SolrNavigation/templates/navigation/categories.phtml
Potentially XSS vulnerability. Please verify that output is escaped at lines 20,23,36,37,39,47,48,50,58,59,61
Failed asserting that a string is empty.
/var/www/html/technotrends/dev/tests/static/testsuite/Magento/Test/Php/XssPhtmlTemplateTest.php:46
/var/www/html/technotrends/vendor/magento/framework/App/Utility/AggregateInvoker.php:56
/var/www/html/technotrends/dev/tests/static/testsuite/Magento/Test/Php/XssPhtmlTemplateTest.php:49

Data set: app/design/frontend/Snowdog/alpaca/Snowdog_SolrNavigation/templates/navigation/list.phtml
Potentially XSS vulnerability. Please verify that output is escaped at lines 17,20,32,38,41,44
Failed asserting that a string is empty.
/var/www/html/technotrends/dev/tests/static/testsuite/Magento/Test/Php/XssPhtmlTemplateTest.php:46
/var/www/html/technotrends/vendor/magento/framework/App/Utility/AggregateInvoker.php:56
/var/www/html/technotrends/dev/tests/static/testsuite/Magento/Test/Php/XssPhtmlTemplateTest.php:49

Data set: app/design/frontend/Snowdog/alpaca/Snowdog_SolrNavigation/templates/navigation/range.phtml
Potentially XSS vulnerability. Please verify that output is escaped at lines 18,21,33,34,41,43,47,50,51,61,63,71,74,75,85,86,87,88,89,90,93
Failed asserting that a string is empty.
/var/www/html/technotrends/dev/tests/static/testsuite/Magento/Test/Php/XssPhtmlTemplateTest.php:46
/var/www/html/technotrends/vendor/magento/framework/App/Utility/AggregateInvoker.php:56
/var/www/html/technotrends/dev/tests/static/testsuite/Magento/Test/Php/XssPhtmlTemplateTest.php:49

Data set: app/design/frontend/Snowdog/alpaca/Snowdog_SolrNavigation/templates/navigation/visual_swatch.phtml
Potentially XSS vulnerability. Please verify that output is escaped at lines 20,23,35,40,44,47,63,66,78,83,85
Failed asserting that a string is empty.
/var/www/html/technotrends/dev/tests/static/testsuite/Magento/Test/Php/XssPhtmlTemplateTest.php:46
/var/www/html/technotrends/vendor/magento/framework/App/Utility/AggregateInvoker.php:56
/var/www/html/technotrends/dev/tests/static/testsuite/Magento/Test/Php/XssPhtmlTemplateTest.php:49

Data set: app/design/frontend/Snowdog/alpaca/Snowdog_SolrNavigation/templates/product/toolbar.phtml
Potentially XSS vulnerability. Please verify that output is escaped at lines 8,11,20,27,29
Failed asserting that a string is empty.
/var/www/html/technotrends/dev/tests/static/testsuite/Magento/Test/Php/XssPhtmlTemplateTest.php:46
/var/www/html/technotrends/vendor/magento/framework/App/Utility/AggregateInvoker.php:56
/var/www/html/technotrends/dev/tests/static/testsuite/Magento/Test/Php/XssPhtmlTemplateTest.php:49

Data set: app/design/frontend/Snowdog/alpaca/Snowdog_SolrNavigation/templates/product/list/toolbar/view-switcher.phtml
Potentially XSS vulnerability. Please verify that output is escaped at lines 12,13,14,16,27
Failed asserting that a string is empty.
/var/www/html/technotrends/dev/tests/static/testsuite/Magento/Test/Php/XssPhtmlTemplateTest.php:46
/var/www/html/technotrends/vendor/magento/framework/App/Utility/AggregateInvoker.php:56
/var/www/html/technotrends/dev/tests/static/testsuite/Magento/Test/Php/XssPhtmlTemplateTest.php:49

Data set: app/design/frontend/Snowdog/alpaca/Snowdog_SolrNavigation/templates/product/list/toolbar/limiter.phtml
Potentially XSS vulnerability. Please verify that output is escaped at lines 7,18,21
Failed asserting that a string is empty.
/var/www/html/technotrends/dev/tests/static/testsuite/Magento/Test/Php/XssPhtmlTemplateTest.php:46
/var/www/html/technotrends/vendor/magento/framework/App/Utility/AggregateInvoker.php:56
/var/www/html/technotrends/dev/tests/static/testsuite/Magento/Test/Php/XssPhtmlTemplateTest.php:49

Data set: app/design/frontend/Snowdog/alpaca/Snowdog_SolrNavigation/templates/product/list/toolbar/pager.phtml
Potentially XSS vulnerability. Please verify that output is escaped at lines 11,13,16,20,27,34,35,37,40,48,50,53,57
Failed asserting that a string is empty.
/var/www/html/technotrends/dev/tests/static/testsuite/Magento/Test/Php/XssPhtmlTemplateTest.php:46
/var/www/html/technotrends/vendor/magento/framework/App/Utility/AggregateInvoker.php:56
/var/www/html/technotrends/dev/tests/static/testsuite/Magento/Test/Php/XssPhtmlTemplateTest.php:49

Data set: app/design/frontend/Snowdog/alpaca/Snowdog_SolrNavigation/templates/product/list/toolbar/sorter.phtml
Potentially XSS vulnerability. Please verify that output is escaped at lines 4,16,19,22,29,31
Failed asserting that a string is empty.
/var/www/html/technotrends/dev/tests/static/testsuite/Magento/Test/Php/XssPhtmlTemplateTest.php:46
/var/www/html/technotrends/vendor/magento/framework/App/Utility/AggregateInvoker.php:56
/var/www/html/technotrends/dev/tests/static/testsuite/Magento/Test/Php/XssPhtmlTemplateTest.php:49

Data set: app/design/frontend/Snowdog/alpaca/Magento_Downloadable/templates/sales/order/items/renderer/downloadable.phtml
Potentially XSS vulnerability. Please verify that output is escaped at lines 3,18,24,42,65,76,78,84,86,92,94,100,102
Failed asserting that a string is empty.
/var/www/html/technotrends/dev/tests/static/testsuite/Magento/Test/Php/XssPhtmlTemplateTest.php:46
/var/www/html/technotrends/vendor/magento/framework/App/Utility/AggregateInvoker.php:56
/var/www/html/technotrends/dev/tests/static/testsuite/Magento/Test/Php/XssPhtmlTemplateTest.php:49

Data set: app/design/frontend/Snowdog/alpaca/Magento_Downloadable/templates/customer/products/list.phtml
Potentially XSS vulnerability. Please verify that output is escaped at lines 6,18,22,26,30,34,47,50,55,70,73,81,87,102,111
Failed asserting that a string is empty.
/var/www/html/technotrends/dev/tests/static/testsuite/Magento/Test/Php/XssPhtmlTemplateTest.php:46
/var/www/html/technotrends/vendor/magento/framework/App/Utility/AggregateInvoker.php:56
/var/www/html/technotrends/dev/tests/static/testsuite/Magento/Test/Php/XssPhtmlTemplateTest.php:49

Data set: app/design/frontend/Snowdog/alpaca/Magento_Downloadable/templates/catalog/product/type.phtml
Potentially XSS vulnerability. Please verify that output is escaped at lines 12,14,19,21
Failed asserting that a string is empty.
/var/www/html/technotrends/dev/tests/static/testsuite/Magento/Test/Php/XssPhtmlTemplateTest.php:46
/var/www/html/technotrends/vendor/magento/framework/App/Utility/AggregateInvoker.php:56
/var/www/html/technotrends/dev/tests/static/testsuite/Magento/Test/Php/XssPhtmlTemplateTest.php:49

Data set: app/design/frontend/Snowdog/alpaca/Magento_Downloadable/templates/catalog/product/links.phtml
Potentially XSS vulnerability. Please verify that output is escaped at lines 18,28,45,46,47,51,54,60,63,68,79,82,94,95,100,104
Failed asserting that a string is empty.
/var/www/html/technotrends/dev/tests/static/testsuite/Magento/Test/Php/XssPhtmlTemplateTest.php:46
/var/www/html/technotrends/vendor/magento/framework/App/Utility/AggregateInvoker.php:56
/var/www/html/technotrends/dev/tests/static/testsuite/Magento/Test/Php/XssPhtmlTemplateTest.php:49

Data set: app/design/frontend/Snowdog/alpaca/Magento_Downloadable/templates/catalog/product/samples.phtml
Potentially XSS vulnerability. Please verify that output is escaped at lines 12,20
Failed asserting that a string is empty.
/var/www/html/technotrends/dev/tests/static/testsuite/Magento/Test/Php/XssPhtmlTemplateTest.php:46
/var/www/html/technotrends/vendor/magento/framework/App/Utility/AggregateInvoker.php:56
/var/www/html/technotrends/dev/tests/static/testsuite/Magento/Test/Php/XssPhtmlTemplateTest.php:49

Data set: app/design/frontend/Snowdog/alpaca/Magento_Review/templates/helper/summary.phtml
Potentially XSS vulnerability. Please verify that output is escaped at lines 14,15,21,28,30,32,34,37,40,41,45,51,52,55
Failed asserting that a string is empty.
/var/www/html/technotrends/dev/tests/static/testsuite/Magento/Test/Php/XssPhtmlTemplateTest.php:46
/var/www/html/technotrends/vendor/magento/framework/App/Utility/AggregateInvoker.php:56
/var/www/html/technotrends/dev/tests/static/testsuite/Magento/Test/Php/XssPhtmlTemplateTest.php:49

Data set: app/design/frontend/Snowdog/alpaca/Magento_Review/templates/helper/summary_short.phtml
Potentially XSS vulnerability. Please verify that output is escaped at lines 9,10,11,18,19
Failed asserting that a string is empty.
/var/www/html/technotrends/dev/tests/static/testsuite/Magento/Test/Php/XssPhtmlTemplateTest.php:46
/var/www/html/technotrends/vendor/magento/framework/App/Utility/AggregateInvoker.php:56
/var/www/html/technotrends/dev/tests/static/testsuite/Magento/Test/Php/XssPhtmlTemplateTest.php:49

Data set: app/design/frontend/Snowdog/alpaca/Magento_Review/templates/customer/recent.phtml
Potentially XSS vulnerability. Please verify that output is escaped at lines 9,13,15,23,32,35,36,38
Failed asserting that a string is empty.
/var/www/html/technotrends/dev/tests/static/testsuite/Magento/Test/Php/XssPhtmlTemplateTest.php:46
/var/www/html/technotrends/vendor/magento/framework/App/Utility/AggregateInvoker.php:56
/var/www/html/technotrends/dev/tests/static/testsuite/Magento/Test/Php/XssPhtmlTemplateTest.php:49

Data set: app/design/frontend/Snowdog/alpaca/Magento_Review/templates/customer/view.phtml
Potentially XSS vulnerability. Please verify that output is escaped at lines 6,11,12
Failed asserting that a string is empty.
/var/www/html/technotrends/dev/tests/static/testsuite/Magento/Test/Php/XssPhtmlTemplateTest.php:46
/var/www/html/technotrends/vendor/magento/framework/App/Utility/AggregateInvoker.php:56
/var/www/html/technotrends/dev/tests/static/testsuite/Magento/Test/Php/XssPhtmlTemplateTest.php:49

Data set: app/design/frontend/Snowdog/alpaca/Magento_Review/templates/customer/list.phtml
Potentially XSS vulnerability. Please verify that output is escaped at lines 5,14,18,22,26,48,55,72,82,88,89,104,113
Failed asserting that a string is empty.
/var/www/html/technotrends/dev/tests/static/testsuite/Magento/Test/Php/XssPhtmlTemplateTest.php:46
/var/www/html/technotrends/vendor/magento/framework/App/Utility/AggregateInvoker.php:56
/var/www/html/technotrends/dev/tests/static/testsuite/Magento/Test/Php/XssPhtmlTemplateTest.php:49

Data set: app/design/frontend/Snowdog/alpaca/Magento_Review/templates/product/view/list.phtml
Potentially XSS vulnerability. Please verify that output is escaped at lines 17,54,63
Failed asserting that a string is empty.
/var/www/html/technotrends/dev/tests/static/testsuite/Magento/Test/Php/XssPhtmlTemplateTest.php:46
/var/www/html/technotrends/vendor/magento/framework/App/Utility/AggregateInvoker.php:56
/var/www/html/technotrends/dev/tests/static/testsuite/Magento/Test/Php/XssPhtmlTemplateTest.php:49

Data set: app/design/frontend/Snowdog/alpaca/Magento_CatalogSearch/templates/advanced/link.phtml
Potentially XSS vulnerability. Please verify that output is escaped at lines 9,12
Failed asserting that a string is empty.
/var/www/html/technotrends/dev/tests/static/testsuite/Magento/Test/Php/XssPhtmlTemplateTest.php:46
/var/www/html/technotrends/vendor/magento/framework/App/Utility/AggregateInvoker.php:56
/var/www/html/technotrends/dev/tests/static/testsuite/Magento/Test/Php/XssPhtmlTemplateTest.php:49

Data set: app/design/frontend/Snowdog/alpaca/Magento_CustomerBalance/templates/account/history.phtml
Potentially XSS vulnerability. Please verify that output is escaped at lines 10,22,26,30,34,51,55,59,63
Failed asserting that a string is empty.
/var/www/html/technotrends/dev/tests/static/testsuite/Magento/Test/Php/XssPhtmlTemplateTest.php:46
/var/www/html/technotrends/vendor/magento/framework/App/Utility/AggregateInvoker.php:56
/var/www/html/technotrends/dev/tests/static/testsuite/Magento/Test/Php/XssPhtmlTemplateTest.php:49

Data set: app/design/frontend/Snowdog/alpaca/Magento_CustomerBalance/templates/account/balance.phtml
Potentially XSS vulnerability. Please verify that output is escaped at lines 3,8
Failed asserting that a string is empty.
/var/www/html/technotrends/dev/tests/static/testsuite/Magento/Test/Php/XssPhtmlTemplateTest.php:46
/var/www/html/technotrends/vendor/magento/framework/App/Utility/AggregateInvoker.php:56
/var/www/html/technotrends/dev/tests/static/testsuite/Magento/Test/Php/XssPhtmlTemplateTest.php:49
</message>
        <stack-trace>#0 /var/www/html/technotrends/vendor/magento/framework/App/Utility/AggregateInvoker.php(115): PHPUnit\Framework\Assert::fail('Passed: 1179, F...')
#1 /var/www/html/technotrends/vendor/magento/framework/App/Utility/AggregateInvoker.php(70): Magento\Framework\App\Utility\AggregateInvoker-&gt;processResults(Array, 1179)
#2 /var/www/html/technotrends/dev/tests/static/testsuite/Magento/Test/Php/XssPhtmlTemplateTest.php(49): Magento\Framework\App\Utility\AggregateInvoker-&gt;__invoke(Object(Closure), Array)
#3 [internal function]: Magento\Test\Php\XssPhtmlTemplateTest-&gt;testXssSensitiveOutput()
#4 /var/www/html/technotrends/vendor/phpunit/phpunit/src/Framework/TestCase.php(1071): ReflectionMethod-&gt;invokeArgs(Object(Magento\Test\Php\XssPhtmlTemplateTest), Array)
#5 /var/www/html/technotrends/vendor/phpunit/phpunit/src/Framework/TestCase.php(939): PHPUnit\Framework\TestCase-&gt;runTest()
#6 /var/www/html/technotrends/vendor/phpunit/phpunit/src/Framework/TestResult.php(698): PHPUnit\Framework\TestCase-&gt;runBare()
#7 /var/www/html/technotrends/vendor/phpunit/phpunit/src/Framework/TestCase.php(894): PHPUnit\Framework\TestResult-&gt;run(Object(Magento\Test\Php\XssPhtmlTemplateTest))
#8 /var/www/html/technotrends/vendor/phpunit/phpunit/src/Framework/TestSuite.php(755): PHPUnit\Framework\TestCase-&gt;run(Object(PHPUnit\Framework\TestResult))
#9 /var/www/html/technotrends/vendor/phpunit/phpunit/src/Framework/TestSuite.php(755): PHPUnit\Framework\TestSuite-&gt;run(Object(PHPUnit\Framework\TestResult))
#10 /var/www/html/technotrends/vendor/phpunit/phpunit/src/Framework/TestSuite.php(755): PHPUnit\Framework\TestSuite-&gt;run(Object(PHPUnit\Framework\TestResult))
#11 /var/www/html/technotrends/vendor/phpunit/phpunit/src/TextUI/TestRunner.php(545): PHPUnit\Framework\TestSuite-&gt;run(Object(PHPUnit\Framework\TestResult))
#12 /var/www/html/technotrends/vendor/phpunit/phpunit/src/TextUI/Command.php(195): PHPUnit\TextUI\TestRunner-&gt;doRun(Object(PHPUnit\Framework\TestSuite), Array, true)
#13 /var/www/html/technotrends/vendor/phpunit/phpunit/src/TextUI/Command.php(148): PHPUnit\TextUI\Command-&gt;run(Array, true)
#14 /var/www/html/technotrends/vendor/phpunit/phpunit/phpunit(53): PHPUnit\TextUI\Command::main()
#15 {main}</stack-trace>
      </failure>
    </test-case>
    <test-case start="1560853736382" stop="1560853736573" status="failed">
      <name>testAbsenceOfEscapeNotVerifiedAnnotationInRefinedModules</name>
      <failure>
        <message>@escapeNotVerified annotation detected.
Please use the correct escape strategy and remove annotation at:
/var/www/html/technotrends/vendor/msp/recaptcha/view/frontend/templates/msp_recaptcha.phtml:30
/var/www/html/technotrends/vendor/msp/twofactorauth/view/adminhtml/templates/msp_twofactorauth/change_provider.phtml:28
/var/www/html/technotrends/vendor/msp/twofactorauth/view/adminhtml/templates/msp_twofactorauth/provider/configure.phtml:28
/var/www/html/technotrends/vendor/msp/twofactorauth/view/adminhtml/templates/msp_twofactorauth/provider/auth.phtml:30
/var/www/html/technotrends/app/code/Magestudy/Customjs/view/frontend/templates/testlayout.phtml:5
/var/www/html/technotrends/app/code/Snowdog/Menu/view/frontend/templates/menu/node_type/cms_block.phtml:2

Failed asserting that a string is empty.</message>
        <stack-trace>#0 /var/www/html/technotrends/vendor/phpunit/phpunit/src/Framework/Constraint/Constraint.php(62): PHPUnit\Framework\Constraint\Constraint-&gt;fail('/var/www/html/t...', '@escapeNotVerif...')
#1 /var/www/html/technotrends/vendor/phpunit/phpunit/src/Framework/Assert.php(2116): PHPUnit\Framework\Constraint\Constraint-&gt;evaluate('/var/www/html/t...', '@escapeNotVerif...')
#2 /var/www/html/technotrends/vendor/phpunit/phpunit/src/Framework/Assert.php(630): PHPUnit\Framework\Assert::assertThat('/var/www/html/t...', Object(PHPUnit\Framework\Constraint\IsEmpty), '@escapeNotVerif...')
#3 /var/www/html/technotrends/dev/tests/static/testsuite/Magento/Test/Php/XssPhtmlTemplateTest.php(86): PHPUnit\Framework\Assert::assertEmpty('/var/www/html/t...', '@escapeNotVerif...')
#4 [internal function]: Magento\Test\Php\XssPhtmlTemplateTest-&gt;testAbsenceOfEscapeNotVerifiedAnnotationInRefinedModules()
#5 /var/www/html/technotrends/vendor/phpunit/phpunit/src/Framework/TestCase.php(1071): ReflectionMethod-&gt;invokeArgs(Object(Magento\Test\Php\XssPhtmlTemplateTest), Array)
#6 /var/www/html/technotrends/vendor/phpunit/phpunit/src/Framework/TestCase.php(939): PHPUnit\Framework\TestCase-&gt;runTest()
#7 /var/www/html/technotrends/vendor/phpunit/phpunit/src/Framework/TestResult.php(698): PHPUnit\Framework\TestCase-&gt;runBare()
#8 /var/www/html/technotrends/vendor/phpunit/phpunit/src/Framework/TestCase.php(894): PHPUnit\Framework\TestResult-&gt;run(Object(Magento\Test\Php\XssPhtmlTemplateTest))
#9 /var/www/html/technotrends/vendor/phpunit/phpunit/src/Framework/TestSuite.php(755): PHPUnit\Framework\TestCase-&gt;run(Object(PHPUnit\Framework\TestResult))
#10 /var/www/html/technotrends/vendor/phpunit/phpunit/src/Framework/TestSuite.php(755): PHPUnit\Framework\TestSuite-&gt;run(Object(PHPUnit\Framework\TestResult))
#11 /var/www/html/technotrends/vendor/phpunit/phpunit/src/Framework/TestSuite.php(755): PHPUnit\Framework\TestSuite-&gt;run(Object(PHPUnit\Framework\TestResult))
#12 /var/www/html/technotrends/vendor/phpunit/phpunit/src/TextUI/TestRunner.php(545): PHPUnit\Framework\TestSuite-&gt;run(Object(PHPUnit\Framework\TestResult))
#13 /var/www/html/technotrends/vendor/phpunit/phpunit/src/TextUI/Command.php(195): PHPUnit\TextUI\TestRunner-&gt;doRun(Object(PHPUnit\Framework\TestSuite), Array, true)
#14 /var/www/html/technotrends/vendor/phpunit/phpunit/src/TextUI/Command.php(148): PHPUnit\TextUI\Command-&gt;run(Array, true)
#15 /var/www/html/technotrends/vendor/phpunit/phpunit/phpunit(53): PHPUnit\TextUI\Command::main()
#16 {main}</stack-trace>
      </failure>
    </test-case>
  </test-cases>
</alr:test-suite>
